<?xml version="1.0" encoding="UTF-8"?>
<testsuite xmlns:xsi="http://www.w3.org/2001/XMLSchema-instance" xsi:noNamespaceSchemaLocation="https://maven.apache.org/surefire/maven-surefire-plugin/xsd/surefire-test-report-3.0.xsd" version="3.0" name="TestSuite" time="354.157" tests="42" errors="0" skipped="0" failures="1">
  <properties>
[...]
</properties>
  <testcase name="testClickCignaInternational" classname="CignaTest.CignaTests" time="4.367"/>
  <testcase name="testClickContactUs" classname="CignaTest.CignaTests" time="2.008"/>
  <testcase name="testClickEspanol" classname="CignaTest.CignaTests" time="1.05"/>
  <testcase name="testClickPrivacy" classname="CignaTest.CignaTests" time="2.746"/>
  <testcase name="testFindDoctor" classname="CignaTest.CignaTests" time="1.563"/>
  <testcase name="testSearchBar" classname="CignaTest.CignaTests" time="1.345"/>
  <testcase name="testSignIn" classname="CignaTest.CignaTests" time="0.236"/>
  <testcase name="testClickInternationalInsurance" classname="CignaTest.CignaTests2" time="4.313"/>
  <testcase name="testDentalPlanButton" classname="CignaTest.CignaTests2" time="3.558">
    <failure message="did not expect to find [true] but found [false]" type="java.lang.AssertionError">java.lang.AssertionError: did not expect to find [true] but found [false]
	at CignaTest.CignaTests2.testDentalPlanButton(CignaTests2.java:28)
</failure>
    <system-err><![CDATA[Starting ChromeDriver 76.0.3809.126 (d80a294506b4c9d18015e755cee48f953ddc3f2f-refs/branch-heads/3809@{#1024}) on port 27974
Only local connections are allowed.
Please protect ports used by ChromeDriver and related test frameworks to prevent access by malicious code.
[1569689529.799][WARNING]: This version of ChromeDriver has not been tested with Chrome version 77.
Sep 28, 2019 12:52:09 PM org.openqa.selenium.remote.ProtocolHandshake createSession
INFO: Detected dialect: W3C
]]></system-err>
  </testcase>
  <testcase name="testFindingButton" classname="CignaTest.CignaTests2" time="3.253"/>
  <testcase name="testIndividualsAndFamilyButton" classname="CignaTest.CignaTests2" time="1.73"/>
  <testcase name="testMemberSources" classname="CignaTest.CignaTests2" time="2.117"/>
  <testcase name="testOtherSuplementalInsurance" classname="CignaTest.CignaTests2" time="3.252"/>
  <testcase name="testPlansAndServices" classname="CignaTest.CignaTests2" time="1.703"/>
  <testcase name="testBuyingInsuranceButton" classname="CignaTest.CignaTests3" time="2.986"/>
  <testcase name="testClickHealthcareReform" classname="CignaTest.CignaTests3" time="5.763"/>
  <testcase name="testCommonInsurance" classname="CignaTest.CignaTests3" time="3.213"/>
  <testcase name="testCopayButton" classname="CignaTest.CignaTests3" time="4.126"/>
  <testcase name="testHowToShopButton" classname="CignaTest.CignaTests3" time="2.791"/>
  <testcase name="testProviderButton" classname="CignaTest.CignaTests3" time="3.415"/>
  <testcase name="testUnderstandingInsurance" classname="CignaTest.CignaTests3" time="1.911"/>
  <testcase name="testCignaMobileAppButton" classname="CignaTest.CignaTests4" time="3.152"/>
  <testcase name="testClaimsButton" classname="CignaTest.CignaTests4" time="3.595"/>
  <testcase name="testClickHsaButton" classname="CignaTest.CignaTests4" time="3.162"/>
  <testcase name="testCustomerServicesButton" classname="CignaTest.CignaTests4" time="3.313"/>
  <testcase name="testPrescriptionButton" classname="CignaTest.CignaTests4" time="2.366"/>
  <testcase name="testProgramsButton" classname="CignaTest.CignaTests4" time="2.92"/>
  <testcase name="testRequestIdCard" classname="CignaTest.CignaTests4" time="3.3"/>
  <testcase name="testAutismButton" classname="CignaTest.CignaTests5" time="3.471"/>
  <testcase name="testDentalPlanButton" classname="CignaTest.CignaTests5" time="3.748"/>
  <testcase name="testDisasterResourcesButton" classname="CignaTest.CignaTests5" time="2.818"/>
  <testcase name="testEatingDisordersButon" classname="CignaTest.CignaTests5" time="20.391"/>
  <testcase name="testEatingWellButton" classname="CignaTest.CignaTests5" time="2.696"/>
  <testcase name="testExercisesButton" classname="CignaTest.CignaTests5" time="3.239"/>
  <testcase name="testHealthAndWellnessButton" classname="CignaTest.CignaTests5" time="1.738"/>
  <testcase name="testClickFamilyButton" classname="CignaTest.CignaTests6" time="3.387"/>
  <testcase name="testClickHealthyAging" classname="CignaTest.CignaTests6" time="2.953"/>
  <testcase name="testClickLgbtButton" classname="CignaTest.CignaTests6" time="3.395"/>
  <testcase name="testClickMentalHealth" classname="CignaTest.CignaTests6" time="3.678"/>
  <testcase name="testClickMilitaryButton" classname="CignaTest.CignaTests6" time="3.311"/>
  <testcase name="testClickSubstanceButton" classname="CignaTest.CignaTests6" time="3.287"/>
  <testcase name="testClickSuicideButton" classname="CignaTest.CignaTests6" time="3.468"/>
</testsuite>