-------------------------------------------------------------------------------
Test set: TestSuite
-------------------------------------------------------------------------------
Tests run: 42, Failures: 1, Errors: 0, Skipped: 0, Time elapsed: 354.157 s <<< FAILURE! - in TestSuite
testDentalPlanButton(CignaTest.CignaTests2)  Time elapsed: 3.558 s  <<< FAILURE!
java.lang.AssertionError: did not expect to find [true] but found [false]
	at CignaTest.CignaTests2.testDentalPlanButton(CignaTests2.java:28)

