<?xml version="1.0" encoding="UTF-8"?>
<testng-results ignored="5" total="47" passed="41" failed="1" skipped="0">
  <reporter-output>
  </reporter-output>
  <suite started-at="2019-09-28T12:51:10 EDT" name="Cigna Automation" finished-at="2019-09-28T12:57:03 EDT" duration-ms="353539">
    <groups>
    </groups>
    <test started-at="2019-09-28T12:51:10 EDT" name="Cigna" finished-at="2019-09-28T12:57:03 EDT" duration-ms="353539">
      <class name="CignaTest.CignaTests2">
        <test-method is-config="true" signature="setUp(boolean, java.lang.String, java.lang.String, java.lang.String, java.lang.String, java.lang.String, java.lang.String)[pri:0, instance:CignaTest.CignaTests2@2cd76f31]" started-at="2019-09-28T12:51:59 EDT" name="setUp" finished-at="2019-09-28T12:52:04 EDT" duration-ms="4543" status="PASS">
          <params>
            <param index="0">
              <value>
                <![CDATA[false]]>
              </value>
            </param>
            <param index="1">
              <value>
                <![CDATA[browserstack]]>
              </value>
            </param>
            <param index="2">
              <value>
                <![CDATA[OS X]]>
              </value>
            </param>
            <param index="3">
              <value>
                <![CDATA[Sierra]]>
              </value>
            </param>
            <param index="4">
              <value>
                <![CDATA[chrome]]>
              </value>
            </param>
            <param index="5">
              <value>
                <![CDATA[60.0]]>
              </value>
            </param>
            <param index="6">
              <value>
                <![CDATA[https://www.cigna.com/]]>
              </value>
            </param>
          </params>
          <reporter-output>
          </reporter-output>
        </test-method> <!-- setUp -->
        <test-method is-config="true" signature="startExtent(java.lang.reflect.Method)[pri:0, instance:CignaTest.CignaTests2@2cd76f31]" started-at="2019-09-28T12:52:04 EDT" name="startExtent" finished-at="2019-09-28T12:52:04 EDT" duration-ms="0" status="PASS">
          <params>
            <param index="0">
              <value>
                <![CDATA[public void CignaTest.CignaTests2.testClickInternationalInsurance()]]>
              </value>
            </param>
          </params>
          <reporter-output>
          </reporter-output>
        </test-method> <!-- startExtent -->
        <test-method is-config="true" signature="initElements()[pri:0, instance:CignaTest.CignaTests2@2cd76f31]" started-at="2019-09-28T12:52:04 EDT" name="initElements" finished-at="2019-09-28T12:52:04 EDT" duration-ms="1" status="PASS">
          <reporter-output>
          </reporter-output>
        </test-method> <!-- initElements -->
        <test-method signature="testClickInternationalInsurance()[pri:0, instance:CignaTest.CignaTests2@2cd76f31]" started-at="2019-09-28T12:52:04 EDT" name="testClickInternationalInsurance" finished-at="2019-09-28T12:52:08 EDT" duration-ms="4313" status="PASS">
          <reporter-output>
          </reporter-output>
        </test-method> <!-- testClickInternationalInsurance -->
        <test-method is-config="true" signature="afterEachTestMethod()[pri:0, instance:CignaTest.CignaTests2@2cd76f31]" started-at="2019-09-28T12:52:08 EDT" name="afterEachTestMethod" finished-at="2019-09-28T12:52:08 EDT" duration-ms="119" status="PASS">
          <reporter-output>
          </reporter-output>
        </test-method> <!-- afterEachTestMethod -->
        <test-method is-config="true" signature="setUp(boolean, java.lang.String, java.lang.String, java.lang.String, java.lang.String, java.lang.String, java.lang.String)[pri:0, instance:CignaTest.CignaTests2@2cd76f31]" started-at="2019-09-28T12:52:08 EDT" name="setUp" finished-at="2019-09-28T12:52:13 EDT" duration-ms="4994" status="PASS">
          <params>
            <param index="0">
              <value>
                <![CDATA[false]]>
              </value>
            </param>
            <param index="1">
              <value>
                <![CDATA[browserstack]]>
              </value>
            </param>
            <param index="2">
              <value>
                <![CDATA[OS X]]>
              </value>
            </param>
            <param index="3">
              <value>
                <![CDATA[Sierra]]>
              </value>
            </param>
            <param index="4">
              <value>
                <![CDATA[chrome]]>
              </value>
            </param>
            <param index="5">
              <value>
                <![CDATA[60.0]]>
              </value>
            </param>
            <param index="6">
              <value>
                <![CDATA[https://www.cigna.com/]]>
              </value>
            </param>
          </params>
          <reporter-output>
          </reporter-output>
        </test-method> <!-- setUp -->
        <test-method is-config="true" signature="cleanUP()[pri:0, instance:CignaTest.CignaTests2@2cd76f31]" started-at="2019-09-28T12:52:08 EDT" name="cleanUP" finished-at="2019-09-28T12:52:08 EDT" duration-ms="0" status="PASS">
          <reporter-output>
          </reporter-output>
        </test-method> <!-- cleanUP -->
        <test-method is-config="true" signature="startExtent(java.lang.reflect.Method)[pri:0, instance:CignaTest.CignaTests2@2cd76f31]" started-at="2019-09-28T12:52:13 EDT" name="startExtent" finished-at="2019-09-28T12:52:13 EDT" duration-ms="1" status="PASS">
          <params>
            <param index="0">
              <value>
                <![CDATA[public void CignaTest.CignaTests2.testDentalPlanButton()]]>
              </value>
            </param>
          </params>
          <reporter-output>
          </reporter-output>
        </test-method> <!-- startExtent -->
        <test-method is-config="true" signature="initElements()[pri:0, instance:CignaTest.CignaTests2@2cd76f31]" started-at="2019-09-28T12:52:13 EDT" name="initElements" finished-at="2019-09-28T12:52:13 EDT" duration-ms="2" status="PASS">
          <reporter-output>
          </reporter-output>
        </test-method> <!-- initElements -->
        <test-method signature="testDentalPlanButton()[pri:0, instance:CignaTest.CignaTests2@2cd76f31]" started-at="2019-09-28T12:52:13 EDT" name="testDentalPlanButton" finished-at="2019-09-28T12:52:17 EDT" duration-ms="3554" status="FAIL">
          <exception class="java.lang.AssertionError">
            <message>
              <![CDATA[did not expect to find [true] but found [false]]]>
            </message>
            <full-stacktrace>
              <![CDATA[java.lang.AssertionError: did not expect to find [true] but found [false]
at org.testng.Assert.fail(Assert.java:97)
at org.testng.Assert.failNotEquals(Assert.java:969)
at org.testng.Assert.assertTrue(Assert.java:43)
at org.testng.Assert.assertTrue(Assert.java:53)
at CignaMain.CignaMainTestCases.clickDentalPLan(CignaMainTestCases.java:148)
at CignaTest.CignaTests2.testDentalPlanButton(CignaTests2.java:28)
at java.base/jdk.internal.reflect.NativeMethodAccessorImpl.invoke0(Native Method)
at java.base/jdk.internal.reflect.NativeMethodAccessorImpl.invoke(NativeMethodAccessorImpl.java:62)
at java.base/jdk.internal.reflect.DelegatingMethodAccessorImpl.invoke(DelegatingMethodAccessorImpl.java:43)
at java.base/java.lang.reflect.Method.invoke(Method.java:566)
at org.testng.internal.MethodInvocationHelper.invokeMethod(MethodInvocationHelper.java:133)
at org.testng.internal.TestInvoker.invokeMethod(TestInvoker.java:584)
at org.testng.internal.TestInvoker.invokeTestMethod(TestInvoker.java:172)
at org.testng.internal.MethodRunner.runInSequence(MethodRunner.java:46)
at org.testng.internal.TestInvoker$MethodInvocationAgent.invoke(TestInvoker.java:804)
at org.testng.internal.TestInvoker.invokeTestMethods(TestInvoker.java:145)
at org.testng.internal.TestMethodWorker.invokeTestMethods(TestMethodWorker.java:146)
at org.testng.internal.TestMethodWorker.run(TestMethodWorker.java:128)
at java.base/java.util.ArrayList.forEach(ArrayList.java:1540)
at org.testng.TestRunner.privateRun(TestRunner.java:770)
at org.testng.TestRunner.run(TestRunner.java:591)
at org.testng.SuiteRunner.runTest(SuiteRunner.java:402)
at org.testng.SuiteRunner.runSequentially(SuiteRunner.java:396)
at org.testng.SuiteRunner.privateRun(SuiteRunner.java:355)
at org.testng.SuiteRunner.run(SuiteRunner.java:304)
at org.testng.SuiteRunnerWorker.runSuite(SuiteRunnerWorker.java:53)
at org.testng.SuiteRunnerWorker.run(SuiteRunnerWorker.java:96)
at org.testng.TestNG.runSuitesSequentially(TestNG.java:1180)
at org.testng.TestNG.runSuitesLocally(TestNG.java:1102)
at org.testng.TestNG.runSuites(TestNG.java:1032)
at org.testng.TestNG.run(TestNG.java:1000)
at org.apache.maven.surefire.testng.TestNGExecutor.run(TestNGExecutor.java:283)
at org.apache.maven.surefire.testng.TestNGXmlTestSuite.execute(TestNGXmlTestSuite.java:75)
at org.apache.maven.surefire.testng.TestNGProvider.invoke(TestNGProvider.java:120)
at org.apache.maven.surefire.booter.ForkedBooter.invokeProviderInSameClassLoader(ForkedBooter.java:384)
at org.apache.maven.surefire.booter.ForkedBooter.runSuitesInProcess(ForkedBooter.java:345)
at org.apache.maven.surefire.booter.ForkedBooter.execute(ForkedBooter.java:126)
at org.apache.maven.surefire.booter.ForkedBooter.main(ForkedBooter.java:418)
]]>
            </full-stacktrace>
          </exception> <!-- java.lang.AssertionError -->
          <reporter-output>
          </reporter-output>
        </test-method> <!-- testDentalPlanButton -->
        <test-method is-config="true" signature="afterEachTestMethod()[pri:0, instance:CignaTest.CignaTests2@2cd76f31]" started-at="2019-09-28T12:52:17 EDT" name="afterEachTestMethod" finished-at="2019-09-28T12:52:17 EDT" duration-ms="109" status="PASS">
          <reporter-output>
          </reporter-output>
        </test-method> <!-- afterEachTestMethod -->
        <test-method is-config="true" signature="setUp(boolean, java.lang.String, java.lang.String, java.lang.String, java.lang.String, java.lang.String, java.lang.String)[pri:0, instance:CignaTest.CignaTests2@2cd76f31]" started-at="2019-09-28T12:52:17 EDT" name="setUp" finished-at="2019-09-28T12:52:22 EDT" duration-ms="5433" status="PASS">
          <params>
            <param index="0">
              <value>
                <![CDATA[false]]>
              </value>
            </param>
            <param index="1">
              <value>
                <![CDATA[browserstack]]>
              </value>
            </param>
            <param index="2">
              <value>
                <![CDATA[OS X]]>
              </value>
            </param>
            <param index="3">
              <value>
                <![CDATA[Sierra]]>
              </value>
            </param>
            <param index="4">
              <value>
                <![CDATA[chrome]]>
              </value>
            </param>
            <param index="5">
              <value>
                <![CDATA[60.0]]>
              </value>
            </param>
            <param index="6">
              <value>
                <![CDATA[https://www.cigna.com/]]>
              </value>
            </param>
          </params>
          <reporter-output>
          </reporter-output>
        </test-method> <!-- setUp -->
        <test-method is-config="true" signature="cleanUP()[pri:0, instance:CignaTest.CignaTests2@2cd76f31]" started-at="2019-09-28T12:52:17 EDT" name="cleanUP" finished-at="2019-09-28T12:52:17 EDT" duration-ms="0" status="PASS">
          <reporter-output>
          </reporter-output>
        </test-method> <!-- cleanUP -->
        <test-method is-config="true" signature="startExtent(java.lang.reflect.Method)[pri:0, instance:CignaTest.CignaTests2@2cd76f31]" started-at="2019-09-28T12:52:22 EDT" name="startExtent" finished-at="2019-09-28T12:52:22 EDT" duration-ms="0" status="PASS">
          <params>
            <param index="0">
              <value>
                <![CDATA[public void CignaTest.CignaTests2.testFindingButton()]]>
              </value>
            </param>
          </params>
          <reporter-output>
          </reporter-output>
        </test-method> <!-- startExtent -->
        <test-method is-config="true" signature="initElements()[pri:0, instance:CignaTest.CignaTests2@2cd76f31]" started-at="2019-09-28T12:52:22 EDT" name="initElements" finished-at="2019-09-28T12:52:22 EDT" duration-ms="3" status="PASS">
          <reporter-output>
          </reporter-output>
        </test-method> <!-- initElements -->
        <test-method signature="testFindingButton()[pri:0, instance:CignaTest.CignaTests2@2cd76f31]" started-at="2019-09-28T12:52:22 EDT" name="testFindingButton" finished-at="2019-09-28T12:52:26 EDT" duration-ms="3252" status="PASS">
          <reporter-output>
          </reporter-output>
        </test-method> <!-- testFindingButton -->
        <test-method is-config="true" signature="afterEachTestMethod()[pri:0, instance:CignaTest.CignaTests2@2cd76f31]" started-at="2019-09-28T12:52:26 EDT" name="afterEachTestMethod" finished-at="2019-09-28T12:52:26 EDT" duration-ms="107" status="PASS">
          <reporter-output>
          </reporter-output>
        </test-method> <!-- afterEachTestMethod -->
        <test-method is-config="true" signature="setUp(boolean, java.lang.String, java.lang.String, java.lang.String, java.lang.String, java.lang.String, java.lang.String)[pri:0, instance:CignaTest.CignaTests2@2cd76f31]" started-at="2019-09-28T12:52:26 EDT" name="setUp" finished-at="2019-09-28T12:52:31 EDT" duration-ms="5044" status="PASS">
          <params>
            <param index="0">
              <value>
                <![CDATA[false]]>
              </value>
            </param>
            <param index="1">
              <value>
                <![CDATA[browserstack]]>
              </value>
            </param>
            <param index="2">
              <value>
                <![CDATA[OS X]]>
              </value>
            </param>
            <param index="3">
              <value>
                <![CDATA[Sierra]]>
              </value>
            </param>
            <param index="4">
              <value>
                <![CDATA[chrome]]>
              </value>
            </param>
            <param index="5">
              <value>
                <![CDATA[60.0]]>
              </value>
            </param>
            <param index="6">
              <value>
                <![CDATA[https://www.cigna.com/]]>
              </value>
            </param>
          </params>
          <reporter-output>
          </reporter-output>
        </test-method> <!-- setUp -->
        <test-method is-config="true" signature="cleanUP()[pri:0, instance:CignaTest.CignaTests2@2cd76f31]" started-at="2019-09-28T12:52:26 EDT" name="cleanUP" finished-at="2019-09-28T12:52:26 EDT" duration-ms="0" status="PASS">
          <reporter-output>
          </reporter-output>
        </test-method> <!-- cleanUP -->
        <test-method is-config="true" signature="startExtent(java.lang.reflect.Method)[pri:0, instance:CignaTest.CignaTests2@2cd76f31]" started-at="2019-09-28T12:52:31 EDT" name="startExtent" finished-at="2019-09-28T12:52:31 EDT" duration-ms="1" status="PASS">
          <params>
            <param index="0">
              <value>
                <![CDATA[public void CignaTest.CignaTests2.testIndividualsAndFamilyButton()]]>
              </value>
            </param>
          </params>
          <reporter-output>
          </reporter-output>
        </test-method> <!-- startExtent -->
        <test-method is-config="true" signature="initElements()[pri:0, instance:CignaTest.CignaTests2@2cd76f31]" started-at="2019-09-28T12:52:31 EDT" name="initElements" finished-at="2019-09-28T12:52:31 EDT" duration-ms="2" status="PASS">
          <reporter-output>
          </reporter-output>
        </test-method> <!-- initElements -->
        <test-method signature="testIndividualsAndFamilyButton()[pri:0, instance:CignaTest.CignaTests2@2cd76f31]" started-at="2019-09-28T12:52:31 EDT" name="testIndividualsAndFamilyButton" finished-at="2019-09-28T12:52:33 EDT" duration-ms="1730" status="PASS">
          <reporter-output>
          </reporter-output>
        </test-method> <!-- testIndividualsAndFamilyButton -->
        <test-method is-config="true" signature="afterEachTestMethod()[pri:0, instance:CignaTest.CignaTests2@2cd76f31]" started-at="2019-09-28T12:52:33 EDT" name="afterEachTestMethod" finished-at="2019-09-28T12:52:33 EDT" duration-ms="103" status="PASS">
          <reporter-output>
          </reporter-output>
        </test-method> <!-- afterEachTestMethod -->
        <test-method is-config="true" signature="cleanUP()[pri:0, instance:CignaTest.CignaTests2@2cd76f31]" started-at="2019-09-28T12:52:33 EDT" name="cleanUP" finished-at="2019-09-28T12:52:33 EDT" duration-ms="0" status="PASS">
          <reporter-output>
          </reporter-output>
        </test-method> <!-- cleanUP -->
        <test-method is-config="true" signature="setUp(boolean, java.lang.String, java.lang.String, java.lang.String, java.lang.String, java.lang.String, java.lang.String)[pri:0, instance:CignaTest.CignaTests2@2cd76f31]" started-at="2019-09-28T12:52:33 EDT" name="setUp" finished-at="2019-09-28T12:52:37 EDT" duration-ms="4136" status="PASS">
          <params>
            <param index="0">
              <value>
                <![CDATA[false]]>
              </value>
            </param>
            <param index="1">
              <value>
                <![CDATA[browserstack]]>
              </value>
            </param>
            <param index="2">
              <value>
                <![CDATA[OS X]]>
              </value>
            </param>
            <param index="3">
              <value>
                <![CDATA[Sierra]]>
              </value>
            </param>
            <param index="4">
              <value>
                <![CDATA[chrome]]>
              </value>
            </param>
            <param index="5">
              <value>
                <![CDATA[60.0]]>
              </value>
            </param>
            <param index="6">
              <value>
                <![CDATA[https://www.cigna.com/]]>
              </value>
            </param>
          </params>
          <reporter-output>
          </reporter-output>
        </test-method> <!-- setUp -->
        <test-method is-config="true" signature="startExtent(java.lang.reflect.Method)[pri:0, instance:CignaTest.CignaTests2@2cd76f31]" started-at="2019-09-28T12:52:37 EDT" name="startExtent" finished-at="2019-09-28T12:52:37 EDT" duration-ms="0" status="PASS">
          <params>
            <param index="0">
              <value>
                <![CDATA[public void CignaTest.CignaTests2.testMemberSources()]]>
              </value>
            </param>
          </params>
          <reporter-output>
          </reporter-output>
        </test-method> <!-- startExtent -->
        <test-method is-config="true" signature="initElements()[pri:0, instance:CignaTest.CignaTests2@2cd76f31]" started-at="2019-09-28T12:52:37 EDT" name="initElements" finished-at="2019-09-28T12:52:37 EDT" duration-ms="2" status="PASS">
          <reporter-output>
          </reporter-output>
        </test-method> <!-- initElements -->
        <test-method signature="testMemberSources()[pri:0, instance:CignaTest.CignaTests2@2cd76f31]" started-at="2019-09-28T12:52:37 EDT" name="testMemberSources" finished-at="2019-09-28T12:52:39 EDT" duration-ms="2118" status="PASS">
          <reporter-output>
          </reporter-output>
        </test-method> <!-- testMemberSources -->
        <test-method is-config="true" signature="afterEachTestMethod()[pri:0, instance:CignaTest.CignaTests2@2cd76f31]" started-at="2019-09-28T12:52:39 EDT" name="afterEachTestMethod" finished-at="2019-09-28T12:52:39 EDT" duration-ms="103" status="PASS">
          <reporter-output>
          </reporter-output>
        </test-method> <!-- afterEachTestMethod -->
        <test-method is-config="true" signature="setUp(boolean, java.lang.String, java.lang.String, java.lang.String, java.lang.String, java.lang.String, java.lang.String)[pri:0, instance:CignaTest.CignaTests2@2cd76f31]" started-at="2019-09-28T12:52:39 EDT" name="setUp" finished-at="2019-09-28T12:52:44 EDT" duration-ms="5076" status="PASS">
          <params>
            <param index="0">
              <value>
                <![CDATA[false]]>
              </value>
            </param>
            <param index="1">
              <value>
                <![CDATA[browserstack]]>
              </value>
            </param>
            <param index="2">
              <value>
                <![CDATA[OS X]]>
              </value>
            </param>
            <param index="3">
              <value>
                <![CDATA[Sierra]]>
              </value>
            </param>
            <param index="4">
              <value>
                <![CDATA[chrome]]>
              </value>
            </param>
            <param index="5">
              <value>
                <![CDATA[60.0]]>
              </value>
            </param>
            <param index="6">
              <value>
                <![CDATA[https://www.cigna.com/]]>
              </value>
            </param>
          </params>
          <reporter-output>
          </reporter-output>
        </test-method> <!-- setUp -->
        <test-method is-config="true" signature="cleanUP()[pri:0, instance:CignaTest.CignaTests2@2cd76f31]" started-at="2019-09-28T12:52:39 EDT" name="cleanUP" finished-at="2019-09-28T12:52:39 EDT" duration-ms="0" status="PASS">
          <reporter-output>
          </reporter-output>
        </test-method> <!-- cleanUP -->
        <test-method is-config="true" signature="initElements()[pri:0, instance:CignaTest.CignaTests2@2cd76f31]" started-at="2019-09-28T12:52:44 EDT" name="initElements" finished-at="2019-09-28T12:52:44 EDT" duration-ms="2" status="PASS">
          <reporter-output>
          </reporter-output>
        </test-method> <!-- initElements -->
        <test-method is-config="true" signature="startExtent(java.lang.reflect.Method)[pri:0, instance:CignaTest.CignaTests2@2cd76f31]" started-at="2019-09-28T12:52:44 EDT" name="startExtent" finished-at="2019-09-28T12:52:44 EDT" duration-ms="0" status="PASS">
          <params>
            <param index="0">
              <value>
                <![CDATA[public void CignaTest.CignaTests2.testOtherSuplementalInsurance()]]>
              </value>
            </param>
          </params>
          <reporter-output>
          </reporter-output>
        </test-method> <!-- startExtent -->
        <test-method signature="testOtherSuplementalInsurance()[pri:0, instance:CignaTest.CignaTests2@2cd76f31]" started-at="2019-09-28T12:52:44 EDT" name="testOtherSuplementalInsurance" finished-at="2019-09-28T12:52:47 EDT" duration-ms="3252" status="PASS">
          <reporter-output>
          </reporter-output>
        </test-method> <!-- testOtherSuplementalInsurance -->
        <test-method is-config="true" signature="afterEachTestMethod()[pri:0, instance:CignaTest.CignaTests2@2cd76f31]" started-at="2019-09-28T12:52:47 EDT" name="afterEachTestMethod" finished-at="2019-09-28T12:52:47 EDT" duration-ms="108" status="PASS">
          <reporter-output>
          </reporter-output>
        </test-method> <!-- afterEachTestMethod -->
        <test-method is-config="true" signature="setUp(boolean, java.lang.String, java.lang.String, java.lang.String, java.lang.String, java.lang.String, java.lang.String)[pri:0, instance:CignaTest.CignaTests2@2cd76f31]" started-at="2019-09-28T12:52:47 EDT" name="setUp" finished-at="2019-09-28T12:52:52 EDT" duration-ms="4740" status="PASS">
          <params>
            <param index="0">
              <value>
                <![CDATA[false]]>
              </value>
            </param>
            <param index="1">
              <value>
                <![CDATA[browserstack]]>
              </value>
            </param>
            <param index="2">
              <value>
                <![CDATA[OS X]]>
              </value>
            </param>
            <param index="3">
              <value>
                <![CDATA[Sierra]]>
              </value>
            </param>
            <param index="4">
              <value>
                <![CDATA[chrome]]>
              </value>
            </param>
            <param index="5">
              <value>
                <![CDATA[60.0]]>
              </value>
            </param>
            <param index="6">
              <value>
                <![CDATA[https://www.cigna.com/]]>
              </value>
            </param>
          </params>
          <reporter-output>
          </reporter-output>
        </test-method> <!-- setUp -->
        <test-method is-config="true" signature="cleanUP()[pri:0, instance:CignaTest.CignaTests2@2cd76f31]" started-at="2019-09-28T12:52:47 EDT" name="cleanUP" finished-at="2019-09-28T12:52:47 EDT" duration-ms="0" status="PASS">
          <reporter-output>
          </reporter-output>
        </test-method> <!-- cleanUP -->
        <test-method is-config="true" signature="startExtent(java.lang.reflect.Method)[pri:0, instance:CignaTest.CignaTests2@2cd76f31]" started-at="2019-09-28T12:52:52 EDT" name="startExtent" finished-at="2019-09-28T12:52:52 EDT" duration-ms="0" status="PASS">
          <params>
            <param index="0">
              <value>
                <![CDATA[public void CignaTest.CignaTests2.testPlansAndServices()]]>
              </value>
            </param>
          </params>
          <reporter-output>
          </reporter-output>
        </test-method> <!-- startExtent -->
        <test-method is-config="true" signature="initElements()[pri:0, instance:CignaTest.CignaTests2@2cd76f31]" started-at="2019-09-28T12:52:52 EDT" name="initElements" finished-at="2019-09-28T12:52:52 EDT" duration-ms="2" status="PASS">
          <reporter-output>
          </reporter-output>
        </test-method> <!-- initElements -->
        <test-method signature="testPlansAndServices()[pri:0, instance:CignaTest.CignaTests2@2cd76f31]" started-at="2019-09-28T12:52:52 EDT" name="testPlansAndServices" finished-at="2019-09-28T12:52:54 EDT" duration-ms="1702" status="PASS">
          <reporter-output>
          </reporter-output>
        </test-method> <!-- testPlansAndServices -->
        <test-method is-config="true" signature="afterEachTestMethod()[pri:0, instance:CignaTest.CignaTests2@2cd76f31]" started-at="2019-09-28T12:52:54 EDT" name="afterEachTestMethod" finished-at="2019-09-28T12:52:54 EDT" duration-ms="100" status="PASS">
          <reporter-output>
          </reporter-output>
        </test-method> <!-- afterEachTestMethod -->
        <test-method is-config="true" signature="cleanUP()[pri:0, instance:CignaTest.CignaTests2@2cd76f31]" started-at="2019-09-28T12:52:54 EDT" name="cleanUP" finished-at="2019-09-28T12:52:54 EDT" duration-ms="0" status="PASS">
          <reporter-output>
          </reporter-output>
        </test-method> <!-- cleanUP -->
      </class> <!-- CignaTest.CignaTests2 -->
      <class name="CignaTest.CignaTests4">
        <test-method is-config="true" signature="setUp(boolean, java.lang.String, java.lang.String, java.lang.String, java.lang.String, java.lang.String, java.lang.String)[pri:0, instance:CignaTest.CignaTests4@49438269]" started-at="2019-09-28T12:53:55 EDT" name="setUp" finished-at="2019-09-28T12:54:00 EDT" duration-ms="5289" status="PASS">
          <params>
            <param index="0">
              <value>
                <![CDATA[false]]>
              </value>
            </param>
            <param index="1">
              <value>
                <![CDATA[browserstack]]>
              </value>
            </param>
            <param index="2">
              <value>
                <![CDATA[OS X]]>
              </value>
            </param>
            <param index="3">
              <value>
                <![CDATA[Sierra]]>
              </value>
            </param>
            <param index="4">
              <value>
                <![CDATA[chrome]]>
              </value>
            </param>
            <param index="5">
              <value>
                <![CDATA[60.0]]>
              </value>
            </param>
            <param index="6">
              <value>
                <![CDATA[https://www.cigna.com/]]>
              </value>
            </param>
          </params>
          <reporter-output>
          </reporter-output>
        </test-method> <!-- setUp -->
        <test-method is-config="true" signature="startExtent(java.lang.reflect.Method)[pri:0, instance:CignaTest.CignaTests4@49438269]" started-at="2019-09-28T12:54:00 EDT" name="startExtent" finished-at="2019-09-28T12:54:00 EDT" duration-ms="0" status="PASS">
          <params>
            <param index="0">
              <value>
                <![CDATA[public void CignaTest.CignaTests4.testCignaMobileAppButton()]]>
              </value>
            </param>
          </params>
          <reporter-output>
          </reporter-output>
        </test-method> <!-- startExtent -->
        <test-method is-config="true" signature="initElements()[pri:0, instance:CignaTest.CignaTests4@49438269]" started-at="2019-09-28T12:54:00 EDT" name="initElements" finished-at="2019-09-28T12:54:00 EDT" duration-ms="1" status="PASS">
          <reporter-output>
          </reporter-output>
        </test-method> <!-- initElements -->
        <test-method signature="testCignaMobileAppButton()[pri:0, instance:CignaTest.CignaTests4@49438269]" started-at="2019-09-28T12:54:00 EDT" name="testCignaMobileAppButton" finished-at="2019-09-28T12:54:03 EDT" duration-ms="3153" status="PASS">
          <reporter-output>
          </reporter-output>
        </test-method> <!-- testCignaMobileAppButton -->
        <test-method is-config="true" signature="afterEachTestMethod()[pri:0, instance:CignaTest.CignaTests4@49438269]" started-at="2019-09-28T12:54:03 EDT" name="afterEachTestMethod" finished-at="2019-09-28T12:54:04 EDT" duration-ms="108" status="PASS">
          <reporter-output>
          </reporter-output>
        </test-method> <!-- afterEachTestMethod -->
        <test-method is-config="true" signature="setUp(boolean, java.lang.String, java.lang.String, java.lang.String, java.lang.String, java.lang.String, java.lang.String)[pri:0, instance:CignaTest.CignaTests4@49438269]" started-at="2019-09-28T12:54:04 EDT" name="setUp" finished-at="2019-09-28T12:54:08 EDT" duration-ms="4501" status="PASS">
          <params>
            <param index="0">
              <value>
                <![CDATA[false]]>
              </value>
            </param>
            <param index="1">
              <value>
                <![CDATA[browserstack]]>
              </value>
            </param>
            <param index="2">
              <value>
                <![CDATA[OS X]]>
              </value>
            </param>
            <param index="3">
              <value>
                <![CDATA[Sierra]]>
              </value>
            </param>
            <param index="4">
              <value>
                <![CDATA[chrome]]>
              </value>
            </param>
            <param index="5">
              <value>
                <![CDATA[60.0]]>
              </value>
            </param>
            <param index="6">
              <value>
                <![CDATA[https://www.cigna.com/]]>
              </value>
            </param>
          </params>
          <reporter-output>
          </reporter-output>
        </test-method> <!-- setUp -->
        <test-method is-config="true" signature="cleanUP()[pri:0, instance:CignaTest.CignaTests4@49438269]" started-at="2019-09-28T12:54:04 EDT" name="cleanUP" finished-at="2019-09-28T12:54:04 EDT" duration-ms="0" status="PASS">
          <reporter-output>
          </reporter-output>
        </test-method> <!-- cleanUP -->
        <test-method is-config="true" signature="startExtent(java.lang.reflect.Method)[pri:0, instance:CignaTest.CignaTests4@49438269]" started-at="2019-09-28T12:54:08 EDT" name="startExtent" finished-at="2019-09-28T12:54:08 EDT" duration-ms="0" status="PASS">
          <params>
            <param index="0">
              <value>
                <![CDATA[public void CignaTest.CignaTests4.testClaimsButton()]]>
              </value>
            </param>
          </params>
          <reporter-output>
          </reporter-output>
        </test-method> <!-- startExtent -->
        <test-method is-config="true" signature="initElements()[pri:0, instance:CignaTest.CignaTests4@49438269]" started-at="2019-09-28T12:54:08 EDT" name="initElements" finished-at="2019-09-28T12:54:08 EDT" duration-ms="1" status="PASS">
          <reporter-output>
          </reporter-output>
        </test-method> <!-- initElements -->
        <test-method signature="testClaimsButton()[pri:0, instance:CignaTest.CignaTests4@49438269]" started-at="2019-09-28T12:54:08 EDT" name="testClaimsButton" finished-at="2019-09-28T12:54:12 EDT" duration-ms="3595" status="PASS">
          <reporter-output>
          </reporter-output>
        </test-method> <!-- testClaimsButton -->
        <test-method is-config="true" signature="afterEachTestMethod()[pri:0, instance:CignaTest.CignaTests4@49438269]" started-at="2019-09-28T12:54:12 EDT" name="afterEachTestMethod" finished-at="2019-09-28T12:54:12 EDT" duration-ms="107" status="PASS">
          <reporter-output>
          </reporter-output>
        </test-method> <!-- afterEachTestMethod -->
        <test-method is-config="true" signature="setUp(boolean, java.lang.String, java.lang.String, java.lang.String, java.lang.String, java.lang.String, java.lang.String)[pri:0, instance:CignaTest.CignaTests4@49438269]" started-at="2019-09-28T12:54:12 EDT" name="setUp" finished-at="2019-09-28T12:54:17 EDT" duration-ms="5544" status="PASS">
          <params>
            <param index="0">
              <value>
                <![CDATA[false]]>
              </value>
            </param>
            <param index="1">
              <value>
                <![CDATA[browserstack]]>
              </value>
            </param>
            <param index="2">
              <value>
                <![CDATA[OS X]]>
              </value>
            </param>
            <param index="3">
              <value>
                <![CDATA[Sierra]]>
              </value>
            </param>
            <param index="4">
              <value>
                <![CDATA[chrome]]>
              </value>
            </param>
            <param index="5">
              <value>
                <![CDATA[60.0]]>
              </value>
            </param>
            <param index="6">
              <value>
                <![CDATA[https://www.cigna.com/]]>
              </value>
            </param>
          </params>
          <reporter-output>
          </reporter-output>
        </test-method> <!-- setUp -->
        <test-method is-config="true" signature="cleanUP()[pri:0, instance:CignaTest.CignaTests4@49438269]" started-at="2019-09-28T12:54:12 EDT" name="cleanUP" finished-at="2019-09-28T12:54:12 EDT" duration-ms="0" status="PASS">
          <reporter-output>
          </reporter-output>
        </test-method> <!-- cleanUP -->
        <test-method is-config="true" signature="initElements()[pri:0, instance:CignaTest.CignaTests4@49438269]" started-at="2019-09-28T12:54:17 EDT" name="initElements" finished-at="2019-09-28T12:54:17 EDT" duration-ms="1" status="PASS">
          <reporter-output>
          </reporter-output>
        </test-method> <!-- initElements -->
        <test-method is-config="true" signature="startExtent(java.lang.reflect.Method)[pri:0, instance:CignaTest.CignaTests4@49438269]" started-at="2019-09-28T12:54:17 EDT" name="startExtent" finished-at="2019-09-28T12:54:17 EDT" duration-ms="0" status="PASS">
          <params>
            <param index="0">
              <value>
                <![CDATA[public void CignaTest.CignaTests4.testClickHsaButton()]]>
              </value>
            </param>
          </params>
          <reporter-output>
          </reporter-output>
        </test-method> <!-- startExtent -->
        <test-method signature="testClickHsaButton()[pri:0, instance:CignaTest.CignaTests4@49438269]" started-at="2019-09-28T12:54:17 EDT" name="testClickHsaButton" finished-at="2019-09-28T12:54:20 EDT" duration-ms="3163" status="PASS">
          <reporter-output>
          </reporter-output>
        </test-method> <!-- testClickHsaButton -->
        <test-method is-config="true" signature="afterEachTestMethod()[pri:0, instance:CignaTest.CignaTests4@49438269]" started-at="2019-09-28T12:54:20 EDT" name="afterEachTestMethod" finished-at="2019-09-28T12:54:21 EDT" duration-ms="118" status="PASS">
          <reporter-output>
          </reporter-output>
        </test-method> <!-- afterEachTestMethod -->
        <test-method is-config="true" signature="setUp(boolean, java.lang.String, java.lang.String, java.lang.String, java.lang.String, java.lang.String, java.lang.String)[pri:0, instance:CignaTest.CignaTests4@49438269]" started-at="2019-09-28T12:54:21 EDT" name="setUp" finished-at="2019-09-28T12:54:25 EDT" duration-ms="4824" status="PASS">
          <params>
            <param index="0">
              <value>
                <![CDATA[false]]>
              </value>
            </param>
            <param index="1">
              <value>
                <![CDATA[browserstack]]>
              </value>
            </param>
            <param index="2">
              <value>
                <![CDATA[OS X]]>
              </value>
            </param>
            <param index="3">
              <value>
                <![CDATA[Sierra]]>
              </value>
            </param>
            <param index="4">
              <value>
                <![CDATA[chrome]]>
              </value>
            </param>
            <param index="5">
              <value>
                <![CDATA[60.0]]>
              </value>
            </param>
            <param index="6">
              <value>
                <![CDATA[https://www.cigna.com/]]>
              </value>
            </param>
          </params>
          <reporter-output>
          </reporter-output>
        </test-method> <!-- setUp -->
        <test-method is-config="true" signature="cleanUP()[pri:0, instance:CignaTest.CignaTests4@49438269]" started-at="2019-09-28T12:54:21 EDT" name="cleanUP" finished-at="2019-09-28T12:54:21 EDT" duration-ms="0" status="PASS">
          <reporter-output>
          </reporter-output>
        </test-method> <!-- cleanUP -->
        <test-method is-config="true" signature="startExtent(java.lang.reflect.Method)[pri:0, instance:CignaTest.CignaTests4@49438269]" started-at="2019-09-28T12:54:25 EDT" name="startExtent" finished-at="2019-09-28T12:54:25 EDT" duration-ms="0" status="PASS">
          <params>
            <param index="0">
              <value>
                <![CDATA[public void CignaTest.CignaTests4.testCustomerServicesButton()]]>
              </value>
            </param>
          </params>
          <reporter-output>
          </reporter-output>
        </test-method> <!-- startExtent -->
        <test-method is-config="true" signature="initElements()[pri:0, instance:CignaTest.CignaTests4@49438269]" started-at="2019-09-28T12:54:25 EDT" name="initElements" finished-at="2019-09-28T12:54:25 EDT" duration-ms="1" status="PASS">
          <reporter-output>
          </reporter-output>
        </test-method> <!-- initElements -->
        <test-method signature="testCustomerServicesButton()[pri:0, instance:CignaTest.CignaTests4@49438269]" started-at="2019-09-28T12:54:25 EDT" name="testCustomerServicesButton" finished-at="2019-09-28T12:54:29 EDT" duration-ms="3314" status="PASS">
          <reporter-output>
          </reporter-output>
        </test-method> <!-- testCustomerServicesButton -->
        <test-method is-config="true" signature="afterEachTestMethod()[pri:0, instance:CignaTest.CignaTests4@49438269]" started-at="2019-09-28T12:54:29 EDT" name="afterEachTestMethod" finished-at="2019-09-28T12:54:29 EDT" duration-ms="105" status="PASS">
          <reporter-output>
          </reporter-output>
        </test-method> <!-- afterEachTestMethod -->
        <test-method is-config="true" signature="cleanUP()[pri:0, instance:CignaTest.CignaTests4@49438269]" started-at="2019-09-28T12:54:29 EDT" name="cleanUP" finished-at="2019-09-28T12:54:29 EDT" duration-ms="1" status="PASS">
          <reporter-output>
          </reporter-output>
        </test-method> <!-- cleanUP -->
        <test-method is-config="true" signature="setUp(boolean, java.lang.String, java.lang.String, java.lang.String, java.lang.String, java.lang.String, java.lang.String)[pri:0, instance:CignaTest.CignaTests4@49438269]" started-at="2019-09-28T12:54:29 EDT" name="setUp" finished-at="2019-09-28T12:54:33 EDT" duration-ms="4415" status="PASS">
          <params>
            <param index="0">
              <value>
                <![CDATA[false]]>
              </value>
            </param>
            <param index="1">
              <value>
                <![CDATA[browserstack]]>
              </value>
            </param>
            <param index="2">
              <value>
                <![CDATA[OS X]]>
              </value>
            </param>
            <param index="3">
              <value>
                <![CDATA[Sierra]]>
              </value>
            </param>
            <param index="4">
              <value>
                <![CDATA[chrome]]>
              </value>
            </param>
            <param index="5">
              <value>
                <![CDATA[60.0]]>
              </value>
            </param>
            <param index="6">
              <value>
                <![CDATA[https://www.cigna.com/]]>
              </value>
            </param>
          </params>
          <reporter-output>
          </reporter-output>
        </test-method> <!-- setUp -->
        <test-method is-config="true" signature="startExtent(java.lang.reflect.Method)[pri:0, instance:CignaTest.CignaTests4@49438269]" started-at="2019-09-28T12:54:33 EDT" name="startExtent" finished-at="2019-09-28T12:54:33 EDT" duration-ms="0" status="PASS">
          <params>
            <param index="0">
              <value>
                <![CDATA[public void CignaTest.CignaTests4.testPrescriptionButton()]]>
              </value>
            </param>
          </params>
          <reporter-output>
          </reporter-output>
        </test-method> <!-- startExtent -->
        <test-method is-config="true" signature="initElements()[pri:0, instance:CignaTest.CignaTests4@49438269]" started-at="2019-09-28T12:54:33 EDT" name="initElements" finished-at="2019-09-28T12:54:33 EDT" duration-ms="1" status="PASS">
          <reporter-output>
          </reporter-output>
        </test-method> <!-- initElements -->
        <test-method signature="testPrescriptionButton()[pri:0, instance:CignaTest.CignaTests4@49438269]" started-at="2019-09-28T12:54:33 EDT" name="testPrescriptionButton" finished-at="2019-09-28T12:54:36 EDT" duration-ms="2366" status="PASS">
          <reporter-output>
          </reporter-output>
        </test-method> <!-- testPrescriptionButton -->
        <test-method is-config="true" signature="afterEachTestMethod()[pri:0, instance:CignaTest.CignaTests4@49438269]" started-at="2019-09-28T12:54:36 EDT" name="afterEachTestMethod" finished-at="2019-09-28T12:54:36 EDT" duration-ms="104" status="PASS">
          <reporter-output>
          </reporter-output>
        </test-method> <!-- afterEachTestMethod -->
        <test-method is-config="true" signature="cleanUP()[pri:0, instance:CignaTest.CignaTests4@49438269]" started-at="2019-09-28T12:54:36 EDT" name="cleanUP" finished-at="2019-09-28T12:54:36 EDT" duration-ms="0" status="PASS">
          <reporter-output>
          </reporter-output>
        </test-method> <!-- cleanUP -->
        <test-method is-config="true" signature="setUp(boolean, java.lang.String, java.lang.String, java.lang.String, java.lang.String, java.lang.String, java.lang.String)[pri:0, instance:CignaTest.CignaTests4@49438269]" started-at="2019-09-28T12:54:36 EDT" name="setUp" finished-at="2019-09-28T12:54:41 EDT" duration-ms="5355" status="PASS">
          <params>
            <param index="0">
              <value>
                <![CDATA[false]]>
              </value>
            </param>
            <param index="1">
              <value>
                <![CDATA[browserstack]]>
              </value>
            </param>
            <param index="2">
              <value>
                <![CDATA[OS X]]>
              </value>
            </param>
            <param index="3">
              <value>
                <![CDATA[Sierra]]>
              </value>
            </param>
            <param index="4">
              <value>
                <![CDATA[chrome]]>
              </value>
            </param>
            <param index="5">
              <value>
                <![CDATA[60.0]]>
              </value>
            </param>
            <param index="6">
              <value>
                <![CDATA[https://www.cigna.com/]]>
              </value>
            </param>
          </params>
          <reporter-output>
          </reporter-output>
        </test-method> <!-- setUp -->
        <test-method is-config="true" signature="startExtent(java.lang.reflect.Method)[pri:0, instance:CignaTest.CignaTests4@49438269]" started-at="2019-09-28T12:54:41 EDT" name="startExtent" finished-at="2019-09-28T12:54:41 EDT" duration-ms="0" status="PASS">
          <params>
            <param index="0">
              <value>
                <![CDATA[public void CignaTest.CignaTests4.testProgramsButton()]]>
              </value>
            </param>
          </params>
          <reporter-output>
          </reporter-output>
        </test-method> <!-- startExtent -->
        <test-method is-config="true" signature="initElements()[pri:0, instance:CignaTest.CignaTests4@49438269]" started-at="2019-09-28T12:54:41 EDT" name="initElements" finished-at="2019-09-28T12:54:41 EDT" duration-ms="1" status="PASS">
          <reporter-output>
          </reporter-output>
        </test-method> <!-- initElements -->
        <test-method signature="testProgramsButton()[pri:0, instance:CignaTest.CignaTests4@49438269]" started-at="2019-09-28T12:54:41 EDT" name="testProgramsButton" finished-at="2019-09-28T12:54:44 EDT" duration-ms="2920" status="PASS">
          <reporter-output>
          </reporter-output>
        </test-method> <!-- testProgramsButton -->
        <test-method is-config="true" signature="afterEachTestMethod()[pri:0, instance:CignaTest.CignaTests4@49438269]" started-at="2019-09-28T12:54:44 EDT" name="afterEachTestMethod" finished-at="2019-09-28T12:54:44 EDT" duration-ms="100" status="PASS">
          <reporter-output>
          </reporter-output>
        </test-method> <!-- afterEachTestMethod -->
        <test-method is-config="true" signature="setUp(boolean, java.lang.String, java.lang.String, java.lang.String, java.lang.String, java.lang.String, java.lang.String)[pri:0, instance:CignaTest.CignaTests4@49438269]" started-at="2019-09-28T12:54:44 EDT" name="setUp" finished-at="2019-09-28T12:54:49 EDT" duration-ms="5136" status="PASS">
          <params>
            <param index="0">
              <value>
                <![CDATA[false]]>
              </value>
            </param>
            <param index="1">
              <value>
                <![CDATA[browserstack]]>
              </value>
            </param>
            <param index="2">
              <value>
                <![CDATA[OS X]]>
              </value>
            </param>
            <param index="3">
              <value>
                <![CDATA[Sierra]]>
              </value>
            </param>
            <param index="4">
              <value>
                <![CDATA[chrome]]>
              </value>
            </param>
            <param index="5">
              <value>
                <![CDATA[60.0]]>
              </value>
            </param>
            <param index="6">
              <value>
                <![CDATA[https://www.cigna.com/]]>
              </value>
            </param>
          </params>
          <reporter-output>
          </reporter-output>
        </test-method> <!-- setUp -->
        <test-method is-config="true" signature="cleanUP()[pri:0, instance:CignaTest.CignaTests4@49438269]" started-at="2019-09-28T12:54:44 EDT" name="cleanUP" finished-at="2019-09-28T12:54:44 EDT" duration-ms="0" status="PASS">
          <reporter-output>
          </reporter-output>
        </test-method> <!-- cleanUP -->
        <test-method is-config="true" signature="initElements()[pri:0, instance:CignaTest.CignaTests4@49438269]" started-at="2019-09-28T12:54:49 EDT" name="initElements" finished-at="2019-09-28T12:54:49 EDT" duration-ms="1" status="PASS">
          <reporter-output>
          </reporter-output>
        </test-method> <!-- initElements -->
        <test-method is-config="true" signature="startExtent(java.lang.reflect.Method)[pri:0, instance:CignaTest.CignaTests4@49438269]" started-at="2019-09-28T12:54:49 EDT" name="startExtent" finished-at="2019-09-28T12:54:49 EDT" duration-ms="0" status="PASS">
          <params>
            <param index="0">
              <value>
                <![CDATA[public void CignaTest.CignaTests4.testRequestIdCard()]]>
              </value>
            </param>
          </params>
          <reporter-output>
          </reporter-output>
        </test-method> <!-- startExtent -->
        <test-method signature="testRequestIdCard()[pri:0, instance:CignaTest.CignaTests4@49438269]" started-at="2019-09-28T12:54:49 EDT" name="testRequestIdCard" finished-at="2019-09-28T12:54:53 EDT" duration-ms="3300" status="PASS">
          <reporter-output>
          </reporter-output>
        </test-method> <!-- testRequestIdCard -->
        <test-method is-config="true" signature="afterEachTestMethod()[pri:0, instance:CignaTest.CignaTests4@49438269]" started-at="2019-09-28T12:54:53 EDT" name="afterEachTestMethod" finished-at="2019-09-28T12:54:53 EDT" duration-ms="108" status="PASS">
          <reporter-output>
          </reporter-output>
        </test-method> <!-- afterEachTestMethod -->
        <test-method is-config="true" signature="cleanUP()[pri:0, instance:CignaTest.CignaTests4@49438269]" started-at="2019-09-28T12:54:53 EDT" name="cleanUP" finished-at="2019-09-28T12:54:53 EDT" duration-ms="0" status="PASS">
          <reporter-output>
          </reporter-output>
        </test-method> <!-- cleanUP -->
      </class> <!-- CignaTest.CignaTests4 -->
      <class name="CignaTest.CignaTests3">
        <test-method is-config="true" signature="setUp(boolean, java.lang.String, java.lang.String, java.lang.String, java.lang.String, java.lang.String, java.lang.String)[pri:0, instance:CignaTest.CignaTests3@367ffa75]" started-at="2019-09-28T12:52:54 EDT" name="setUp" finished-at="2019-09-28T12:52:58 EDT" duration-ms="4496" status="PASS">
          <params>
            <param index="0">
              <value>
                <![CDATA[false]]>
              </value>
            </param>
            <param index="1">
              <value>
                <![CDATA[browserstack]]>
              </value>
            </param>
            <param index="2">
              <value>
                <![CDATA[OS X]]>
              </value>
            </param>
            <param index="3">
              <value>
                <![CDATA[Sierra]]>
              </value>
            </param>
            <param index="4">
              <value>
                <![CDATA[chrome]]>
              </value>
            </param>
            <param index="5">
              <value>
                <![CDATA[60.0]]>
              </value>
            </param>
            <param index="6">
              <value>
                <![CDATA[https://www.cigna.com/]]>
              </value>
            </param>
          </params>
          <reporter-output>
          </reporter-output>
        </test-method> <!-- setUp -->
        <test-method is-config="true" signature="startExtent(java.lang.reflect.Method)[pri:0, instance:CignaTest.CignaTests3@367ffa75]" started-at="2019-09-28T12:52:58 EDT" name="startExtent" finished-at="2019-09-28T12:52:58 EDT" duration-ms="1" status="PASS">
          <params>
            <param index="0">
              <value>
                <![CDATA[public void CignaTest.CignaTests3.testBuyingInsuranceButton()]]>
              </value>
            </param>
          </params>
          <reporter-output>
          </reporter-output>
        </test-method> <!-- startExtent -->
        <test-method is-config="true" signature="initElements()[pri:0, instance:CignaTest.CignaTests3@367ffa75]" started-at="2019-09-28T12:52:58 EDT" name="initElements" finished-at="2019-09-28T12:52:58 EDT" duration-ms="1" status="PASS">
          <reporter-output>
          </reporter-output>
        </test-method> <!-- initElements -->
        <test-method signature="testBuyingInsuranceButton()[pri:0, instance:CignaTest.CignaTests3@367ffa75]" started-at="2019-09-28T12:52:58 EDT" name="testBuyingInsuranceButton" finished-at="2019-09-28T12:53:01 EDT" duration-ms="2986" status="PASS">
          <reporter-output>
          </reporter-output>
        </test-method> <!-- testBuyingInsuranceButton -->
        <test-method is-config="true" signature="afterEachTestMethod()[pri:0, instance:CignaTest.CignaTests3@367ffa75]" started-at="2019-09-28T12:53:01 EDT" name="afterEachTestMethod" finished-at="2019-09-28T12:53:02 EDT" duration-ms="108" status="PASS">
          <reporter-output>
          </reporter-output>
        </test-method> <!-- afterEachTestMethod -->
        <test-method is-config="true" signature="cleanUP()[pri:0, instance:CignaTest.CignaTests3@367ffa75]" started-at="2019-09-28T12:53:02 EDT" name="cleanUP" finished-at="2019-09-28T12:53:02 EDT" duration-ms="0" status="PASS">
          <reporter-output>
          </reporter-output>
        </test-method> <!-- cleanUP -->
        <test-method is-config="true" signature="setUp(boolean, java.lang.String, java.lang.String, java.lang.String, java.lang.String, java.lang.String, java.lang.String)[pri:0, instance:CignaTest.CignaTests3@367ffa75]" started-at="2019-09-28T12:53:02 EDT" name="setUp" finished-at="2019-09-28T12:53:08 EDT" duration-ms="6727" status="PASS">
          <params>
            <param index="0">
              <value>
                <![CDATA[false]]>
              </value>
            </param>
            <param index="1">
              <value>
                <![CDATA[browserstack]]>
              </value>
            </param>
            <param index="2">
              <value>
                <![CDATA[OS X]]>
              </value>
            </param>
            <param index="3">
              <value>
                <![CDATA[Sierra]]>
              </value>
            </param>
            <param index="4">
              <value>
                <![CDATA[chrome]]>
              </value>
            </param>
            <param index="5">
              <value>
                <![CDATA[60.0]]>
              </value>
            </param>
            <param index="6">
              <value>
                <![CDATA[https://www.cigna.com/]]>
              </value>
            </param>
          </params>
          <reporter-output>
          </reporter-output>
        </test-method> <!-- setUp -->
        <test-method is-config="true" signature="startExtent(java.lang.reflect.Method)[pri:0, instance:CignaTest.CignaTests3@367ffa75]" started-at="2019-09-28T12:53:08 EDT" name="startExtent" finished-at="2019-09-28T12:53:08 EDT" duration-ms="1" status="PASS">
          <params>
            <param index="0">
              <value>
                <![CDATA[public void CignaTest.CignaTests3.testClickHealthcareReform()]]>
              </value>
            </param>
          </params>
          <reporter-output>
          </reporter-output>
        </test-method> <!-- startExtent -->
        <test-method is-config="true" signature="initElements()[pri:0, instance:CignaTest.CignaTests3@367ffa75]" started-at="2019-09-28T12:53:08 EDT" name="initElements" finished-at="2019-09-28T12:53:08 EDT" duration-ms="1" status="PASS">
          <reporter-output>
          </reporter-output>
        </test-method> <!-- initElements -->
        <test-method signature="testClickHealthcareReform()[pri:0, instance:CignaTest.CignaTests3@367ffa75]" started-at="2019-09-28T12:53:08 EDT" name="testClickHealthcareReform" finished-at="2019-09-28T12:53:14 EDT" duration-ms="5762" status="PASS">
          <reporter-output>
          </reporter-output>
        </test-method> <!-- testClickHealthcareReform -->
        <test-method is-config="true" signature="afterEachTestMethod()[pri:0, instance:CignaTest.CignaTests3@367ffa75]" started-at="2019-09-28T12:53:14 EDT" name="afterEachTestMethod" finished-at="2019-09-28T12:53:14 EDT" duration-ms="107" status="PASS">
          <reporter-output>
          </reporter-output>
        </test-method> <!-- afterEachTestMethod -->
        <test-method is-config="true" signature="cleanUP()[pri:0, instance:CignaTest.CignaTests3@367ffa75]" started-at="2019-09-28T12:53:14 EDT" name="cleanUP" finished-at="2019-09-28T12:53:14 EDT" duration-ms="1" status="PASS">
          <reporter-output>
          </reporter-output>
        </test-method> <!-- cleanUP -->
        <test-method is-config="true" signature="setUp(boolean, java.lang.String, java.lang.String, java.lang.String, java.lang.String, java.lang.String, java.lang.String)[pri:0, instance:CignaTest.CignaTests3@367ffa75]" started-at="2019-09-28T12:53:14 EDT" name="setUp" finished-at="2019-09-28T12:53:20 EDT" duration-ms="6063" status="PASS">
          <params>
            <param index="0">
              <value>
                <![CDATA[false]]>
              </value>
            </param>
            <param index="1">
              <value>
                <![CDATA[browserstack]]>
              </value>
            </param>
            <param index="2">
              <value>
                <![CDATA[OS X]]>
              </value>
            </param>
            <param index="3">
              <value>
                <![CDATA[Sierra]]>
              </value>
            </param>
            <param index="4">
              <value>
                <![CDATA[chrome]]>
              </value>
            </param>
            <param index="5">
              <value>
                <![CDATA[60.0]]>
              </value>
            </param>
            <param index="6">
              <value>
                <![CDATA[https://www.cigna.com/]]>
              </value>
            </param>
          </params>
          <reporter-output>
          </reporter-output>
        </test-method> <!-- setUp -->
        <test-method is-config="true" signature="startExtent(java.lang.reflect.Method)[pri:0, instance:CignaTest.CignaTests3@367ffa75]" started-at="2019-09-28T12:53:20 EDT" name="startExtent" finished-at="2019-09-28T12:53:20 EDT" duration-ms="0" status="PASS">
          <params>
            <param index="0">
              <value>
                <![CDATA[public void CignaTest.CignaTests3.testCommonInsurance()]]>
              </value>
            </param>
          </params>
          <reporter-output>
          </reporter-output>
        </test-method> <!-- startExtent -->
        <test-method is-config="true" signature="initElements()[pri:0, instance:CignaTest.CignaTests3@367ffa75]" started-at="2019-09-28T12:53:20 EDT" name="initElements" finished-at="2019-09-28T12:53:20 EDT" duration-ms="1" status="PASS">
          <reporter-output>
          </reporter-output>
        </test-method> <!-- initElements -->
        <test-method signature="testCommonInsurance()[pri:0, instance:CignaTest.CignaTests3@367ffa75]" started-at="2019-09-28T12:53:20 EDT" name="testCommonInsurance" finished-at="2019-09-28T12:53:23 EDT" duration-ms="3213" status="PASS">
          <reporter-output>
          </reporter-output>
        </test-method> <!-- testCommonInsurance -->
        <test-method is-config="true" signature="afterEachTestMethod()[pri:0, instance:CignaTest.CignaTests3@367ffa75]" started-at="2019-09-28T12:53:23 EDT" name="afterEachTestMethod" finished-at="2019-09-28T12:53:24 EDT" duration-ms="98" status="PASS">
          <reporter-output>
          </reporter-output>
        </test-method> <!-- afterEachTestMethod -->
        <test-method is-config="true" signature="cleanUP()[pri:0, instance:CignaTest.CignaTests3@367ffa75]" started-at="2019-09-28T12:53:24 EDT" name="cleanUP" finished-at="2019-09-28T12:53:24 EDT" duration-ms="0" status="PASS">
          <reporter-output>
          </reporter-output>
        </test-method> <!-- cleanUP -->
        <test-method is-config="true" signature="setUp(boolean, java.lang.String, java.lang.String, java.lang.String, java.lang.String, java.lang.String, java.lang.String)[pri:0, instance:CignaTest.CignaTests3@367ffa75]" started-at="2019-09-28T12:53:24 EDT" name="setUp" finished-at="2019-09-28T12:53:28 EDT" duration-ms="4858" status="PASS">
          <params>
            <param index="0">
              <value>
                <![CDATA[false]]>
              </value>
            </param>
            <param index="1">
              <value>
                <![CDATA[browserstack]]>
              </value>
            </param>
            <param index="2">
              <value>
                <![CDATA[OS X]]>
              </value>
            </param>
            <param index="3">
              <value>
                <![CDATA[Sierra]]>
              </value>
            </param>
            <param index="4">
              <value>
                <![CDATA[chrome]]>
              </value>
            </param>
            <param index="5">
              <value>
                <![CDATA[60.0]]>
              </value>
            </param>
            <param index="6">
              <value>
                <![CDATA[https://www.cigna.com/]]>
              </value>
            </param>
          </params>
          <reporter-output>
          </reporter-output>
        </test-method> <!-- setUp -->
        <test-method is-config="true" signature="startExtent(java.lang.reflect.Method)[pri:0, instance:CignaTest.CignaTests3@367ffa75]" started-at="2019-09-28T12:53:28 EDT" name="startExtent" finished-at="2019-09-28T12:53:28 EDT" duration-ms="1" status="PASS">
          <params>
            <param index="0">
              <value>
                <![CDATA[public void CignaTest.CignaTests3.testCopayButton()]]>
              </value>
            </param>
          </params>
          <reporter-output>
          </reporter-output>
        </test-method> <!-- startExtent -->
        <test-method is-config="true" signature="initElements()[pri:0, instance:CignaTest.CignaTests3@367ffa75]" started-at="2019-09-28T12:53:28 EDT" name="initElements" finished-at="2019-09-28T12:53:28 EDT" duration-ms="1" status="PASS">
          <reporter-output>
          </reporter-output>
        </test-method> <!-- initElements -->
        <test-method signature="testCopayButton()[pri:0, instance:CignaTest.CignaTests3@367ffa75]" started-at="2019-09-28T12:53:28 EDT" name="testCopayButton" finished-at="2019-09-28T12:53:33 EDT" duration-ms="4125" status="PASS">
          <reporter-output>
          </reporter-output>
        </test-method> <!-- testCopayButton -->
        <test-method is-config="true" signature="afterEachTestMethod()[pri:0, instance:CignaTest.CignaTests3@367ffa75]" started-at="2019-09-28T12:53:33 EDT" name="afterEachTestMethod" finished-at="2019-09-28T12:53:33 EDT" duration-ms="106" status="PASS">
          <reporter-output>
          </reporter-output>
        </test-method> <!-- afterEachTestMethod -->
        <test-method is-config="true" signature="cleanUP()[pri:0, instance:CignaTest.CignaTests3@367ffa75]" started-at="2019-09-28T12:53:33 EDT" name="cleanUP" finished-at="2019-09-28T12:53:33 EDT" duration-ms="0" status="PASS">
          <reporter-output>
          </reporter-output>
        </test-method> <!-- cleanUP -->
        <test-method is-config="true" signature="setUp(boolean, java.lang.String, java.lang.String, java.lang.String, java.lang.String, java.lang.String, java.lang.String)[pri:0, instance:CignaTest.CignaTests3@367ffa75]" started-at="2019-09-28T12:53:33 EDT" name="setUp" finished-at="2019-09-28T12:53:37 EDT" duration-ms="4416" status="PASS">
          <params>
            <param index="0">
              <value>
                <![CDATA[false]]>
              </value>
            </param>
            <param index="1">
              <value>
                <![CDATA[browserstack]]>
              </value>
            </param>
            <param index="2">
              <value>
                <![CDATA[OS X]]>
              </value>
            </param>
            <param index="3">
              <value>
                <![CDATA[Sierra]]>
              </value>
            </param>
            <param index="4">
              <value>
                <![CDATA[chrome]]>
              </value>
            </param>
            <param index="5">
              <value>
                <![CDATA[60.0]]>
              </value>
            </param>
            <param index="6">
              <value>
                <![CDATA[https://www.cigna.com/]]>
              </value>
            </param>
          </params>
          <reporter-output>
          </reporter-output>
        </test-method> <!-- setUp -->
        <test-method is-config="true" signature="startExtent(java.lang.reflect.Method)[pri:0, instance:CignaTest.CignaTests3@367ffa75]" started-at="2019-09-28T12:53:37 EDT" name="startExtent" finished-at="2019-09-28T12:53:37 EDT" duration-ms="0" status="PASS">
          <params>
            <param index="0">
              <value>
                <![CDATA[public void CignaTest.CignaTests3.testHowToShopButton()]]>
              </value>
            </param>
          </params>
          <reporter-output>
          </reporter-output>
        </test-method> <!-- startExtent -->
        <test-method is-config="true" signature="initElements()[pri:0, instance:CignaTest.CignaTests3@367ffa75]" started-at="2019-09-28T12:53:37 EDT" name="initElements" finished-at="2019-09-28T12:53:37 EDT" duration-ms="1" status="PASS">
          <reporter-output>
          </reporter-output>
        </test-method> <!-- initElements -->
        <test-method signature="testHowToShopButton()[pri:0, instance:CignaTest.CignaTests3@367ffa75]" started-at="2019-09-28T12:53:37 EDT" name="testHowToShopButton" finished-at="2019-09-28T12:53:40 EDT" duration-ms="2791" status="PASS">
          <reporter-output>
          </reporter-output>
        </test-method> <!-- testHowToShopButton -->
        <test-method is-config="true" signature="afterEachTestMethod()[pri:0, instance:CignaTest.CignaTests3@367ffa75]" started-at="2019-09-28T12:53:40 EDT" name="afterEachTestMethod" finished-at="2019-09-28T12:53:40 EDT" duration-ms="103" status="PASS">
          <reporter-output>
          </reporter-output>
        </test-method> <!-- afterEachTestMethod -->
        <test-method is-config="true" signature="cleanUP()[pri:0, instance:CignaTest.CignaTests3@367ffa75]" started-at="2019-09-28T12:53:40 EDT" name="cleanUP" finished-at="2019-09-28T12:53:40 EDT" duration-ms="0" status="PASS">
          <reporter-output>
          </reporter-output>
        </test-method> <!-- cleanUP -->
        <test-method is-config="true" signature="setUp(boolean, java.lang.String, java.lang.String, java.lang.String, java.lang.String, java.lang.String, java.lang.String)[pri:0, instance:CignaTest.CignaTests3@367ffa75]" started-at="2019-09-28T12:53:40 EDT" name="setUp" finished-at="2019-09-28T12:53:45 EDT" duration-ms="5194" status="PASS">
          <params>
            <param index="0">
              <value>
                <![CDATA[false]]>
              </value>
            </param>
            <param index="1">
              <value>
                <![CDATA[browserstack]]>
              </value>
            </param>
            <param index="2">
              <value>
                <![CDATA[OS X]]>
              </value>
            </param>
            <param index="3">
              <value>
                <![CDATA[Sierra]]>
              </value>
            </param>
            <param index="4">
              <value>
                <![CDATA[chrome]]>
              </value>
            </param>
            <param index="5">
              <value>
                <![CDATA[60.0]]>
              </value>
            </param>
            <param index="6">
              <value>
                <![CDATA[https://www.cigna.com/]]>
              </value>
            </param>
          </params>
          <reporter-output>
          </reporter-output>
        </test-method> <!-- setUp -->
        <test-method is-config="true" signature="initElements()[pri:0, instance:CignaTest.CignaTests3@367ffa75]" started-at="2019-09-28T12:53:45 EDT" name="initElements" finished-at="2019-09-28T12:53:45 EDT" duration-ms="2" status="PASS">
          <reporter-output>
          </reporter-output>
        </test-method> <!-- initElements -->
        <test-method is-config="true" signature="startExtent(java.lang.reflect.Method)[pri:0, instance:CignaTest.CignaTests3@367ffa75]" started-at="2019-09-28T12:53:45 EDT" name="startExtent" finished-at="2019-09-28T12:53:45 EDT" duration-ms="0" status="PASS">
          <params>
            <param index="0">
              <value>
                <![CDATA[public void CignaTest.CignaTests3.testProviderButton()]]>
              </value>
            </param>
          </params>
          <reporter-output>
          </reporter-output>
        </test-method> <!-- startExtent -->
        <test-method signature="testProviderButton()[pri:0, instance:CignaTest.CignaTests3@367ffa75]" started-at="2019-09-28T12:53:45 EDT" name="testProviderButton" finished-at="2019-09-28T12:53:49 EDT" duration-ms="3415" status="PASS">
          <reporter-output>
          </reporter-output>
        </test-method> <!-- testProviderButton -->
        <test-method is-config="true" signature="afterEachTestMethod()[pri:0, instance:CignaTest.CignaTests3@367ffa75]" started-at="2019-09-28T12:53:49 EDT" name="afterEachTestMethod" finished-at="2019-09-28T12:53:49 EDT" duration-ms="101" status="PASS">
          <reporter-output>
          </reporter-output>
        </test-method> <!-- afterEachTestMethod -->
        <test-method is-config="true" signature="setUp(boolean, java.lang.String, java.lang.String, java.lang.String, java.lang.String, java.lang.String, java.lang.String)[pri:0, instance:CignaTest.CignaTests3@367ffa75]" started-at="2019-09-28T12:53:49 EDT" name="setUp" finished-at="2019-09-28T12:53:53 EDT" duration-ms="4300" status="PASS">
          <params>
            <param index="0">
              <value>
                <![CDATA[false]]>
              </value>
            </param>
            <param index="1">
              <value>
                <![CDATA[browserstack]]>
              </value>
            </param>
            <param index="2">
              <value>
                <![CDATA[OS X]]>
              </value>
            </param>
            <param index="3">
              <value>
                <![CDATA[Sierra]]>
              </value>
            </param>
            <param index="4">
              <value>
                <![CDATA[chrome]]>
              </value>
            </param>
            <param index="5">
              <value>
                <![CDATA[60.0]]>
              </value>
            </param>
            <param index="6">
              <value>
                <![CDATA[https://www.cigna.com/]]>
              </value>
            </param>
          </params>
          <reporter-output>
          </reporter-output>
        </test-method> <!-- setUp -->
        <test-method is-config="true" signature="cleanUP()[pri:0, instance:CignaTest.CignaTests3@367ffa75]" started-at="2019-09-28T12:53:49 EDT" name="cleanUP" finished-at="2019-09-28T12:53:49 EDT" duration-ms="0" status="PASS">
          <reporter-output>
          </reporter-output>
        </test-method> <!-- cleanUP -->
        <test-method is-config="true" signature="initElements()[pri:0, instance:CignaTest.CignaTests3@367ffa75]" started-at="2019-09-28T12:53:53 EDT" name="initElements" finished-at="2019-09-28T12:53:53 EDT" duration-ms="1" status="PASS">
          <reporter-output>
          </reporter-output>
        </test-method> <!-- initElements -->
        <test-method is-config="true" signature="startExtent(java.lang.reflect.Method)[pri:0, instance:CignaTest.CignaTests3@367ffa75]" started-at="2019-09-28T12:53:53 EDT" name="startExtent" finished-at="2019-09-28T12:53:53 EDT" duration-ms="0" status="PASS">
          <params>
            <param index="0">
              <value>
                <![CDATA[public void CignaTest.CignaTests3.testUnderstandingInsurance()]]>
              </value>
            </param>
          </params>
          <reporter-output>
          </reporter-output>
        </test-method> <!-- startExtent -->
        <test-method signature="testUnderstandingInsurance()[pri:0, instance:CignaTest.CignaTests3@367ffa75]" started-at="2019-09-28T12:53:53 EDT" name="testUnderstandingInsurance" finished-at="2019-09-28T12:53:55 EDT" duration-ms="1910" status="PASS">
          <reporter-output>
          </reporter-output>
        </test-method> <!-- testUnderstandingInsurance -->
        <test-method is-config="true" signature="afterEachTestMethod()[pri:0, instance:CignaTest.CignaTests3@367ffa75]" started-at="2019-09-28T12:53:55 EDT" name="afterEachTestMethod" finished-at="2019-09-28T12:53:55 EDT" duration-ms="98" status="PASS">
          <reporter-output>
          </reporter-output>
        </test-method> <!-- afterEachTestMethod -->
        <test-method is-config="true" signature="cleanUP()[pri:0, instance:CignaTest.CignaTests3@367ffa75]" started-at="2019-09-28T12:53:55 EDT" name="cleanUP" finished-at="2019-09-28T12:53:55 EDT" duration-ms="0" status="PASS">
          <reporter-output>
          </reporter-output>
        </test-method> <!-- cleanUP -->
      </class> <!-- CignaTest.CignaTests3 -->
      <class name="CignaTest.CignaTests6">
        <test-method is-config="true" signature="setUp(boolean, java.lang.String, java.lang.String, java.lang.String, java.lang.String, java.lang.String, java.lang.String)[pri:0, instance:CignaTest.CignaTests6@1c1bbc4e]" started-at="2019-09-28T12:56:07 EDT" name="setUp" finished-at="2019-09-28T12:56:11 EDT" duration-ms="4414" status="PASS">
          <params>
            <param index="0">
              <value>
                <![CDATA[false]]>
              </value>
            </param>
            <param index="1">
              <value>
                <![CDATA[browserstack]]>
              </value>
            </param>
            <param index="2">
              <value>
                <![CDATA[OS X]]>
              </value>
            </param>
            <param index="3">
              <value>
                <![CDATA[Sierra]]>
              </value>
            </param>
            <param index="4">
              <value>
                <![CDATA[chrome]]>
              </value>
            </param>
            <param index="5">
              <value>
                <![CDATA[60.0]]>
              </value>
            </param>
            <param index="6">
              <value>
                <![CDATA[https://www.cigna.com/]]>
              </value>
            </param>
          </params>
          <reporter-output>
          </reporter-output>
        </test-method> <!-- setUp -->
        <test-method is-config="true" signature="initElements()[pri:0, instance:CignaTest.CignaTests6@1c1bbc4e]" started-at="2019-09-28T12:56:11 EDT" name="initElements" finished-at="2019-09-28T12:56:11 EDT" duration-ms="1" status="PASS">
          <reporter-output>
          </reporter-output>
        </test-method> <!-- initElements -->
        <test-method is-config="true" signature="startExtent(java.lang.reflect.Method)[pri:0, instance:CignaTest.CignaTests6@1c1bbc4e]" started-at="2019-09-28T12:56:11 EDT" name="startExtent" finished-at="2019-09-28T12:56:11 EDT" duration-ms="0" status="PASS">
          <params>
            <param index="0">
              <value>
                <![CDATA[public void CignaTest.CignaTests6.testClickFamilyButton()]]>
              </value>
            </param>
          </params>
          <reporter-output>
          </reporter-output>
        </test-method> <!-- startExtent -->
        <test-method signature="testClickFamilyButton()[pri:0, instance:CignaTest.CignaTests6@1c1bbc4e]" started-at="2019-09-28T12:56:11 EDT" name="testClickFamilyButton" finished-at="2019-09-28T12:56:15 EDT" duration-ms="3387" status="PASS">
          <reporter-output>
          </reporter-output>
        </test-method> <!-- testClickFamilyButton -->
        <test-method is-config="true" signature="afterEachTestMethod()[pri:0, instance:CignaTest.CignaTests6@1c1bbc4e]" started-at="2019-09-28T12:56:15 EDT" name="afterEachTestMethod" finished-at="2019-09-28T12:56:15 EDT" duration-ms="114" status="PASS">
          <reporter-output>
          </reporter-output>
        </test-method> <!-- afterEachTestMethod -->
        <test-method is-config="true" signature="setUp(boolean, java.lang.String, java.lang.String, java.lang.String, java.lang.String, java.lang.String, java.lang.String)[pri:0, instance:CignaTest.CignaTests6@1c1bbc4e]" started-at="2019-09-28T12:56:15 EDT" name="setUp" finished-at="2019-09-28T12:56:19 EDT" duration-ms="4451" status="PASS">
          <params>
            <param index="0">
              <value>
                <![CDATA[false]]>
              </value>
            </param>
            <param index="1">
              <value>
                <![CDATA[browserstack]]>
              </value>
            </param>
            <param index="2">
              <value>
                <![CDATA[OS X]]>
              </value>
            </param>
            <param index="3">
              <value>
                <![CDATA[Sierra]]>
              </value>
            </param>
            <param index="4">
              <value>
                <![CDATA[chrome]]>
              </value>
            </param>
            <param index="5">
              <value>
                <![CDATA[60.0]]>
              </value>
            </param>
            <param index="6">
              <value>
                <![CDATA[https://www.cigna.com/]]>
              </value>
            </param>
          </params>
          <reporter-output>
          </reporter-output>
        </test-method> <!-- setUp -->
        <test-method is-config="true" signature="cleanUP()[pri:0, instance:CignaTest.CignaTests6@1c1bbc4e]" started-at="2019-09-28T12:56:15 EDT" name="cleanUP" finished-at="2019-09-28T12:56:15 EDT" duration-ms="0" status="PASS">
          <reporter-output>
          </reporter-output>
        </test-method> <!-- cleanUP -->
        <test-method is-config="true" signature="initElements()[pri:0, instance:CignaTest.CignaTests6@1c1bbc4e]" started-at="2019-09-28T12:56:19 EDT" name="initElements" finished-at="2019-09-28T12:56:19 EDT" duration-ms="1" status="PASS">
          <reporter-output>
          </reporter-output>
        </test-method> <!-- initElements -->
[...]
            <param index="4">
              <value>
                <![CDATA[chrome]]>
              </value>
            </param>
            <param index="5">
              <value>
                <![CDATA[60.0]]>
              </value>
            </param>
            <param index="6">
              <value>
                <![CDATA[https://www.cigna.com/]]>
              </value>
            </param>
          </params>
          <reporter-output>
          </reporter-output>
        </test-method> <!-- setUp -->
        <test-method is-config="true" signature="cleanUP()[pri:0, instance:CignaTest.CignaTests@40005471]" started-at="2019-09-28T12:51:21 EDT" name="cleanUP" finished-at="2019-09-28T12:51:21 EDT" duration-ms="0" status="PASS">
          <reporter-output>
          </reporter-output>
        </test-method> <!-- cleanUP -->
        <test-method is-config="true" signature="startExtent(java.lang.reflect.Method)[pri:0, instance:CignaTest.CignaTests@40005471]" started-at="2019-09-28T12:51:27 EDT" name="startExtent" finished-at="2019-09-28T12:51:27 EDT" duration-ms="0" status="PASS">
          <params>
            <param index="0">
              <value>
                <![CDATA[public void CignaTest.CignaTests.testClickContactUs()]]>
              </value>
            </param>
          </params>
          <reporter-output>
          </reporter-output>
        </test-method> <!-- startExtent -->
        <test-method is-config="true" signature="initElements()[pri:0, instance:CignaTest.CignaTests@40005471]" started-at="2019-09-28T12:51:27 EDT" name="initElements" finished-at="2019-09-28T12:51:27 EDT" duration-ms="3" status="PASS">
          <reporter-output>
          </reporter-output>
        </test-method> <!-- initElements -->
        <test-method signature="testClickContactUs()[pri:0, instance:CignaTest.CignaTests@40005471]" started-at="2019-09-28T12:51:27 EDT" name="testClickContactUs" finished-at="2019-09-28T12:51:29 EDT" duration-ms="2008" status="PASS">
          <reporter-output>
          </reporter-output>
        </test-method> <!-- testClickContactUs -->
        <test-method is-config="true" signature="afterEachTestMethod()[pri:0, instance:CignaTest.CignaTests@40005471]" started-at="2019-09-28T12:51:29 EDT" name="afterEachTestMethod" finished-at="2019-09-28T12:51:29 EDT" duration-ms="105" status="PASS">
          <reporter-output>
          </reporter-output>
        </test-method> <!-- afterEachTestMethod -->
        <test-method is-config="true" signature="cleanUP()[pri:0, instance:CignaTest.CignaTests@40005471]" started-at="2019-09-28T12:51:29 EDT" name="cleanUP" finished-at="2019-09-28T12:51:29 EDT" duration-ms="0" status="PASS">
          <reporter-output>
          </reporter-output>
        </test-method> <!-- cleanUP -->
        <test-method is-config="true" signature="setUp(boolean, java.lang.String, java.lang.String, java.lang.String, java.lang.String, java.lang.String, java.lang.String)[pri:0, instance:CignaTest.CignaTests@40005471]" started-at="2019-09-28T12:51:29 EDT" name="setUp" finished-at="2019-09-28T12:51:34 EDT" duration-ms="4784" status="PASS">
          <params>
            <param index="0">
              <value>
                <![CDATA[false]]>
              </value>
            </param>
            <param index="1">
              <value>
                <![CDATA[browserstack]]>
              </value>
            </param>
            <param index="2">
              <value>
                <![CDATA[OS X]]>
              </value>
            </param>
            <param index="3">
              <value>
                <![CDATA[Sierra]]>
              </value>
            </param>
            <param index="4">
              <value>
                <![CDATA[chrome]]>
              </value>
            </param>
            <param index="5">
              <value>
                <![CDATA[60.0]]>
              </value>
            </param>
            <param index="6">
              <value>
                <![CDATA[https://www.cigna.com/]]>
              </value>
            </param>
          </params>
          <reporter-output>
          </reporter-output>
        </test-method> <!-- setUp -->
        <test-method is-config="true" signature="startExtent(java.lang.reflect.Method)[pri:0, instance:CignaTest.CignaTests@40005471]" started-at="2019-09-28T12:51:34 EDT" name="startExtent" finished-at="2019-09-28T12:51:34 EDT" duration-ms="1" status="PASS">
          <params>
            <param index="0">
              <value>
                <![CDATA[public void CignaTest.CignaTests.testClickEspanol()]]>
              </value>
            </param>
          </params>
          <reporter-output>
          </reporter-output>
        </test-method> <!-- startExtent -->
        <test-method is-config="true" signature="initElements()[pri:0, instance:CignaTest.CignaTests@40005471]" started-at="2019-09-28T12:51:34 EDT" name="initElements" finished-at="2019-09-28T12:51:34 EDT" duration-ms="3" status="PASS">
          <reporter-output>
          </reporter-output>
        </test-method> <!-- initElements -->
        <test-method signature="testClickEspanol()[pri:0, instance:CignaTest.CignaTests@40005471]" started-at="2019-09-28T12:51:34 EDT" name="testClickEspanol" finished-at="2019-09-28T12:51:35 EDT" duration-ms="1049" status="PASS">
          <reporter-output>
          </reporter-output>
        </test-method> <!-- testClickEspanol -->
        <test-method is-config="true" signature="afterEachTestMethod()[pri:0, instance:CignaTest.CignaTests@40005471]" started-at="2019-09-28T12:51:35 EDT" name="afterEachTestMethod" finished-at="2019-09-28T12:51:35 EDT" duration-ms="101" status="PASS">
          <reporter-output>
          </reporter-output>
        </test-method> <!-- afterEachTestMethod -->
        <test-method is-config="true" signature="setUp(boolean, java.lang.String, java.lang.String, java.lang.String, java.lang.String, java.lang.String, java.lang.String)[pri:0, instance:CignaTest.CignaTests@40005471]" started-at="2019-09-28T12:51:35 EDT" name="setUp" finished-at="2019-09-28T12:51:40 EDT" duration-ms="5003" status="PASS">
          <params>
            <param index="0">
              <value>
                <![CDATA[false]]>
              </value>
            </param>
            <param index="1">
              <value>
                <![CDATA[browserstack]]>
              </value>
            </param>
            <param index="2">
              <value>
                <![CDATA[OS X]]>
              </value>
            </param>
            <param index="3">
              <value>
                <![CDATA[Sierra]]>
              </value>
            </param>
            <param index="4">
              <value>
                <![CDATA[chrome]]>
              </value>
            </param>
            <param index="5">
              <value>
                <![CDATA[60.0]]>
              </value>
            </param>
            <param index="6">
              <value>
                <![CDATA[https://www.cigna.com/]]>
              </value>
            </param>
          </params>
          <reporter-output>
          </reporter-output>
        </test-method> <!-- setUp -->
        <test-method is-config="true" signature="cleanUP()[pri:0, instance:CignaTest.CignaTests@40005471]" started-at="2019-09-28T12:51:35 EDT" name="cleanUP" finished-at="2019-09-28T12:51:35 EDT" duration-ms="0" status="PASS">
          <reporter-output>
          </reporter-output>
        </test-method> <!-- cleanUP -->
        <test-method is-config="true" signature="startExtent(java.lang.reflect.Method)[pri:0, instance:CignaTest.CignaTests@40005471]" started-at="2019-09-28T12:51:40 EDT" name="startExtent" finished-at="2019-09-28T12:51:40 EDT" duration-ms="0" status="PASS">
          <params>
            <param index="0">
              <value>
                <![CDATA[public void CignaTest.CignaTests.testClickPrivacy()]]>
              </value>
            </param>
          </params>
          <reporter-output>
          </reporter-output>
        </test-method> <!-- startExtent -->
        <test-method is-config="true" signature="initElements()[pri:0, instance:CignaTest.CignaTests@40005471]" started-at="2019-09-28T12:51:40 EDT" name="initElements" finished-at="2019-09-28T12:51:40 EDT" duration-ms="3" status="PASS">
          <reporter-output>
          </reporter-output>
        </test-method> <!-- initElements -->
        <test-method signature="testClickPrivacy()[pri:0, instance:CignaTest.CignaTests@40005471]" started-at="2019-09-28T12:51:40 EDT" name="testClickPrivacy" finished-at="2019-09-28T12:51:42 EDT" duration-ms="2746" status="PASS">
          <reporter-output>
          </reporter-output>
        </test-method> <!-- testClickPrivacy -->
        <test-method is-config="true" signature="afterEachTestMethod()[pri:0, instance:CignaTest.CignaTests@40005471]" started-at="2019-09-28T12:51:42 EDT" name="afterEachTestMethod" finished-at="2019-09-28T12:51:43 EDT" duration-ms="112" status="PASS">
          <reporter-output>
          </reporter-output>
        </test-method> <!-- afterEachTestMethod -->
        <test-method is-config="true" signature="cleanUP()[pri:0, instance:CignaTest.CignaTests@40005471]" started-at="2019-09-28T12:51:43 EDT" name="cleanUP" finished-at="2019-09-28T12:51:43 EDT" duration-ms="1" status="PASS">
          <reporter-output>
          </reporter-output>
        </test-method> <!-- cleanUP -->
        <test-method is-config="true" signature="setUp(boolean, java.lang.String, java.lang.String, java.lang.String, java.lang.String, java.lang.String, java.lang.String)[pri:0, instance:CignaTest.CignaTests@40005471]" started-at="2019-09-28T12:51:43 EDT" name="setUp" finished-at="2019-09-28T12:51:47 EDT" duration-ms="4470" status="PASS">
          <params>
            <param index="0">
              <value>
                <![CDATA[false]]>
              </value>
            </param>
            <param index="1">
              <value>
                <![CDATA[browserstack]]>
              </value>
            </param>
            <param index="2">
              <value>
                <![CDATA[OS X]]>
              </value>
            </param>
            <param index="3">
              <value>
                <![CDATA[Sierra]]>
              </value>
            </param>
            <param index="4">
              <value>
                <![CDATA[chrome]]>
              </value>
            </param>
            <param index="5">
              <value>
                <![CDATA[60.0]]>
              </value>
            </param>
            <param index="6">
              <value>
                <![CDATA[https://www.cigna.com/]]>
              </value>
            </param>
          </params>
          <reporter-output>
          </reporter-output>
        </test-method> <!-- setUp -->
        <test-method is-config="true" signature="initElements()[pri:0, instance:CignaTest.CignaTests@40005471]" started-at="2019-09-28T12:51:47 EDT" name="initElements" finished-at="2019-09-28T12:51:47 EDT" duration-ms="3" status="PASS">
          <reporter-output>
          </reporter-output>
        </test-method> <!-- initElements -->
        <test-method is-config="true" signature="startExtent(java.lang.reflect.Method)[pri:0, instance:CignaTest.CignaTests@40005471]" started-at="2019-09-28T12:51:47 EDT" name="startExtent" finished-at="2019-09-28T12:51:47 EDT" duration-ms="0" status="PASS">
          <params>
            <param index="0">
              <value>
                <![CDATA[public void CignaTest.CignaTests.testFindDoctor()]]>
              </value>
            </param>
          </params>
          <reporter-output>
          </reporter-output>
        </test-method> <!-- startExtent -->
        <test-method signature="testFindDoctor()[pri:0, instance:CignaTest.CignaTests@40005471]" started-at="2019-09-28T12:51:47 EDT" name="testFindDoctor" finished-at="2019-09-28T12:51:49 EDT" duration-ms="1563" status="PASS">
          <reporter-output>
          </reporter-output>
        </test-method> <!-- testFindDoctor -->
        <test-method is-config="true" signature="afterEachTestMethod()[pri:0, instance:CignaTest.CignaTests@40005471]" started-at="2019-09-28T12:51:49 EDT" name="afterEachTestMethod" finished-at="2019-09-28T12:51:49 EDT" duration-ms="101" status="PASS">
          <reporter-output>
          </reporter-output>
        </test-method> <!-- afterEachTestMethod -->
        <test-method is-config="true" signature="cleanUP()[pri:0, instance:CignaTest.CignaTests@40005471]" started-at="2019-09-28T12:51:49 EDT" name="cleanUP" finished-at="2019-09-28T12:51:49 EDT" duration-ms="0" status="PASS">
          <reporter-output>
          </reporter-output>
        </test-method> <!-- cleanUP -->
        <test-method is-config="true" signature="setUp(boolean, java.lang.String, java.lang.String, java.lang.String, java.lang.String, java.lang.String, java.lang.String)[pri:0, instance:CignaTest.CignaTests@40005471]" started-at="2019-09-28T12:51:49 EDT" name="setUp" finished-at="2019-09-28T12:51:53 EDT" duration-ms="4520" status="PASS">
          <params>
            <param index="0">
              <value>
                <![CDATA[false]]>
              </value>
            </param>
            <param index="1">
              <value>
                <![CDATA[browserstack]]>
              </value>
            </param>
            <param index="2">
              <value>
                <![CDATA[OS X]]>
              </value>
            </param>
            <param index="3">
              <value>
                <![CDATA[Sierra]]>
              </value>
            </param>
            <param index="4">
              <value>
                <![CDATA[chrome]]>
              </value>
            </param>
            <param index="5">
              <value>
                <![CDATA[60.0]]>
              </value>
            </param>
            <param index="6">
              <value>
                <![CDATA[https://www.cigna.com/]]>
              </value>
            </param>
          </params>
          <reporter-output>
          </reporter-output>
        </test-method> <!-- setUp -->
        <test-method is-config="true" signature="startExtent(java.lang.reflect.Method)[pri:0, instance:CignaTest.CignaTests@40005471]" started-at="2019-09-28T12:51:53 EDT" name="startExtent" finished-at="2019-09-28T12:51:53 EDT" duration-ms="1" status="PASS">
          <params>
            <param index="0">
              <value>
                <![CDATA[public void CignaTest.CignaTests.testSearchBar()]]>
              </value>
            </param>
          </params>
          <reporter-output>
          </reporter-output>
        </test-method> <!-- startExtent -->
        <test-method is-config="true" signature="initElements()[pri:0, instance:CignaTest.CignaTests@40005471]" started-at="2019-09-28T12:51:53 EDT" name="initElements" finished-at="2019-09-28T12:51:53 EDT" duration-ms="2" status="PASS">
          <reporter-output>
          </reporter-output>
        </test-method> <!-- initElements -->
        <test-method signature="testSearchBar()[pri:0, instance:CignaTest.CignaTests@40005471]" started-at="2019-09-28T12:51:53 EDT" name="testSearchBar" finished-at="2019-09-28T12:51:55 EDT" duration-ms="1346" status="PASS">
          <reporter-output>
          </reporter-output>
        </test-method> <!-- testSearchBar -->
        <test-method is-config="true" signature="afterEachTestMethod()[pri:0, instance:CignaTest.CignaTests@40005471]" started-at="2019-09-28T12:51:55 EDT" name="afterEachTestMethod" finished-at="2019-09-28T12:51:55 EDT" duration-ms="96" status="PASS">
          <reporter-output>
          </reporter-output>
        </test-method> <!-- afterEachTestMethod -->
        <test-method is-config="true" signature="setUp(boolean, java.lang.String, java.lang.String, java.lang.String, java.lang.String, java.lang.String, java.lang.String)[pri:0, instance:CignaTest.CignaTests@40005471]" started-at="2019-09-28T12:51:55 EDT" name="setUp" finished-at="2019-09-28T12:51:59 EDT" duration-ms="4350" status="PASS">
          <params>
            <param index="0">
              <value>
                <![CDATA[false]]>
              </value>
            </param>
            <param index="1">
              <value>
                <![CDATA[browserstack]]>
              </value>
            </param>
            <param index="2">
              <value>
                <![CDATA[OS X]]>
              </value>
            </param>
            <param index="3">
              <value>
                <![CDATA[Sierra]]>
              </value>
            </param>
            <param index="4">
              <value>
                <![CDATA[chrome]]>
              </value>
            </param>
            <param index="5">
              <value>
                <![CDATA[60.0]]>
              </value>
            </param>
            <param index="6">
              <value>
                <![CDATA[https://www.cigna.com/]]>
              </value>
            </param>
          </params>
          <reporter-output>
          </reporter-output>
        </test-method> <!-- setUp -->
        <test-method is-config="true" signature="cleanUP()[pri:0, instance:CignaTest.CignaTests@40005471]" started-at="2019-09-28T12:51:55 EDT" name="cleanUP" finished-at="2019-09-28T12:51:55 EDT" duration-ms="0" status="PASS">
          <reporter-output>
          </reporter-output>
        </test-method> <!-- cleanUP -->
        <test-method is-config="true" signature="startExtent(java.lang.reflect.Method)[pri:0, instance:CignaTest.CignaTests@40005471]" started-at="2019-09-28T12:51:59 EDT" name="startExtent" finished-at="2019-09-28T12:51:59 EDT" duration-ms="1" status="PASS">
          <params>
            <param index="0">
              <value>
                <![CDATA[public void CignaTest.CignaTests.testSignIn()]]>
              </value>
            </param>
          </params>
          <reporter-output>
          </reporter-output>
        </test-method> <!-- startExtent -->
        <test-method is-config="true" signature="initElements()[pri:0, instance:CignaTest.CignaTests@40005471]" started-at="2019-09-28T12:51:59 EDT" name="initElements" finished-at="2019-09-28T12:51:59 EDT" duration-ms="2" status="PASS">
          <reporter-output>
          </reporter-output>
        </test-method> <!-- initElements -->
        <test-method signature="testSignIn()[pri:0, instance:CignaTest.CignaTests@40005471]" started-at="2019-09-28T12:51:59 EDT" name="testSignIn" finished-at="2019-09-28T12:51:59 EDT" duration-ms="236" status="PASS">
          <reporter-output>
          </reporter-output>
        </test-method> <!-- testSignIn -->
        <test-method is-config="true" signature="afterEachTestMethod()[pri:0, instance:CignaTest.CignaTests@40005471]" started-at="2019-09-28T12:51:59 EDT" name="afterEachTestMethod" finished-at="2019-09-28T12:51:59 EDT" duration-ms="104" status="PASS">
          <reporter-output>
          </reporter-output>
        </test-method> <!-- afterEachTestMethod -->
        <test-method is-config="true" signature="cleanUP()[pri:0, instance:CignaTest.CignaTests@40005471]" started-at="2019-09-28T12:51:59 EDT" name="cleanUP" finished-at="2019-09-28T12:51:59 EDT" duration-ms="0" status="PASS">
          <reporter-output>
          </reporter-output>
        </test-method> <!-- cleanUP -->
        <test-method is-config="true" signature="generateReport()[pri:0, instance:CignaTest.CignaTests@40005471]" started-at="2019-09-28T12:57:03 EDT" name="generateReport" finished-at="2019-09-28T12:57:03 EDT" duration-ms="1" status="PASS">
          <reporter-output>
          </reporter-output>
        </test-method> <!-- generateReport -->
      </class> <!-- CignaTest.CignaTests -->
    </test> <!-- Cigna -->
  </suite> <!-- Cigna Automation -->
</testng-results>
