<?xml version="1.0" encoding="UTF-8"?>
<testsuite xmlns:xsi="http://www.w3.org/2001/XMLSchema-instance" xsi:noNamespaceSchemaLocation="https://maven.apache.org/surefire/maven-surefire-plugin/xsd/surefire-test-report-3.0.xsd" version="3.0" name="TestSuite" time="698.627" tests="77" errors="0" skipped="0" failures="3">
  <properties>
[...]
</properties>
  <testcase name="testClickCignaInternational" classname="CignaTest.CignaTestsRightTopButtons" time="3.725"/>
  <testcase name="testClickContactUs" classname="CignaTest.CignaTestsRightTopButtons" time="1.353"/>
  <testcase name="testClickEspanol" classname="CignaTest.CignaTestsRightTopButtons" time="1.45"/>
  <testcase name="testClickPrivacy" classname="CignaTest.CignaTestsRightTopButtons" time="3.364"/>
  <testcase name="testFindDoctor" classname="CignaTest.CignaTestsRightTopButtons" time="2.176"/>
  <testcase name="testSearchBar" classname="CignaTest.CignaTestsRightTopButtons" time="11.43">
    <failure message="no such element: Unable to locate element: {&quot;method&quot;:&quot;xpath&quot;,&quot;selector&quot;:&quot;//div[@class =&apos;csng-search-key&apos;]&quot;}&#10;  (Session info: chrome=77.0.3865.90)&#10;For documentation on this error, please visit: https://www.seleniumhq.org/exceptions/no_such_element.html&#10;Build info: version: &apos;3.141.59&apos;, revision: &apos;e82be7d358&apos;, time: &apos;2018-11-14T08:17:03&apos;&#10;System info: host: &apos;Macs-MBP-5.attlocal.net&apos;, ip: &apos;2600:1700:3890:ac10:0:0:0:48%en0&apos;, os.name: &apos;Mac OS X&apos;, os.arch: &apos;x86_64&apos;, os.version: &apos;10.14.6&apos;, java.version: &apos;11.0.2&apos;&#10;Driver info: org.openqa.selenium.chrome.ChromeDriver&#10;Capabilities {acceptInsecureCerts: false, browserName: chrome, browserVersion: 77.0.3865.90, chrome: {chromedriverVersion: 76.0.3809.126 (d80a294506b4..., userDataDir: /var/folders/n2/vl72p8515wd...}, goog:chromeOptions: {debuggerAddress: localhost:57647}, javascriptEnabled: true, networkConnectionEnabled: false, pageLoadStrategy: normal, platform: MAC, platformName: MAC, proxy: Proxy(), setWindowRect: true, strictFileInteractability: false, timeouts: {implicit: 0, pageLoad: 300000, script: 30000}, unhandledPromptBehavior: dismiss and notify}&#10;Session ID: 82b79ad4f08e55e9627a47719cf54271&#10;*** Element info: {Using=xpath, value=//div[@class =&apos;csng-search-key&apos;]}" type="org.openqa.selenium.NoSuchElementException">org.openqa.selenium.NoSuchElementException: 
no such element: Unable to locate element: {"method":"xpath","selector":"//div[@class ='csng-search-key']"}
  (Session info: chrome=77.0.3865.90)
For documentation on this error, please visit: https://www.seleniumhq.org/exceptions/no_such_element.html
Build info: version: '3.141.59', revision: 'e82be7d358', time: '2018-11-14T08:17:03'
System info: host: 'Macs-MBP-5.attlocal.net', ip: '2600:1700:3890:ac10:0:0:0:48%en0', os.name: 'Mac OS X', os.arch: 'x86_64', os.version: '10.14.6', java.version: '11.0.2'
Driver info: org.openqa.selenium.chrome.ChromeDriver
Capabilities {acceptInsecureCerts: false, browserName: chrome, browserVersion: 77.0.3865.90, chrome: {chromedriverVersion: 76.0.3809.126 (d80a294506b4..., userDataDir: /var/folders/n2/vl72p8515wd...}, goog:chromeOptions: {debuggerAddress: localhost:57647}, javascriptEnabled: true, networkConnectionEnabled: false, pageLoadStrategy: normal, platform: MAC, platformName: MAC, proxy: Proxy(), setWindowRect: true, strictFileInteractability: false, timeouts: {implicit: 0, pageLoad: 300000, script: 30000}, unhandledPromptBehavior: dismiss and notify}
Session ID: 82b79ad4f08e55e9627a47719cf54271
*** Element info: {Using=xpath, value=//div[@class ='csng-search-key']}
	at CignaTest.CignaTestsRightTopButtons.testSearchBar(CignaTestsRightTopButtons.java:41)
</failure>
    <system-out><![CDATA[CignaTestsRightTopButtons: test Search Bar
CignaTestsRightTopButtons: search Bar Search
]]></system-out>
    <system-err><![CDATA[Starting ChromeDriver 76.0.3809.126 (d80a294506b4c9d18015e755cee48f953ddc3f2f-refs/branch-heads/3809@{#1024}) on port 20763
Only local connections are allowed.
Please protect ports used by ChromeDriver and related test frameworks to prevent access by malicious code.
[1570330187.319][WARNING]: This version of ChromeDriver has not been tested with Chrome version 77.
Oct 05, 2019 10:49:47 PM org.openqa.selenium.remote.ProtocolHandshake createSession
INFO: Detected dialect: W3C
]]></system-err>
  </testcase>
  <testcase name="testSignIn" classname="CignaTest.CignaTestsRightTopButtons" time="0.216"/>
  <testcase name="testClickInternationalInsurance" classname="CignaTest.TestIndividualsAndFamilyBar" time="5.917"/>
  <testcase name="testDentalPlanButton" classname="CignaTest.TestIndividualsAndFamilyBar" time="3.191">
    <failure message="did not expect to find [true] but found [false]" type="java.lang.AssertionError">java.lang.AssertionError: did not expect to find [true] but found [false]
	at CignaTest.TestIndividualsAndFamilyBar.testDentalPlanButton(TestIndividualsAndFamilyBar.java:32)
</failure>
    <system-out><![CDATA[TestIndividualsAndFamilyBar: test Dental Plan Button
TestIndividualsAndFamilyBar: click Dental P Lan
TestIndividualsAndFamilyBar: click Plans And Services
]]></system-out>
    <system-err><![CDATA[Starting ChromeDriver 76.0.3809.126 (d80a294506b4c9d18015e755cee48f953ddc3f2f-refs/branch-heads/3809@{#1024}) on port 27679
Only local connections are allowed.
Please protect ports used by ChromeDriver and related test frameworks to prevent access by malicious code.
[1570330222.223][WARNING]: This version of ChromeDriver has not been tested with Chrome version 77.
Oct 05, 2019 10:50:22 PM org.openqa.selenium.remote.ProtocolHandshake createSession
INFO: Detected dialect: W3C
]]></system-err>
  </testcase>
  <testcase name="testFindingButton" classname="CignaTest.TestIndividualsAndFamilyBar" time="4.1"/>
  <testcase name="testIndividualsAndFamilyButton" classname="CignaTest.TestIndividualsAndFamilyBar" time="1.89"/>
  <testcase name="testMemberSources" classname="CignaTest.TestIndividualsAndFamilyBar" time="2.113"/>
  <testcase name="testOtherSuplementalInsurance" classname="CignaTest.TestIndividualsAndFamilyBar" time="2.99"/>
  <testcase name="testPlansAndServices" classname="CignaTest.TestIndividualsAndFamilyBar" time="2.061"/>
  <testcase name="testBuyingInsuranceButton" classname="CignaTest.TestsUnderstandingInsuranceList" time="3.372"/>
  <testcase name="testClickHealthcareReform" classname="CignaTest.TestsUnderstandingInsuranceList" time="3.334"/>
  <testcase name="testCommonInsurance" classname="CignaTest.TestsUnderstandingInsuranceList" time="3.089"/>
  <testcase name="testCopayButton" classname="CignaTest.TestsUnderstandingInsuranceList" time="3.324"/>
  <testcase name="testHowToShopButton" classname="CignaTest.TestsUnderstandingInsuranceList" time="3.929"/>
  <testcase name="testProviderButton" classname="CignaTest.TestsUnderstandingInsuranceList" time="2.851"/>
  <testcase name="testUnderstandingInsurance" classname="CignaTest.TestsUnderstandingInsuranceList" time="1.876"/>
  <testcase name="testCignaMobileAppButton" classname="CignaTest.TestUnderstandingInsuranceList2" time="3.371"/>
  <testcase name="testClaimsButton" classname="CignaTest.TestUnderstandingInsuranceList2" time="3.622"/>
  <testcase name="testClickHsaButton" classname="CignaTest.TestUnderstandingInsuranceList2" time="4.082"/>
  <testcase name="testCustomerServicesButton" classname="CignaTest.TestUnderstandingInsuranceList2" time="3.019"/>
  <testcase name="testPrescriptionButton" classname="CignaTest.TestUnderstandingInsuranceList2" time="4.047"/>
  <testcase name="testProgramsButton" classname="CignaTest.TestUnderstandingInsuranceList2" time="3.14"/>
  <testcase name="testRequestIdCard" classname="CignaTest.TestUnderstandingInsuranceList2" time="3.333"/>
  <testcase name="testAutismButton" classname="CignaTest.TestHealthAndWellnessListButtons" time="4.137"/>
  <testcase name="testDentalPlanButton" classname="CignaTest.TestHealthAndWellnessListButtons" time="4.192"/>
  <testcase name="testDisasterResourcesButton" classname="CignaTest.TestHealthAndWellnessListButtons" time="2.862"/>
  <testcase name="testEatingDisordersButon" classname="CignaTest.TestHealthAndWellnessListButtons" time="4.633"/>
  <testcase name="testEatingWellButton" classname="CignaTest.TestHealthAndWellnessListButtons" time="3.155"/>
  <testcase name="testExercisesButton" classname="CignaTest.TestHealthAndWellnessListButtons" time="6.376"/>
  <testcase name="testHealthAndWellnessButton" classname="CignaTest.TestHealthAndWellnessListButtons" time="2.466"/>
  <testcase name="testClickFamilyButton" classname="CignaTest.TestHealthAndWellnessListButtonList" time="3.42"/>
  <testcase name="testClickHealthyAging" classname="CignaTest.TestHealthAndWellnessListButtonList" time="3.707"/>
  <testcase name="testClickLgbtButton" classname="CignaTest.TestHealthAndWellnessListButtonList" time="3.192"/>
  <testcase name="testClickMentalHealth" classname="CignaTest.TestHealthAndWellnessListButtonList" time="3.748"/>
  <testcase name="testClickMilitaryButton" classname="CignaTest.TestHealthAndWellnessListButtonList" time="2.965"/>
  <testcase name="testClickSubstanceButton" classname="CignaTest.TestHealthAndWellnessListButtonList" time="3.743"/>
  <testcase name="testClickSuicideButton" classname="CignaTest.TestHealthAndWellnessListButtonList" time="3.554"/>
  <testcase name="testClickCignaFitBitButton" classname="CignaTest.TestEmployersAndBrokers" time="3.99"/>
  <testcase name="testClickDiseaseButton" classname="CignaTest.TestEmployersAndBrokers" time="4.324"/>
  <testcase name="testClickHsaAndHraButton" classname="CignaTest.TestEmployersAndBrokers" time="3.788"/>
  <testcase name="testEmployersAndBrokers" classname="CignaTest.TestEmployersAndBrokers" time="1.982"/>
  <testcase name="testMedicalPlanButton" classname="CignaTest.TestEmployersAndBrokers" time="3.833"/>
  <testcase name="testMedicationButton" classname="CignaTest.TestEmployersAndBrokers" time="3.028"/>
  <testcase name="testPlansAndServicesForEmployers" classname="CignaTest.TestEmployersAndBrokers" time="2.461"/>
  <testcase name="clickDentalInsurancePlanButtonTest" classname="CignaTest.TestPlanAndServicesFromEmployers" time="4.219"/>
  <testcase name="clickHmoPlansButtonTest" classname="CignaTest.TestPlanAndServicesFromEmployers" time="3.953"/>
  <testcase name="clickIndemnityPlanButtonTest" classname="CignaTest.TestPlanAndServicesFromEmployers" time="3.796"/>
  <testcase name="clickLocalPlusButton" classname="CignaTest.TestPlanAndServicesFromEmployers" time="3.547"/>
  <testcase name="clickNetworkPLansButtonTest" classname="CignaTest.TestPlanAndServicesFromEmployers" time="4.211"/>
  <testcase name="clickOpenAccessButtonTest" classname="CignaTest.TestPlanAndServicesFromEmployers" time="3.488"/>
  <testcase name="clickPPOPlansButton" classname="CignaTest.TestPlanAndServicesFromEmployers" time="0.474">
    <failure type="java.lang.StackOverflowError">java.lang.StackOverflowError
	at CignaTest.TestPlanAndServicesFromEmployers.clickPPOPlansButton(TestPlanAndServicesFromEmployers.java:30)
	at CignaTest.TestPlanAndServicesFromEmployers.clickPPOPlansButton(TestPlanAndServicesFromEmployers.java:31)
	at CignaTest.TestPlanAndServicesFromEmployers.clickPPOPlansButton(TestPlanAndServicesFromEmployers.java:31)
	at CignaTest.TestPlanAndServicesFromEmployers.clickPPOPlansButton(TestPlanAndServicesFromEmployers.java:31)
	at CignaTest.TestPlanAndServicesFromEmployers.clickPPOPlansButton(TestPlanAndServicesFromEmployers.java:31)
	at CignaTest.TestPlanAndServicesFromEmployers.clickPPOPlansButton(TestPlanAndServicesFromEmployers.java:31)
	at CignaTest.TestPlanAndServicesFromEmployers.clickPPOPlansButton(TestPlanAndServicesFromEmployers.java:31)
	at CignaTest.TestPlanAndServicesFromEmployers.clickPPOPlansButton(TestPlanAndServicesFromEmployers.java:31)
	at CignaTest.TestPlanAndServicesFromEmployers.clickPPOPlansButton(TestPlanAndServicesFromEmployers.java:31)
	at CignaTest.TestPlanAndServicesFromEmployers.clickPPOPlansButton(TestPlanAndServicesFromEmployers.java:31)
	at CignaTest.TestPlanAndServicesFromEmployers.clickPPOPlansButton(TestPlanAndServicesFromEmployers.java:31)
	at CignaTest.TestPlanAndServicesFromEmployers.clickPPOPlansButton(TestPlanAndServicesFromEmployers.java:31)
	at CignaTest.TestPlanAndServicesFromEmployers.clickPPOPlansButton(TestPlanAndServicesFromEmployers.java:31)
	at CignaTest.TestPlanAndServicesFromEmployers.clickPPOPlansButton(TestPlanAndServicesFromEmployers.java:31)
	at CignaTest.TestPlanAndServicesFromEmployers.clickPPOPlansButton(TestPlanAndServicesFromEmployers.java:31)
	at CignaTest.TestPlanAndServicesFromEmployers.clickPPOPlansButton(TestPlanAndServicesFromEmployers.java:31)
	at CignaTest.TestPlanAndServicesFromEmployers.clickPPOPlansButton(TestPlanAndServicesFromEmployers.java:31)
	at CignaTest.TestPlanAndServicesFromEmployers.clickPPOPlansButton(TestPlanAndServicesFromEmployers.java:31)
	at CignaTest.TestPlanAndServicesFromEmployers.clickPPOPlansButton(TestPlanAndServicesFromEmployers.java:31)
	at CignaTest.TestPlanAndServicesFromEmployers.clickPPOPlansButton(TestPlanAndServicesFromEmployers.java:31)
	at CignaTest.TestPlanAndServicesFromEmployers.clickPPOPlansButton(TestPlanAndServicesFromEmployers.java:31)
	at CignaTest.TestPlanAndServicesFromEmployers.clickPPOPlansButton(TestPlanAndServicesFromEmployers.java:31)
	at CignaTest.TestPlanAndServicesFromEmployers.clickPPOPlansButton(TestPlanAndServicesFromEmployers.java:31)
	at CignaTest.TestPlanAndServicesFromEmployers.clickPPOPlansButton(TestPlanAndServicesFromEmployers.java:31)
	at CignaTest.TestPlanAndServicesFromEmployers.clickPPOPlansButton(TestPlanAndServicesFromEmployers.java:31)
	at CignaTest.TestPlanAndServicesFromEmployers.clickPPOPlansButton(TestPlanAndServicesFromEmployers.java:31)
	at CignaTest.TestPlanAndServicesFromEmployers.clickPPOPlansButton(TestPlanAndServicesFromEmployers.java:31)
	at CignaTest.TestPlanAndServicesFromEmployers.clickPPOPlansButton(TestPlanAndServicesFromEmployers.java:31)
	at CignaTest.TestPlanAndServicesFromEmployers.clickPPOPlansButton(TestPlanAndServicesFromEmployers.java:31)
	at CignaTest.TestPlanAndServicesFromEmployers.clickPPOPlansButton(TestPlanAndServicesFromEmployers.java:31)
	at CignaTest.TestPlanAndServicesFromEmployers.clickPPOPlansButton(TestPlanAndServicesFromEmployers.java:31)
	at CignaTest.TestPlanAndServicesFromEmployers.clickPPOPlansButton(TestPlanAndServicesFromEmployers.java:31)
	at CignaTest.TestPlanAndServicesFromEmployers.clickPPOPlansButton(TestPlanAndServicesFromEmployers.java:31)
	at CignaTest.TestPlanAndServicesFromEmployers.clickPPOPlansButton(TestPlanAndServicesFromEmployers.java:31)
	at CignaTest.TestPlanAndServicesFromEmployers.clickPPOPlansButton(TestPlanAndServicesFromEmployers.java:31)
	at CignaTest.TestPlanAndServicesFromEmployers.clickPPOPlansButton(TestPlanAndServicesFromEmployers.java:31)
	at CignaTest.TestPlanAndServicesFromEmployers.clickPPOPlansButton(TestPlanAndServicesFromEmployers.java:31)
	at CignaTest.TestPlanAndServicesFromEmployers.clickPPOPlansButton(TestPlanAndServicesFromEmployers.java:31)
	at CignaTest.TestPlanAndServicesFromEmployers.clickPPOPlansButton(TestPlanAndServicesFromEmployers.java:31)
	at CignaTest.TestPlanAndServicesFromEmployers.clickPPOPlansButton(TestPlanAndServicesFromEmployers.java:31)
	at CignaTest.TestPlanAndServicesFromEmployers.clickPPOPlansButton(TestPlanAndServicesFromEmployers.java:31)
	at CignaTest.TestPlanAndServicesFromEmployers.clickPPOPlansButton(TestPlanAndServicesFromEmployers.java:31)
	at CignaTest.TestPlanAndServicesFromEmployers.clickPPOPlansButton(TestPlanAndServicesFromEmployers.java:31)
	at CignaTest.TestPlanAndServicesFromEmployers.clickPPOPlansButton(TestPlanAndServicesFromEmployers.java:31)
	at CignaTest.TestPlanAndServicesFromEmployers.clickPPOPlansButton(TestPlanAndServicesFromEmployers.java:31)
	at CignaTest.TestPlanAndServicesFromEmployers.clickPPOPlansButton(TestPlanAndServicesFromEmployers.java:31)
	at CignaTest.TestPlanAndServicesFromEmployers.clickPPOPlansButton(TestPlanAndServicesFromEmployers.java:31)
	at CignaTest.TestPlanAndServicesFromEmployers.clickPPOPlansButton(TestPlanAndServicesFromEmployers.java:31)
	at CignaTest.TestPlanAndServicesFromEmployers.clickPPOPlansButton(TestPlanAndServicesFromEmployers.java:31)
	at CignaTest.TestPlanAndServicesFromEmployers.clickPPOPlansButton(TestPlanAndServicesFromEmployers.java:31)
	at CignaTest.TestPlanAndServicesFromEmployers.clickPPOPlansButton(TestPlanAndServicesFromEmployers.java:31)
	at CignaTest.TestPlanAndServicesFromEmployers.clickPPOPlansButton(TestPlanAndServicesFromEmployers.java:31)
	at CignaTest.TestPlanAndServicesFromEmployers.clickPPOPlansButton(TestPlanAndServicesFromEmployers.java:31)
	at CignaTest.TestPlanAndServicesFromEmployers.clickPPOPlansButton(TestPlanAndServicesFromEmployers.java:31)
	at CignaTest.TestPlanAndServicesFromEmployers.clickPPOPlansButton(TestPlanAndServicesFromEmployers.java:31)
	at CignaTest.TestPlanAndServicesFromEmployers.clickPPOPlansButton(TestPlanAndServicesFromEmployers.java:31)
	at CignaTest.TestPlanAndServicesFromEmployers.clickPPOPlansButton(TestPlanAndServicesFromEmployers.java:31)
	at CignaTest.TestPlanAndServicesFromEmployers.clickPPOPlansButton(TestPlanAndServicesFromEmployers.java:31)
	at CignaTest.TestPlanAndServicesFromEmployers.clickPPOPlansButton(TestPlanAndServicesFromEmployers.java:31)
	at CignaTest.TestPlanAndServicesFromEmployers.clickPPOPlansButton(TestPlanAndServicesFromEmployers.java:31)
	at CignaTest.TestPlanAndServicesFromEmployers.clickPPOPlansButton(TestPlanAndServicesFromEmployers.java:31)
	at CignaTest.TestPlanAndServicesFromEmployers.clickPPOPlansButton(TestPlanAndServicesFromEmployers.java:31)
	at CignaTest.TestPlanAndServicesFromEmployers.clickPPOPlansButton(TestPlanAndServicesFromEmployers.java:31)
	at CignaTest.TestPlanAndServicesFromEmployers.clickPPOPlansButton(TestPlanAndServicesFromEmployers.java:31)
	at CignaTest.TestPlanAndServicesFromEmployers.clickPPOPlansButton(TestPlanAndServicesFromEmployers.java:31)
	at CignaTest.TestPlanAndServicesFromEmployers.clickPPOPlansButton(TestPlanAndServicesFromEmployers.java:31)
	at CignaTest.TestPlanAndServicesFromEmployers.clickPPOPlansButton(TestPlanAndServicesFromEmployers.java:31)
	at CignaTest.TestPlanAndServicesFromEmployers.clickPPOPlansButton(TestPlanAndServicesFromEmployers.java:31)
	at CignaTest.TestPlanAndServicesFromEmployers.clickPPOPlansButton(TestPlanAndServicesFromEmployers.java:31)
	at CignaTest.TestPlanAndServicesFromEmployers.clickPPOPlansButton(TestPlanAndServicesFromEmployers.java:31)
	at CignaTest.TestPlanAndServicesFromEmployers.clickPPOPlansButton(TestPlanAndServicesFromEmployers.java:31)
	at CignaTest.TestPlanAndServicesFromEmployers.clickPPOPlansButton(TestPlanAndServicesFromEmployers.java:31)
	at CignaTest.TestPlanAndServicesFromEmployers.clickPPOPlansButton(TestPlanAndServicesFromEmployers.java:31)
	at CignaTest.TestPlanAndServicesFromEmployers.clickPPOPlansButton(TestPlanAndServicesFromEmployers.java:31)
	at CignaTest.TestPlanAndServicesFromEmployers.clickPPOPlansButton(TestPlanAndServicesFromEmployers.java:31)
	at CignaTest.TestPlanAndServicesFromEmployers.clickPPOPlansButton(TestPlanAndServicesFromEmployers.java:31)
	at CignaTest.TestPlanAndServicesFromEmployers.clickPPOPlansButton(TestPlanAndServicesFromEmployers.java:31)
	at CignaTest.TestPlanAndServicesFromEmployers.clickPPOPlansButton(TestPlanAndServicesFromEmployers.java:31)
	at CignaTest.TestPlanAndServicesFromEmployers.clickPPOPlansButton(TestPlanAndServicesFromEmployers.java:31)
	at CignaTest.TestPlanAndServicesFromEmployers.clickPPOPlansButton(TestPlanAndServicesFromEmployers.java:31)
	at CignaTest.TestPlanAndServicesFromEmployers.clickPPOPlansButton(TestPlanAndServicesFromEmployers.java:31)
	at CignaTest.TestPlanAndServicesFromEmployers.clickPPOPlansButton(TestPlanAndServicesFromEmployers.java:31)
	at CignaTest.TestPlanAndServicesFromEmployers.clickPPOPlansButton(TestPlanAndServicesFromEmployers.java:31)
	at CignaTest.TestPlanAndServicesFromEmployers.clickPPOPlansButton(TestPlanAndServicesFromEmployers.java:31)
	at CignaTest.TestPlanAndServicesFromEmployers.clickPPOPlansButton(TestPlanAndServicesFromEmployers.java:31)
	at CignaTest.TestPlanAndServicesFromEmployers.clickPPOPlansButton(TestPlanAndServicesFromEmployers.java:31)
	at CignaTest.TestPlanAndServicesFromEmployers.clickPPOPlansButton(TestPlanAndServicesFromEmployers.java:31)
	at CignaTest.TestPlanAndServicesFromEmployers.clickPPOPlansButton(TestPlanAndServicesFromEmployers.java:31)
	at CignaTest.TestPlanAndServicesFromEmployers.clickPPOPlansButton(TestPlanAndServicesFromEmployers.java:31)
	at CignaTest.TestPlanAndServicesFromEmployers.clickPPOPlansButton(TestPlanAndServicesFromEmployers.java:31)
	at CignaTest.TestPlanAndServicesFromEmployers.clickPPOPlansButton(TestPlanAndServicesFromEmployers.java:31)
	at CignaTest.TestPlanAndServicesFromEmployers.clickPPOPlansButton(TestPlanAndServicesFromEmployers.java:31)
	at CignaTest.TestPlanAndServicesFromEmployers.clickPPOPlansButton(TestPlanAndServicesFromEmployers.java:31)
	at CignaTest.TestPlanAndServicesFromEmployers.clickPPOPlansButton(TestPlanAndServicesFromEmployers.java:31)
	at CignaTest.TestPlanAndServicesFromEmployers.clickPPOPlansButton(TestPlanAndServicesFromEmployers.java:31)
	at CignaTest.TestPlanAndServicesFromEmployers.clickPPOPlansButton(TestPlanAndServicesFromEmployers.java:31)
	at CignaTest.TestPlanAndServicesFromEmployers.clickPPOPlansButton(TestPlanAndServicesFromEmployers.java:31)
	at CignaTest.TestPlanAndServicesFromEmployers.clickPPOPlansButton(TestPlanAndServicesFromEmployers.java:31)
	at CignaTest.TestPlanAndServicesFromEmployers.clickPPOPlansButton(TestPlanAndServicesFromEmployers.java:31)
	at CignaTest.TestPlanAndServicesFromEmployers.clickPPOPlansButton(TestPlanAndServicesFromEmployers.java:31)
	at CignaTest.TestPlanAndServicesFromEmployers.clickPPOPlansButton(TestPlanAndServicesFromEmployers.java:31)
	at CignaTest.TestPlanAndServicesFromEmployers.clickPPOPlansButton(TestPlanAndServicesFromEmployers.java:31)
	at CignaTest.TestPlanAndServicesFromEmployers.clickPPOPlansButton(TestPlanAndServicesFromEmployers.java:31)
	at CignaTest.TestPlanAndServicesFromEmployers.clickPPOPlansButton(TestPlanAndServicesFromEmployers.java:31)
	at CignaTest.TestPlanAndServicesFromEmployers.clickPPOPlansButton(TestPlanAndServicesFromEmployers.java:31)
	at CignaTest.TestPlanAndServicesFromEmployers.clickPPOPlansButton(TestPlanAndServicesFromEmployers.java:31)
	at CignaTest.TestPlanAndServicesFromEmployers.clickPPOPlansButton(TestPlanAndServicesFromEmployers.java:31)
	at CignaTest.TestPlanAndServicesFromEmployers.clickPPOPlansButton(TestPlanAndServicesFromEmployers.java:31)
	at CignaTest.TestPlanAndServicesFromEmployers.clickPPOPlansButton(TestPlanAndServicesFromEmployers.java:31)
	at CignaTest.TestPlanAndServicesFromEmployers.clickPPOPlansButton(TestPlanAndServicesFromEmployers.java:31)
	at CignaTest.TestPlanAndServicesFromEmployers.clickPPOPlansButton(TestPlanAndServicesFromEmployers.java:31)
	at CignaTest.TestPlanAndServicesFromEmployers.clickPPOPlansButton(TestPlanAndServicesFromEmployers.java:31)
	at CignaTest.TestPlanAndServicesFromEmployers.clickPPOPlansButton(TestPlanAndServicesFromEmployers.java:31)
	at CignaTest.TestPlanAndServicesFromEmployers.clickPPOPlansButton(TestPlanAndServicesFromEmployers.java:31)
	at CignaTest.TestPlanAndServicesFromEmployers.clickPPOPlansButton(TestPlanAndServicesFromEmployers.java:31)
	at CignaTest.TestPlanAndServicesFromEmployers.clickPPOPlansButton(TestPlanAndServicesFromEmployers.java:31)
	at CignaTest.TestPlanAndServicesFromEmployers.clickPPOPlansButton(TestPlanAndServicesFromEmployers.java:31)
	at CignaTest.TestPlanAndServicesFromEmployers.clickPPOPlansButton(TestPlanAndServicesFromEmployers.java:31)
	at CignaTest.TestPlanAndServicesFromEmployers.clickPPOPlansButton(TestPlanAndServicesFromEmployers.java:31)
	at CignaTest.TestPlanAndServicesFromEmployers.clickPPOPlansButton(TestPlanAndServicesFromEmployers.java:31)
	at CignaTest.TestPlanAndServicesFromEmployers.clickPPOPlansButton(TestPlanAndServicesFromEmployers.java:31)
	at CignaTest.TestPlanAndServicesFromEmployers.clickPPOPlansButton(TestPlanAndServicesFromEmployers.java:31)
	at CignaTest.TestPlanAndServicesFromEmployers.clickPPOPlansButton(TestPlanAndServicesFromEmployers.java:31)
	at CignaTest.TestPlanAndServicesFromEmployers.clickPPOPlansButton(TestPlanAndServicesFromEmployers.java:31)
	at CignaTest.TestPlanAndServicesFromEmployers.clickPPOPlansButton(TestPlanAndServicesFromEmployers.java:31)
	at CignaTest.TestPlanAndServicesFromEmployers.clickPPOPlansButton(TestPlanAndServicesFromEmployers.java:31)
	at CignaTest.TestPlanAndServicesFromEmployers.clickPPOPlansButton(TestPlanAndServicesFromEmployers.java:31)
	at CignaTest.TestPlanAndServicesFromEmployers.clickPPOPlansButton(TestPlanAndServicesFromEmployers.java:31)
	at CignaTest.TestPlanAndServicesFromEmployers.clickPPOPlansButton(TestPlanAndServicesFromEmployers.java:31)
	at CignaTest.TestPlanAndServicesFromEmployers.clickPPOPlansButton(TestPlanAndServicesFromEmployers.java:31)
	at CignaTest.TestPlanAndServicesFromEmployers.clickPPOPlansButton(TestPlanAndServicesFromEmployers.java:31)
	at CignaTest.TestPlanAndServicesFromEmployers.clickPPOPlansButton(TestPlanAndServicesFromEmployers.java:31)
	at CignaTest.TestPlanAndServicesFromEmployers.clickPPOPlansButton(TestPlanAndServicesFromEmployers.java:31)
	at CignaTest.TestPlanAndServicesFromEmployers.clickPPOPlansButton(TestPlanAndServicesFromEmployers.java:31)
	at CignaTest.TestPlanAndServicesFromEmployers.clickPPOPlansButton(TestPlanAndServicesFromEmployers.java:31)
	at CignaTest.TestPlanAndServicesFromEmployers.clickPPOPlansButton(TestPlanAndServicesFromEmployers.java:31)
	at CignaTest.TestPlanAndServicesFromEmployers.clickPPOPlansButton(TestPlanAndServicesFromEmployers.java:31)
	at CignaTest.TestPlanAndServicesFromEmployers.clickPPOPlansButton(TestPlanAndServicesFromEmployers.java:31)
	at CignaTest.TestPlanAndServicesFromEmployers.clickPPOPlansButton(TestPlanAndServicesFromEmployers.java:31)
	at CignaTest.TestPlanAndServicesFromEmployers.clickPPOPlansButton(TestPlanAndServicesFromEmployers.java:31)
	at CignaTest.TestPlanAndServicesFromEmployers.clickPPOPlansButton(TestPlanAndServicesFromEmployers.java:31)
	at CignaTest.TestPlanAndServicesFromEmployers.clickPPOPlansButton(TestPlanAndServicesFromEmployers.java:31)
	at CignaTest.TestPlanAndServicesFromEmployers.clickPPOPlansButton(TestPlanAndServicesFromEmployers.java:31)
	at CignaTest.TestPlanAndServicesFromEmployers.clickPPOPlansButton(TestPlanAndServicesFromEmployers.java:31)
	at CignaTest.TestPlanAndServicesFromEmployers.clickPPOPlansButton(TestPlanAndServicesFromEmployers.java:31)
	at CignaTest.TestPlanAndServicesFromEmployers.clickPPOPlansButton(TestPlanAndServicesFromEmployers.java:31)
	at CignaTest.TestPlanAndServicesFromEmployers.clickPPOPlansButton(TestPlanAndServicesFromEmployers.java:31)
	at CignaTest.TestPlanAndServicesFromEmployers.clickPPOPlansButton(TestPlanAndServicesFromEmployers.java:31)
	at CignaTest.TestPlanAndServicesFromEmployers.clickPPOPlansButton(TestPlanAndServicesFromEmployers.java:31)
	at CignaTest.TestPlanAndServicesFromEmployers.clickPPOPlansButton(TestPlanAndServicesFromEmployers.java:31)
	at CignaTest.TestPlanAndServicesFromEmployers.clickPPOPlansButton(TestPlanAndServicesFromEmployers.java:31)
	at CignaTest.TestPlanAndServicesFromEmployers.clickPPOPlansButton(TestPlanAndServicesFromEmployers.java:31)
	at CignaTest.TestPlanAndServicesFromEmployers.clickPPOPlansButton(TestPlanAndServicesFromEmployers.java:31)
	at CignaTest.TestPlanAndServicesFromEmployers.clickPPOPlansButton(TestPlanAndServicesFromEmployers.java:31)
	at CignaTest.TestPlanAndServicesFromEmployers.clickPPOPlansButton(TestPlanAndServicesFromEmployers.java:31)
	at CignaTest.TestPlanAndServicesFromEmployers.clickPPOPlansButton(TestPlanAndServicesFromEmployers.java:31)
	at CignaTest.TestPlanAndServicesFromEmployers.clickPPOPlansButton(TestPlanAndServicesFromEmployers.java:31)
	at CignaTest.TestPlanAndServicesFromEmployers.clickPPOPlansButton(TestPlanAndServicesFromEmployers.java:31)
	at CignaTest.TestPlanAndServicesFromEmployers.clickPPOPlansButton(TestPlanAndServicesFromEmployers.java:31)
	at CignaTest.TestPlanAndServicesFromEmployers.clickPPOPlansButton(TestPlanAndServicesFromEmployers.java:31)
	at CignaTest.TestPlanAndServicesFromEmployers.clickPPOPlansButton(TestPlanAndServicesFromEmployers.java:31)
	at CignaTest.TestPlanAndServicesFromEmployers.clickPPOPlansButton(TestPlanAndServicesFromEmployers.java:31)
	at CignaTest.TestPlanAndServicesFromEmployers.clickPPOPlansButton(TestPlanAndServicesFromEmployers.java:31)
	at CignaTest.TestPlanAndServicesFromEmployers.clickPPOPlansButton(TestPlanAndServicesFromEmployers.java:31)
	at CignaTest.TestPlanAndServicesFromEmployers.clickPPOPlansButton(TestPlanAndServicesFromEmployers.java:31)
	at CignaTest.TestPlanAndServicesFromEmployers.clickPPOPlansButton(TestPlanAndServicesFromEmployers.java:31)
	at CignaTest.TestPlanAndServicesFromEmployers.clickPPOPlansButton(TestPlanAndServicesFromEmployers.java:31)
	at CignaTest.TestPlanAndServicesFromEmployers.clickPPOPlansButton(TestPlanAndServicesFromEmployers.java:31)
	at CignaTest.TestPlanAndServicesFromEmployers.clickPPOPlansButton(TestPlanAndServicesFromEmployers.java:31)
	at CignaTest.TestPlanAndServicesFromEmployers.clickPPOPlansButton(TestPlanAndServicesFromEmployers.java:31)
	at CignaTest.TestPlanAndServicesFromEmployers.clickPPOPlansButton(TestPlanAndServicesFromEmployers.java:31)
	at CignaTest.TestPlanAndServicesFromEmployers.clickPPOPlansButton(TestPlanAndServicesFromEmployers.java:31)
	at CignaTest.TestPlanAndServicesFromEmployers.clickPPOPlansButton(TestPlanAndServicesFromEmployers.java:31)
	at CignaTest.TestPlanAndServicesFromEmployers.clickPPOPlansButton(TestPlanAndServicesFromEmployers.java:31)
	at CignaTest.TestPlanAndServicesFromEmployers.clickPPOPlansButton(TestPlanAndServicesFromEmployers.java:31)
	at CignaTest.TestPlanAndServicesFromEmployers.clickPPOPlansButton(TestPlanAndServicesFromEmployers.java:31)
	at CignaTest.TestPlanAndServicesFromEmployers.clickPPOPlansButton(TestPlanAndServicesFromEmployers.java:31)
	at CignaTest.TestPlanAndServicesFromEmployers.clickPPOPlansButton(TestPlanAndServicesFromEmployers.java:31)
	at CignaTest.TestPlanAndServicesFromEmployers.clickPPOPlansButton(TestPlanAndServicesFromEmployers.java:31)
	at CignaTest.TestPlanAndServicesFromEmployers.clickPPOPlansButton(TestPlanAndServicesFromEmployers.java:31)
	at CignaTest.TestPlanAndServicesFromEmployers.clickPPOPlansButton(TestPlanAndServicesFromEmployers.java:31)
	at CignaTest.TestPlanAndServicesFromEmployers.clickPPOPlansButton(TestPlanAndServicesFromEmployers.java:31)
	at CignaTest.TestPlanAndServicesFromEmployers.clickPPOPlansButton(TestPlanAndServicesFromEmployers.java:31)
	at CignaTest.TestPlanAndServicesFromEmployers.clickPPOPlansButton(TestPlanAndServicesFromEmployers.java:31)
	at CignaTest.TestPlanAndServicesFromEmployers.clickPPOPlansButton(TestPlanAndServicesFromEmployers.java:31)
	at CignaTest.TestPlanAndServicesFromEmployers.clickPPOPlansButton(TestPlanAndServicesFromEmployers.java:31)
	at CignaTest.TestPlanAndServicesFromEmployers.clickPPOPlansButton(TestPlanAndServicesFromEmployers.java:31)
	at CignaTest.TestPlanAndServicesFromEmployers.clickPPOPlansButton(TestPlanAndServicesFromEmployers.java:31)
	at CignaTest.TestPlanAndServicesFromEmployers.clickPPOPlansButton(TestPlanAndServicesFromEmployers.java:31)
	at CignaTest.TestPlanAndServicesFromEmployers.clickPPOPlansButton(TestPlanAndServicesFromEmployers.java:31)
	at CignaTest.TestPlanAndServicesFromEmployers.clickPPOPlansButton(TestPlanAndServicesFromEmployers.java:31)
	at CignaTest.TestPlanAndServicesFromEmployers.clickPPOPlansButton(TestPlanAndServicesFromEmployers.java:31)
	at CignaTest.TestPlanAndServicesFromEmployers.clickPPOPlansButton(TestPlanAndServicesFromEmployers.java:31)
	at CignaTest.TestPlanAndServicesFromEmployers.clickPPOPlansButton(TestPlanAndServicesFromEmployers.java:31)
	at CignaTest.TestPlanAndServicesFromEmployers.clickPPOPlansButton(TestPlanAndServicesFromEmployers.java:31)
	at CignaTest.TestPlanAndServicesFromEmployers.clickPPOPlansButton(TestPlanAndServicesFromEmployers.java:31)
	at CignaTest.TestPlanAndServicesFromEmployers.clickPPOPlansButton(TestPlanAndServicesFromEmployers.java:31)
	at CignaTest.TestPlanAndServicesFromEmployers.clickPPOPlansButton(TestPlanAndServicesFromEmployers.java:31)
	at CignaTest.TestPlanAndServicesFromEmployers.clickPPOPlansButton(TestPlanAndServicesFromEmployers.java:31)
	at CignaTest.TestPlanAndServicesFromEmployers.clickPPOPlansButton(TestPlanAndServicesFromEmployers.java:31)
	at CignaTest.TestPlanAndServicesFromEmployers.clickPPOPlansButton(TestPlanAndServicesFromEmployers.java:31)
	at CignaTest.TestPlanAndServicesFromEmployers.clickPPOPlansButton(TestPlanAndServicesFromEmployers.java:31)
	at CignaTest.TestPlanAndServicesFromEmployers.clickPPOPlansButton(TestPlanAndServicesFromEmployers.java:31)
	at CignaTest.TestPlanAndServicesFromEmployers.clickPPOPlansButton(TestPlanAndServicesFromEmployers.java:31)
	at CignaTest.TestPlanAndServicesFromEmployers.clickPPOPlansButton(TestPlanAndServicesFromEmployers.java:31)
	at CignaTest.TestPlanAndServicesFromEmployers.clickPPOPlansButton(TestPlanAndServicesFromEmployers.java:31)
	at CignaTest.TestPlanAndServicesFromEmployers.clickPPOPlansButton(TestPlanAndServicesFromEmployers.java:31)
	at CignaTest.TestPlanAndServicesFromEmployers.clickPPOPlansButton(TestPlanAndServicesFromEmployers.java:31)
	at CignaTest.TestPlanAndServicesFromEmployers.clickPPOPlansButton(TestPlanAndServicesFromEmployers.java:31)
	at CignaTest.TestPlanAndServicesFromEmployers.clickPPOPlansButton(TestPlanAndServicesFromEmployers.java:31)
	at CignaTest.TestPlanAndServicesFromEmployers.clickPPOPlansButton(TestPlanAndServicesFromEmployers.java:31)
	at CignaTest.TestPlanAndServicesFromEmployers.clickPPOPlansButton(TestPlanAndServicesFromEmployers.java:31)
	at CignaTest.TestPlanAndServicesFromEmployers.clickPPOPlansButton(TestPlanAndServicesFromEmployers.java:31)
	at CignaTest.TestPlanAndServicesFromEmployers.clickPPOPlansButton(TestPlanAndServicesFromEmployers.java:31)
	at CignaTest.TestPlanAndServicesFromEmployers.clickPPOPlansButton(TestPlanAndServicesFromEmployers.java:31)
	at CignaTest.TestPlanAndServicesFromEmployers.clickPPOPlansButton(TestPlanAndServicesFromEmployers.java:31)
	at CignaTest.TestPlanAndServicesFromEmployers.clickPPOPlansButton(TestPlanAndServicesFromEmployers.java:31)
	at CignaTest.TestPlanAndServicesFromEmployers.clickPPOPlansButton(TestPlanAndServicesFromEmployers.java:31)
	at CignaTest.TestPlanAndServicesFromEmployers.clickPPOPlansButton(TestPlanAndServicesFromEmployers.java:31)
	at CignaTest.TestPlanAndServicesFromEmployers.clickPPOPlansButton(TestPlanAndServicesFromEmployers.java:31)
	at CignaTest.TestPlanAndServicesFromEmployers.clickPPOPlansButton(TestPlanAndServicesFromEmployers.java:31)
	at CignaTest.TestPlanAndServicesFromEmployers.clickPPOPlansButton(TestPlanAndServicesFromEmployers.java:31)
	at CignaTest.TestPlanAndServicesFromEmployers.clickPPOPlansButton(TestPlanAndServicesFromEmployers.java:31)
	at CignaTest.TestPlanAndServicesFromEmployers.clickPPOPlansButton(TestPlanAndServicesFromEmployers.java:31)
	at CignaTest.TestPlanAndServicesFromEmployers.clickPPOPlansButton(TestPlanAndServicesFromEmployers.java:31)
	at CignaTest.TestPlanAndServicesFromEmployers.clickPPOPlansButton(TestPlanAndServicesFromEmployers.java:31)
	at CignaTest.TestPlanAndServicesFromEmployers.clickPPOPlansButton(TestPlanAndServicesFromEmployers.java:31)
	at CignaTest.TestPlanAndServicesFromEmployers.clickPPOPlansButton(TestPlanAndServicesFromEmployers.java:31)
	at CignaTest.TestPlanAndServicesFromEmployers.clickPPOPlansButton(TestPlanAndServicesFromEmployers.java:31)
	at CignaTest.TestPlanAndServicesFromEmployers.clickPPOPlansButton(TestPlanAndServicesFromEmployers.java:31)
	at CignaTest.TestPlanAndServicesFromEmployers.clickPPOPlansButton(TestPlanAndServicesFromEmployers.java:31)
	at CignaTest.TestPlanAndServicesFromEmployers.clickPPOPlansButton(TestPlanAndServicesFromEmployers.java:31)
	at CignaTest.TestPlanAndServicesFromEmployers.clickPPOPlansButton(TestPlanAndServicesFromEmployers.java:31)
	at CignaTest.TestPlanAndServicesFromEmployers.clickPPOPlansButton(TestPlanAndServicesFromEmployers.java:31)
	at CignaTest.TestPlanAndServicesFromEmployers.clickPPOPlansButton(TestPlanAndServicesFromEmployers.java:31)
	at CignaTest.TestPlanAndServicesFromEmployers.clickPPOPlansButton(TestPlanAndServicesFromEmployers.java:31)
	at CignaTest.TestPlanAndServicesFromEmployers.clickPPOPlansButton(TestPlanAndServicesFromEmployers.java:31)
	at CignaTest.TestPlanAndServicesFromEmployers.clickPPOPlansButton(TestPlanAndServicesFromEmployers.java:31)
	at CignaTest.TestPlanAndServicesFromEmployers.clickPPOPlansButton(TestPlanAndServicesFromEmployers.java:31)
	at CignaTest.TestPlanAndServicesFromEmployers.clickPPOPlansButton(TestPlanAndServicesFromEmployers.java:31)
	at CignaTest.TestPlanAndServicesFromEmployers.clickPPOPlansButton(TestPlanAndServicesFromEmployers.java:31)
	at CignaTest.TestPlanAndServicesFromEmployers.clickPPOPlansButton(TestPlanAndServicesFromEmployers.java:31)
	at CignaTest.TestPlanAndServicesFromEmployers.clickPPOPlansButton(TestPlanAndServicesFromEmployers.java:31)
	at CignaTest.TestPlanAndServicesFromEmployers.clickPPOPlansButton(TestPlanAndServicesFromEmployers.java:31)
	at CignaTest.TestPlanAndServicesFromEmployers.clickPPOPlansButton(TestPlanAndServicesFromEmployers.java:31)
	at CignaTest.TestPlanAndServicesFromEmployers.clickPPOPlansButton(TestPlanAndServicesFromEmployers.java:31)
	at CignaTest.TestPlanAndServicesFromEmployers.clickPPOPlansButton(TestPlanAndServicesFromEmployers.java:31)
	at CignaTest.TestPlanAndServicesFromEmployers.clickPPOPlansButton(TestPlanAndServicesFromEmployers.java:31)
	at CignaTest.TestPlanAndServicesFromEmployers.clickPPOPlansButton(TestPlanAndServicesFromEmployers.java:31)
	at CignaTest.TestPlanAndServicesFromEmployers.clickPPOPlansButton(TestPlanAndServicesFromEmployers.java:31)
	at CignaTest.TestPlanAndServicesFromEmployers.clickPPOPlansButton(TestPlanAndServicesFromEmployers.java:31)
	at CignaTest.TestPlanAndServicesFromEmployers.clickPPOPlansButton(TestPlanAndServicesFromEmployers.java:31)
	at CignaTest.TestPlanAndServicesFromEmployers.clickPPOPlansButton(TestPlanAndServicesFromEmployers.java:31)
	at CignaTest.TestPlanAndServicesFromEmployers.clickPPOPlansButton(TestPlanAndServicesFromEmployers.java:31)
	at CignaTest.TestPlanAndServicesFromEmployers.clickPPOPlansButton(TestPlanAndServicesFromEmployers.java:31)
	at CignaTest.TestPlanAndServicesFromEmployers.clickPPOPlansButton(TestPlanAndServicesFromEmployers.java:31)
	at CignaTest.TestPlanAndServicesFromEmployers.clickPPOPlansButton(TestPlanAndServicesFromEmployers.java:31)
	at CignaTest.TestPlanAndServicesFromEmployers.clickPPOPlansButton(TestPlanAndServicesFromEmployers.java:31)
	at CignaTest.TestPlanAndServicesFromEmployers.clickPPOPlansButton(TestPlanAndServicesFromEmployers.java:31)
	at CignaTest.TestPlanAndServicesFromEmployers.clickPPOPlansButton(TestPlanAndServicesFromEmployers.java:31)
	at CignaTest.TestPlanAndServicesFromEmployers.clickPPOPlansButton(TestPlanAndServicesFromEmployers.java:31)
	at CignaTest.TestPlanAndServicesFromEmployers.clickPPOPlansButton(TestPlanAndServicesFromEmployers.java:31)
	at CignaTest.TestPlanAndServicesFromEmployers.clickPPOPlansButton(TestPlanAndServicesFromEmployers.java:31)
	at CignaTest.TestPlanAndServicesFromEmployers.clickPPOPlansButton(TestPlanAndServicesFromEmployers.java:31)
	at CignaTest.TestPlanAndServicesFromEmployers.clickPPOPlansButton(TestPlanAndServicesFromEmployers.java:31)
	at CignaTest.TestPlanAndServicesFromEmployers.clickPPOPlansButton(TestPlanAndServicesFromEmployers.java:31)
	at CignaTest.TestPlanAndServicesFromEmployers.clickPPOPlansButton(TestPlanAndServicesFromEmployers.java:31)
	at CignaTest.TestPlanAndServicesFromEmployers.clickPPOPlansButton(TestPlanAndServicesFromEmployers.java:31)
	at CignaTest.TestPlanAndServicesFromEmployers.clickPPOPlansButton(TestPlanAndServicesFromEmployers.java:31)
	at CignaTest.TestPlanAndServicesFromEmployers.clickPPOPlansButton(TestPlanAndServicesFromEmployers.java:31)
	at CignaTest.TestPlanAndServicesFromEmployers.clickPPOPlansButton(TestPlanAndServicesFromEmployers.java:31)
	at CignaTest.TestPlanAndServicesFromEmployers.clickPPOPlansButton(TestPlanAndServicesFromEmployers.java:31)
	at CignaTest.TestPlanAndServicesFromEmployers.clickPPOPlansButton(TestPlanAndServicesFromEmployers.java:31)
	at CignaTest.TestPlanAndServicesFromEmployers.clickPPOPlansButton(TestPlanAndServicesFromEmployers.java:31)
	at CignaTest.TestPlanAndServicesFromEmployers.clickPPOPlansButton(TestPlanAndServicesFromEmployers.java:31)
	at CignaTest.TestPlanAndServicesFromEmployers.clickPPOPlansButton(TestPlanAndServicesFromEmployers.java:31)
	at CignaTest.TestPlanAndServicesFromEmployers.clickPPOPlansButton(TestPlanAndServicesFromEmployers.java:31)
	at CignaTest.TestPlanAndServicesFromEmployers.clickPPOPlansButton(TestPlanAndServicesFromEmployers.java:31)
	at CignaTest.TestPlanAndServicesFromEmployers.clickPPOPlansButton(TestPlanAndServicesFromEmployers.java:31)
	at CignaTest.TestPlanAndServicesFromEmployers.clickPPOPlansButton(TestPlanAndServicesFromEmployers.java:31)
	at CignaTest.TestPlanAndServicesFromEmployers.clickPPOPlansButton(TestPlanAndServicesFromEmployers.java:31)
	at CignaTest.TestPlanAndServicesFromEmployers.clickPPOPlansButton(TestPlanAndServicesFromEmployers.java:31)
	at CignaTest.TestPlanAndServicesFromEmployers.clickPPOPlansButton(TestPlanAndServicesFromEmployers.java:31)
	at CignaTest.TestPlanAndServicesFromEmployers.clickPPOPlansButton(TestPlanAndServicesFromEmployers.java:31)
	at CignaTest.TestPlanAndServicesFromEmployers.clickPPOPlansButton(TestPlanAndServicesFromEmployers.java:31)
	at CignaTest.TestPlanAndServicesFromEmployers.clickPPOPlansButton(TestPlanAndServicesFromEmployers.java:31)
	at CignaTest.TestPlanAndServicesFromEmployers.clickPPOPlansButton(TestPlanAndServicesFromEmployers.java:31)
	at CignaTest.TestPlanAndServicesFromEmployers.clickPPOPlansButton(TestPlanAndServicesFromEmployers.java:31)
	at CignaTest.TestPlanAndServicesFromEmployers.clickPPOPlansButton(TestPlanAndServicesFromEmployers.java:31)
	at CignaTest.TestPlanAndServicesFromEmployers.clickPPOPlansButton(TestPlanAndServicesFromEmployers.java:31)
	at CignaTest.TestPlanAndServicesFromEmployers.clickPPOPlansButton(TestPlanAndServicesFromEmployers.java:31)
	at CignaTest.TestPlanAndServicesFromEmployers.clickPPOPlansButton(TestPlanAndServicesFromEmployers.java:31)
	at CignaTest.TestPlanAndServicesFromEmployers.clickPPOPlansButton(TestPlanAndServicesFromEmployers.java:31)
	at CignaTest.TestPlanAndServicesFromEmployers.clickPPOPlansButton(TestPlanAndServicesFromEmployers.java:31)
	at CignaTest.TestPlanAndServicesFromEmployers.clickPPOPlansButton(TestPlanAndServicesFromEmployers.java:31)
	at CignaTest.TestPlanAndServicesFromEmployers.clickPPOPlansButton(TestPlanAndServicesFromEmployers.java:31)
	at CignaTest.TestPlanAndServicesFromEmployers.clickPPOPlansButton(TestPlanAndServicesFromEmployers.java:31)
	at CignaTest.TestPlanAndServicesFromEmployers.clickPPOPlansButton(TestPlanAndServicesFromEmployers.java:31)
	at CignaTest.TestPlanAndServicesFromEmployers.clickPPOPlansButton(TestPlanAndServicesFromEmployers.java:31)
	at CignaTest.TestPlanAndServicesFromEmployers.clickPPOPlansButton(TestPlanAndServicesFromEmployers.java:31)
	at CignaTest.TestPlanAndServicesFromEmployers.clickPPOPlansButton(TestPlanAndServicesFromEmployers.java:31)
	at CignaTest.TestPlanAndServicesFromEmployers.clickPPOPlansButton(TestPlanAndServicesFromEmployers.java:31)
	at CignaTest.TestPlanAndServicesFromEmployers.clickPPOPlansButton(TestPlanAndServicesFromEmployers.java:31)
	at CignaTest.TestPlanAndServicesFromEmployers.clickPPOPlansButton(TestPlanAndServicesFromEmployers.java:31)
	at CignaTest.TestPlanAndServicesFromEmployers.clickPPOPlansButton(TestPlanAndServicesFromEmployers.java:31)
	at CignaTest.TestPlanAndServicesFromEmployers.clickPPOPlansButton(TestPlanAndServicesFromEmployers.java:31)
	at CignaTest.TestPlanAndServicesFromEmployers.clickPPOPlansButton(TestPlanAndServicesFromEmployers.java:31)
	at CignaTest.TestPlanAndServicesFromEmployers.clickPPOPlansButton(TestPlanAndServicesFromEmployers.java:31)
	at CignaTest.TestPlanAndServicesFromEmployers.clickPPOPlansButton(TestPlanAndServicesFromEmployers.java:31)
	at CignaTest.TestPlanAndServicesFromEmployers.clickPPOPlansButton(TestPlanAndServicesFromEmployers.java:31)
	at CignaTest.TestPlanAndServicesFromEmployers.clickPPOPlansButton(TestPlanAndServicesFromEmployers.java:31)
	at CignaTest.TestPlanAndServicesFromEmployers.clickPPOPlansButton(TestPlanAndServicesFromEmployers.java:31)
	at CignaTest.TestPlanAndServicesFromEmployers.clickPPOPlansButton(TestPlanAndServicesFromEmployers.java:31)
	at CignaTest.TestPlanAndServicesFromEmployers.clickPPOPlansButton(TestPlanAndServicesFromEmployers.java:31)
	at CignaTest.TestPlanAndServicesFromEmployers.clickPPOPlansButton(TestPlanAndServicesFromEmployers.java:31)
	at CignaTest.TestPlanAndServicesFromEmployers.clickPPOPlansButton(TestPlanAndServicesFromEmployers.java:31)
	at CignaTest.TestPlanAndServicesFromEmployers.clickPPOPlansButton(TestPlanAndServicesFromEmployers.java:31)
	at CignaTest.TestPlanAndServicesFromEmployers.clickPPOPlansButton(TestPlanAndServicesFromEmployers.java:31)
	at CignaTest.TestPlanAndServicesFromEmployers.clickPPOPlansButton(TestPlanAndServicesFromEmployers.java:31)
	at CignaTest.TestPlanAndServicesFromEmployers.clickPPOPlansButton(TestPlanAndServicesFromEmployers.java:31)
	at CignaTest.TestPlanAndServicesFromEmployers.clickPPOPlansButton(TestPlanAndServicesFromEmployers.java:31)
	at CignaTest.TestPlanAndServicesFromEmployers.clickPPOPlansButton(TestPlanAndServicesFromEmployers.java:31)
	at CignaTest.TestPlanAndServicesFromEmployers.clickPPOPlansButton(TestPlanAndServicesFromEmployers.java:31)
	at CignaTest.TestPlanAndServicesFromEmployers.clickPPOPlansButton(TestPlanAndServicesFromEmployers.java:31)
	at CignaTest.TestPlanAndServicesFromEmployers.clickPPOPlansButton(TestPlanAndServicesFromEmployers.java:31)
	at CignaTest.TestPlanAndServicesFromEmployers.clickPPOPlansButton(TestPlanAndServicesFromEmployers.java:31)
	at CignaTest.TestPlanAndServicesFromEmployers.clickPPOPlansButton(TestPlanAndServicesFromEmployers.java:31)
	at CignaTest.TestPlanAndServicesFromEmployers.clickPPOPlansButton(TestPlanAndServicesFromEmployers.java:31)
	at CignaTest.TestPlanAndServicesFromEmployers.clickPPOPlansButton(TestPlanAndServicesFromEmployers.java:31)
	at CignaTest.TestPlanAndServicesFromEmployers.clickPPOPlansButton(TestPlanAndServicesFromEmployers.java:31)
	at CignaTest.TestPlanAndServicesFromEmployers.clickPPOPlansButton(TestPlanAndServicesFromEmployers.java:31)
	at CignaTest.TestPlanAndServicesFromEmployers.clickPPOPlansButton(TestPlanAndServicesFromEmployers.java:31)
	at CignaTest.TestPlanAndServicesFromEmployers.clickPPOPlansButton(TestPlanAndServicesFromEmployers.java:31)
	at CignaTest.TestPlanAndServicesFromEmployers.clickPPOPlansButton(TestPlanAndServicesFromEmployers.java:31)
	at CignaTest.TestPlanAndServicesFromEmployers.clickPPOPlansButton(TestPlanAndServicesFromEmployers.java:31)
	at CignaTest.TestPlanAndServicesFromEmployers.clickPPOPlansButton(TestPlanAndServicesFromEmployers.java:31)
	at CignaTest.TestPlanAndServicesFromEmployers.clickPPOPlansButton(TestPlanAndServicesFromEmployers.java:31)
	at CignaTest.TestPlanAndServicesFromEmployers.clickPPOPlansButton(TestPlanAndServicesFromEmployers.java:31)
	at CignaTest.TestPlanAndServicesFromEmployers.clickPPOPlansButton(TestPlanAndServicesFromEmployers.java:31)
	at CignaTest.TestPlanAndServicesFromEmployers.clickPPOPlansButton(TestPlanAndServicesFromEmployers.java:31)
	at CignaTest.TestPlanAndServicesFromEmployers.clickPPOPlansButton(TestPlanAndServicesFromEmployers.java:31)
	at CignaTest.TestPlanAndServicesFromEmployers.clickPPOPlansButton(TestPlanAndServicesFromEmployers.java:31)
	at CignaTest.TestPlanAndServicesFromEmployers.clickPPOPlansButton(TestPlanAndServicesFromEmployers.java:31)
	at CignaTest.TestPlanAndServicesFromEmployers.clickPPOPlansButton(TestPlanAndServicesFromEmployers.java:31)
	at CignaTest.TestPlanAndServicesFromEmployers.clickPPOPlansButton(TestPlanAndServicesFromEmployers.java:31)
	at CignaTest.TestPlanAndServicesFromEmployers.clickPPOPlansButton(TestPlanAndServicesFromEmployers.java:31)
	at CignaTest.TestPlanAndServicesFromEmployers.clickPPOPlansButton(TestPlanAndServicesFromEmployers.java:31)
	at CignaTest.TestPlanAndServicesFromEmployers.clickPPOPlansButton(TestPlanAndServicesFromEmployers.java:31)
	at CignaTest.TestPlanAndServicesFromEmployers.clickPPOPlansButton(TestPlanAndServicesFromEmployers.java:31)
	at CignaTest.TestPlanAndServicesFromEmployers.clickPPOPlansButton(TestPlanAndServicesFromEmployers.java:31)
	at CignaTest.TestPlanAndServicesFromEmployers.clickPPOPlansButton(TestPlanAndServicesFromEmployers.java:31)
	at CignaTest.TestPlanAndServicesFromEmployers.clickPPOPlansButton(TestPlanAndServicesFromEmployers.java:31)
	at CignaTest.TestPlanAndServicesFromEmployers.clickPPOPlansButton(TestPlanAndServicesFromEmployers.java:31)
	at CignaTest.TestPlanAndServicesFromEmployers.clickPPOPlansButton(TestPlanAndServicesFromEmployers.java:31)
	at CignaTest.TestPlanAndServicesFromEmployers.clickPPOPlansButton(TestPlanAndServicesFromEmployers.java:31)
	at CignaTest.TestPlanAndServicesFromEmployers.clickPPOPlansButton(TestPlanAndServicesFromEmployers.java:31)
	at CignaTest.TestPlanAndServicesFromEmployers.clickPPOPlansButton(TestPlanAndServicesFromEmployers.java:31)
	at CignaTest.TestPlanAndServicesFromEmployers.clickPPOPlansButton(TestPlanAndServicesFromEmployers.java:31)
	at CignaTest.TestPlanAndServicesFromEmployers.clickPPOPlansButton(TestPlanAndServicesFromEmployers.java:31)
	at CignaTest.TestPlanAndServicesFromEmployers.clickPPOPlansButton(TestPlanAndServicesFromEmployers.java:31)
	at CignaTest.TestPlanAndServicesFromEmployers.clickPPOPlansButton(TestPlanAndServicesFromEmployers.java:31)
	at CignaTest.TestPlanAndServicesFromEmployers.clickPPOPlansButton(TestPlanAndServicesFromEmployers.java:31)
	at CignaTest.TestPlanAndServicesFromEmployers.clickPPOPlansButton(TestPlanAndServicesFromEmployers.java:31)
	at CignaTest.TestPlanAndServicesFromEmployers.clickPPOPlansButton(TestPlanAndServicesFromEmployers.java:31)
	at CignaTest.TestPlanAndServicesFromEmployers.clickPPOPlansButton(TestPlanAndServicesFromEmployers.java:31)
	at CignaTest.TestPlanAndServicesFromEmployers.clickPPOPlansButton(TestPlanAndServicesFromEmployers.java:31)
	at CignaTest.TestPlanAndServicesFromEmployers.clickPPOPlansButton(TestPlanAndServicesFromEmployers.java:31)
	at CignaTest.TestPlanAndServicesFromEmployers.clickPPOPlansButton(TestPlanAndServicesFromEmployers.java:31)
	at CignaTest.TestPlanAndServicesFromEmployers.clickPPOPlansButton(TestPlanAndServicesFromEmployers.java:31)
	at CignaTest.TestPlanAndServicesFromEmployers.clickPPOPlansButton(TestPlanAndServicesFromEmployers.java:31)
	at CignaTest.TestPlanAndServicesFromEmployers.clickPPOPlansButton(TestPlanAndServicesFromEmployers.java:31)
	at CignaTest.TestPlanAndServicesFromEmployers.clickPPOPlansButton(TestPlanAndServicesFromEmployers.java:31)
	at CignaTest.TestPlanAndServicesFromEmployers.clickPPOPlansButton(TestPlanAndServicesFromEmployers.java:31)
	at CignaTest.TestPlanAndServicesFromEmployers.clickPPOPlansButton(TestPlanAndServicesFromEmployers.java:31)
	at CignaTest.TestPlanAndServicesFromEmployers.clickPPOPlansButton(TestPlanAndServicesFromEmployers.java:31)
	at CignaTest.TestPlanAndServicesFromEmployers.clickPPOPlansButton(TestPlanAndServicesFromEmployers.java:31)
	at CignaTest.TestPlanAndServicesFromEmployers.clickPPOPlansButton(TestPlanAndServicesFromEmployers.java:31)
	at CignaTest.TestPlanAndServicesFromEmployers.clickPPOPlansButton(TestPlanAndServicesFromEmployers.java:31)
	at CignaTest.TestPlanAndServicesFromEmployers.clickPPOPlansButton(TestPlanAndServicesFromEmployers.java:31)
	at CignaTest.TestPlanAndServicesFromEmployers.clickPPOPlansButton(TestPlanAndServicesFromEmployers.java:31)
	at CignaTest.TestPlanAndServicesFromEmployers.clickPPOPlansButton(TestPlanAndServicesFromEmployers.java:31)
	at CignaTest.TestPlanAndServicesFromEmployers.clickPPOPlansButton(TestPlanAndServicesFromEmployers.java:31)
	at CignaTest.TestPlanAndServicesFromEmployers.clickPPOPlansButton(TestPlanAndServicesFromEmployers.java:31)
	at CignaTest.TestPlanAndServicesFromEmployers.clickPPOPlansButton(TestPlanAndServicesFromEmployers.java:31)
	at CignaTest.TestPlanAndServicesFromEmployers.clickPPOPlansButton(TestPlanAndServicesFromEmployers.java:31)
	at CignaTest.TestPlanAndServicesFromEmployers.clickPPOPlansButton(TestPlanAndServicesFromEmployers.java:31)
	at CignaTest.TestPlanAndServicesFromEmployers.clickPPOPlansButton(TestPlanAndServicesFromEmployers.java:31)
	at CignaTest.TestPlanAndServicesFromEmployers.clickPPOPlansButton(TestPlanAndServicesFromEmployers.java:31)
	at CignaTest.TestPlanAndServicesFromEmployers.clickPPOPlansButton(TestPlanAndServicesFromEmployers.java:31)
	at CignaTest.TestPlanAndServicesFromEmployers.clickPPOPlansButton(TestPlanAndServicesFromEmployers.java:31)
	at CignaTest.TestPlanAndServicesFromEmployers.clickPPOPlansButton(TestPlanAndServicesFromEmployers.java:31)
	at CignaTest.TestPlanAndServicesFromEmployers.clickPPOPlansButton(TestPlanAndServicesFromEmployers.java:31)
	at CignaTest.TestPlanAndServicesFromEmployers.clickPPOPlansButton(TestPlanAndServicesFromEmployers.java:31)
	at CignaTest.TestPlanAndServicesFromEmployers.clickPPOPlansButton(TestPlanAndServicesFromEmployers.java:31)
	at CignaTest.TestPlanAndServicesFromEmployers.clickPPOPlansButton(TestPlanAndServicesFromEmployers.java:31)
	at CignaTest.TestPlanAndServicesFromEmployers.clickPPOPlansButton(TestPlanAndServicesFromEmployers.java:31)
	at CignaTest.TestPlanAndServicesFromEmployers.clickPPOPlansButton(TestPlanAndServicesFromEmployers.java:31)
	at CignaTest.TestPlanAndServicesFromEmployers.clickPPOPlansButton(TestPlanAndServicesFromEmployers.java:31)
	at CignaTest.TestPlanAndServicesFromEmployers.clickPPOPlansButton(TestPlanAndServicesFromEmployers.java:31)
	at CignaTest.TestPlanAndServicesFromEmployers.clickPPOPlansButton(TestPlanAndServicesFromEmployers.java:31)
	at CignaTest.TestPlanAndServicesFromEmployers.clickPPOPlansButton(TestPlanAndServicesFromEmployers.java:31)
	at CignaTest.TestPlanAndServicesFromEmployers.clickPPOPlansButton(TestPlanAndServicesFromEmployers.java:31)
	at CignaTest.TestPlanAndServicesFromEmployers.clickPPOPlansButton(TestPlanAndServicesFromEmployers.java:31)
	at CignaTest.TestPlanAndServicesFromEmployers.clickPPOPlansButton(TestPlanAndServicesFromEmployers.java:31)
	at CignaTest.TestPlanAndServicesFromEmployers.clickPPOPlansButton(TestPlanAndServicesFromEmployers.java:31)
	at CignaTest.TestPlanAndServicesFromEmployers.clickPPOPlansButton(TestPlanAndServicesFromEmployers.java:31)
	at CignaTest.TestPlanAndServicesFromEmployers.clickPPOPlansButton(TestPlanAndServicesFromEmployers.java:31)
	at CignaTest.TestPlanAndServicesFromEmployers.clickPPOPlansButton(TestPlanAndServicesFromEmployers.java:31)
	at CignaTest.TestPlanAndServicesFromEmployers.clickPPOPlansButton(TestPlanAndServicesFromEmployers.java:31)
	at CignaTest.TestPlanAndServicesFromEmployers.clickPPOPlansButton(TestPlanAndServicesFromEmployers.java:31)
	at CignaTest.TestPlanAndServicesFromEmployers.clickPPOPlansButton(TestPlanAndServicesFromEmployers.java:31)
	at CignaTest.TestPlanAndServicesFromEmployers.clickPPOPlansButton(TestPlanAndServicesFromEmployers.java:31)
	at CignaTest.TestPlanAndServicesFromEmployers.clickPPOPlansButton(TestPlanAndServicesFromEmployers.java:31)
	at CignaTest.TestPlanAndServicesFromEmployers.clickPPOPlansButton(TestPlanAndServicesFromEmployers.java:31)
	at CignaTest.TestPlanAndServicesFromEmployers.clickPPOPlansButton(TestPlanAndServicesFromEmployers.java:31)
	at CignaTest.TestPlanAndServicesFromEmployers.clickPPOPlansButton(TestPlanAndServicesFromEmployers.java:31)
	at CignaTest.TestPlanAndServicesFromEmployers.clickPPOPlansButton(TestPlanAndServicesFromEmployers.java:31)
	at CignaTest.TestPlanAndServicesFromEmployers.clickPPOPlansButton(TestPlanAndServicesFromEmployers.java:31)
	at CignaTest.TestPlanAndServicesFromEmployers.clickPPOPlansButton(TestPlanAndServicesFromEmployers.java:31)
	at CignaTest.TestPlanAndServicesFromEmployers.clickPPOPlansButton(TestPlanAndServicesFromEmployers.java:31)
	at CignaTest.TestPlanAndServicesFromEmployers.clickPPOPlansButton(TestPlanAndServicesFromEmployers.java:31)
	at CignaTest.TestPlanAndServicesFromEmployers.clickPPOPlansButton(TestPlanAndServicesFromEmployers.java:31)
	at CignaTest.TestPlanAndServicesFromEmployers.clickPPOPlansButton(TestPlanAndServicesFromEmployers.java:31)
	at CignaTest.TestPlanAndServicesFromEmployers.clickPPOPlansButton(TestPlanAndServicesFromEmployers.java:31)
	at CignaTest.TestPlanAndServicesFromEmployers.clickPPOPlansButton(TestPlanAndServicesFromEmployers.java:31)
	at CignaTest.TestPlanAndServicesFromEmployers.clickPPOPlansButton(TestPlanAndServicesFromEmployers.java:31)
	at CignaTest.TestPlanAndServicesFromEmployers.clickPPOPlansButton(TestPlanAndServicesFromEmployers.java:31)
	at CignaTest.TestPlanAndServicesFromEmployers.clickPPOPlansButton(TestPlanAndServicesFromEmployers.java:31)
	at CignaTest.TestPlanAndServicesFromEmployers.clickPPOPlansButton(TestPlanAndServicesFromEmployers.java:31)
	at CignaTest.TestPlanAndServicesFromEmployers.clickPPOPlansButton(TestPlanAndServicesFromEmployers.java:31)
	at CignaTest.TestPlanAndServicesFromEmployers.clickPPOPlansButton(TestPlanAndServicesFromEmployers.java:31)
	at CignaTest.TestPlanAndServicesFromEmployers.clickPPOPlansButton(TestPlanAndServicesFromEmployers.java:31)
	at CignaTest.TestPlanAndServicesFromEmployers.clickPPOPlansButton(TestPlanAndServicesFromEmployers.java:31)
	at CignaTest.TestPlanAndServicesFromEmployers.clickPPOPlansButton(TestPlanAndServicesFromEmployers.java:31)
	at CignaTest.TestPlanAndServicesFromEmployers.clickPPOPlansButton(TestPlanAndServicesFromEmployers.java:31)
	at CignaTest.TestPlanAndServicesFromEmployers.clickPPOPlansButton(TestPlanAndServicesFromEmployers.java:31)
	at CignaTest.TestPlanAndServicesFromEmployers.clickPPOPlansButton(TestPlanAndServicesFromEmployers.java:31)
	at CignaTest.TestPlanAndServicesFromEmployers.clickPPOPlansButton(TestPlanAndServicesFromEmployers.java:31)
	at CignaTest.TestPlanAndServicesFromEmployers.clickPPOPlansButton(TestPlanAndServicesFromEmployers.java:31)
	at CignaTest.TestPlanAndServicesFromEmployers.clickPPOPlansButton(TestPlanAndServicesFromEmployers.java:31)
	at CignaTest.TestPlanAndServicesFromEmployers.clickPPOPlansButton(TestPlanAndServicesFromEmployers.java:31)
	at CignaTest.TestPlanAndServicesFromEmployers.clickPPOPlansButton(TestPlanAndServicesFromEmployers.java:31)
	at CignaTest.TestPlanAndServicesFromEmployers.clickPPOPlansButton(TestPlanAndServicesFromEmployers.java:31)
	at CignaTest.TestPlanAndServicesFromEmployers.clickPPOPlansButton(TestPlanAndServicesFromEmployers.java:31)
	at CignaTest.TestPlanAndServicesFromEmployers.clickPPOPlansButton(TestPlanAndServicesFromEmployers.java:31)
	at CignaTest.TestPlanAndServicesFromEmployers.clickPPOPlansButton(TestPlanAndServicesFromEmployers.java:31)
	at CignaTest.TestPlanAndServicesFromEmployers.clickPPOPlansButton(TestPlanAndServicesFromEmployers.java:31)
	at CignaTest.TestPlanAndServicesFromEmployers.clickPPOPlansButton(TestPlanAndServicesFromEmployers.java:31)
	at CignaTest.TestPlanAndServicesFromEmployers.clickPPOPlansButton(TestPlanAndServicesFromEmployers.java:31)
	at CignaTest.TestPlanAndServicesFromEmployers.clickPPOPlansButton(TestPlanAndServicesFromEmployers.java:31)
	at CignaTest.TestPlanAndServicesFromEmployers.clickPPOPlansButton(TestPlanAndServicesFromEmployers.java:31)
	at CignaTest.TestPlanAndServicesFromEmployers.clickPPOPlansButton(TestPlanAndServicesFromEmployers.java:31)
	at CignaTest.TestPlanAndServicesFromEmployers.clickPPOPlansButton(TestPlanAndServicesFromEmployers.java:31)
	at CignaTest.TestPlanAndServicesFromEmployers.clickPPOPlansButton(TestPlanAndServicesFromEmployers.java:31)
	at CignaTest.TestPlanAndServicesFromEmployers.clickPPOPlansButton(TestPlanAndServicesFromEmployers.java:31)
	at CignaTest.TestPlanAndServicesFromEmployers.clickPPOPlansButton(TestPlanAndServicesFromEmployers.java:31)
	at CignaTest.TestPlanAndServicesFromEmployers.clickPPOPlansButton(TestPlanAndServicesFromEmployers.java:31)
	at CignaTest.TestPlanAndServicesFromEmployers.clickPPOPlansButton(TestPlanAndServicesFromEmployers.java:31)
	at CignaTest.TestPlanAndServicesFromEmployers.clickPPOPlansButton(TestPlanAndServicesFromEmployers.java:31)
	at CignaTest.TestPlanAndServicesFromEmployers.clickPPOPlansButton(TestPlanAndServicesFromEmployers.java:31)
	at CignaTest.TestPlanAndServicesFromEmployers.clickPPOPlansButton(TestPlanAndServicesFromEmployers.java:31)
	at CignaTest.TestPlanAndServicesFromEmployers.clickPPOPlansButton(TestPlanAndServicesFromEmployers.java:31)
	at CignaTest.TestPlanAndServicesFromEmployers.clickPPOPlansButton(TestPlanAndServicesFromEmployers.java:31)
	at CignaTest.TestPlanAndServicesFromEmployers.clickPPOPlansButton(TestPlanAndServicesFromEmployers.java:31)
	at CignaTest.TestPlanAndServicesFromEmployers.clickPPOPlansButton(TestPlanAndServicesFromEmployers.java:31)
	at CignaTest.TestPlanAndServicesFromEmployers.clickPPOPlansButton(TestPlanAndServicesFromEmployers.java:31)
	at CignaTest.TestPlanAndServicesFromEmployers.clickPPOPlansButton(TestPlanAndServicesFromEmployers.java:31)
	at CignaTest.TestPlanAndServicesFromEmployers.clickPPOPlansButton(TestPlanAndServicesFromEmployers.java:31)
	at CignaTest.TestPlanAndServicesFromEmployers.clickPPOPlansButton(TestPlanAndServicesFromEmployers.java:31)
	at CignaTest.TestPlanAndServicesFromEmployers.clickPPOPlansButton(TestPlanAndServicesFromEmployers.java:31)
	at CignaTest.TestPlanAndServicesFromEmployers.clickPPOPlansButton(TestPlanAndServicesFromEmployers.java:31)
	at CignaTest.TestPlanAndServicesFromEmployers.clickPPOPlansButton(TestPlanAndServicesFromEmployers.java:31)
	at CignaTest.TestPlanAndServicesFromEmployers.clickPPOPlansButton(TestPlanAndServicesFromEmployers.java:31)
	at CignaTest.TestPlanAndServicesFromEmployers.clickPPOPlansButton(TestPlanAndServicesFromEmployers.java:31)
	at CignaTest.TestPlanAndServicesFromEmployers.clickPPOPlansButton(TestPlanAndServicesFromEmployers.java:31)
	at CignaTest.TestPlanAndServicesFromEmployers.clickPPOPlansButton(TestPlanAndServicesFromEmployers.java:31)
	at CignaTest.TestPlanAndServicesFromEmployers.clickPPOPlansButton(TestPlanAndServicesFromEmployers.java:31)
	at CignaTest.TestPlanAndServicesFromEmployers.clickPPOPlansButton(TestPlanAndServicesFromEmployers.java:31)
	at CignaTest.TestPlanAndServicesFromEmployers.clickPPOPlansButton(TestPlanAndServicesFromEmployers.java:31)
	at CignaTest.TestPlanAndServicesFromEmployers.clickPPOPlansButton(TestPlanAndServicesFromEmployers.java:31)
	at CignaTest.TestPlanAndServicesFromEmployers.clickPPOPlansButton(TestPlanAndServicesFromEmployers.java:31)
	at CignaTest.TestPlanAndServicesFromEmployers.clickPPOPlansButton(TestPlanAndServicesFromEmployers.java:31)
	at CignaTest.TestPlanAndServicesFromEmployers.clickPPOPlansButton(TestPlanAndServicesFromEmployers.java:31)
	at CignaTest.TestPlanAndServicesFromEmployers.clickPPOPlansButton(TestPlanAndServicesFromEmployers.java:31)
	at CignaTest.TestPlanAndServicesFromEmployers.clickPPOPlansButton(TestPlanAndServicesFromEmployers.java:31)
	at CignaTest.TestPlanAndServicesFromEmployers.clickPPOPlansButton(TestPlanAndServicesFromEmployers.java:31)
	at CignaTest.TestPlanAndServicesFromEmployers.clickPPOPlansButton(TestPlanAndServicesFromEmployers.java:31)
	at CignaTest.TestPlanAndServicesFromEmployers.clickPPOPlansButton(TestPlanAndServicesFromEmployers.java:31)
	at CignaTest.TestPlanAndServicesFromEmployers.clickPPOPlansButton(TestPlanAndServicesFromEmployers.java:31)
	at CignaTest.TestPlanAndServicesFromEmployers.clickPPOPlansButton(TestPlanAndServicesFromEmployers.java:31)
	at CignaTest.TestPlanAndServicesFromEmployers.clickPPOPlansButton(TestPlanAndServicesFromEmployers.java:31)
	at CignaTest.TestPlanAndServicesFromEmployers.clickPPOPlansButton(TestPlanAndServicesFromEmployers.java:31)
	at CignaTest.TestPlanAndServicesFromEmployers.clickPPOPlansButton(TestPlanAndServicesFromEmployers.java:31)
	at CignaTest.TestPlanAndServicesFromEmployers.clickPPOPlansButton(TestPlanAndServicesFromEmployers.java:31)
	at CignaTest.TestPlanAndServicesFromEmployers.clickPPOPlansButton(TestPlanAndServicesFromEmployers.java:31)
	at CignaTest.TestPlanAndServicesFromEmployers.clickPPOPlansButton(TestPlanAndServicesFromEmployers.java:31)
	at CignaTest.TestPlanAndServicesFromEmployers.clickPPOPlansButton(TestPlanAndServicesFromEmployers.java:31)
	at CignaTest.TestPlanAndServicesFromEmployers.clickPPOPlansButton(TestPlanAndServicesFromEmployers.java:31)
	at CignaTest.TestPlanAndServicesFromEmployers.clickPPOPlansButton(TestPlanAndServicesFromEmployers.java:31)
	at CignaTest.TestPlanAndServicesFromEmployers.clickPPOPlansButton(TestPlanAndServicesFromEmployers.java:31)
	at CignaTest.TestPlanAndServicesFromEmployers.clickPPOPlansButton(TestPlanAndServicesFromEmployers.java:31)
	at CignaTest.TestPlanAndServicesFromEmployers.clickPPOPlansButton(TestPlanAndServicesFromEmployers.java:31)
	at CignaTest.TestPlanAndServicesFromEmployers.clickPPOPlansButton(TestPlanAndServicesFromEmployers.java:31)
	at CignaTest.TestPlanAndServicesFromEmployers.clickPPOPlansButton(TestPlanAndServicesFromEmployers.java:31)
	at CignaTest.TestPlanAndServicesFromEmployers.clickPPOPlansButton(TestPlanAndServicesFromEmployers.java:31)
	at CignaTest.TestPlanAndServicesFromEmployers.clickPPOPlansButton(TestPlanAndServicesFromEmployers.java:31)
	at CignaTest.TestPlanAndServicesFromEmployers.clickPPOPlansButton(TestPlanAndServicesFromEmployers.java:31)
	at CignaTest.TestPlanAndServicesFromEmployers.clickPPOPlansButton(TestPlanAndServicesFromEmployers.java:31)
	at CignaTest.TestPlanAndServicesFromEmployers.clickPPOPlansButton(TestPlanAndServicesFromEmployers.java:31)
	at CignaTest.TestPlanAndServicesFromEmployers.clickPPOPlansButton(TestPlanAndServicesFromEmployers.java:31)
	at CignaTest.TestPlanAndServicesFromEmployers.clickPPOPlansButton(TestPlanAndServicesFromEmployers.java:31)
	at CignaTest.TestPlanAndServicesFromEmployers.clickPPOPlansButton(TestPlanAndServicesFromEmployers.java:31)
	at CignaTest.TestPlanAndServicesFromEmployers.clickPPOPlansButton(TestPlanAndServicesFromEmployers.java:31)
	at CignaTest.TestPlanAndServicesFromEmployers.clickPPOPlansButton(TestPlanAndServicesFromEmployers.java:31)
	at CignaTest.TestPlanAndServicesFromEmployers.clickPPOPlansButton(TestPlanAndServicesFromEmployers.java:31)
	at CignaTest.TestPlanAndServicesFromEmployers.clickPPOPlansButton(TestPlanAndServicesFromEmployers.java:31)
	at CignaTest.TestPlanAndServicesFromEmployers.clickPPOPlansButton(TestPlanAndServicesFromEmployers.java:31)
	at CignaTest.TestPlanAndServicesFromEmployers.clickPPOPlansButton(TestPlanAndServicesFromEmployers.java:31)
	at CignaTest.TestPlanAndServicesFromEmployers.clickPPOPlansButton(TestPlanAndServicesFromEmployers.java:31)
	at CignaTest.TestPlanAndServicesFromEmployers.clickPPOPlansButton(TestPlanAndServicesFromEmployers.java:31)
	at CignaTest.TestPlanAndServicesFromEmployers.clickPPOPlansButton(TestPlanAndServicesFromEmployers.java:31)
	at CignaTest.TestPlanAndServicesFromEmployers.clickPPOPlansButton(TestPlanAndServicesFromEmployers.java:31)
	at CignaTest.TestPlanAndServicesFromEmployers.clickPPOPlansButton(TestPlanAndServicesFromEmployers.java:31)
	at CignaTest.TestPlanAndServicesFromEmployers.clickPPOPlansButton(TestPlanAndServicesFromEmployers.java:31)
	at CignaTest.TestPlanAndServicesFromEmployers.clickPPOPlansButton(TestPlanAndServicesFromEmployers.java:31)
	at CignaTest.TestPlanAndServicesFromEmployers.clickPPOPlansButton(TestPlanAndServicesFromEmployers.java:31)
	at CignaTest.TestPlanAndServicesFromEmployers.clickPPOPlansButton(TestPlanAndServicesFromEmployers.java:31)
	at CignaTest.TestPlanAndServicesFromEmployers.clickPPOPlansButton(TestPlanAndServicesFromEmployers.java:31)
	at CignaTest.TestPlanAndServicesFromEmployers.clickPPOPlansButton(TestPlanAndServicesFromEmployers.java:31)
	at CignaTest.TestPlanAndServicesFromEmployers.clickPPOPlansButton(TestPlanAndServicesFromEmployers.java:31)
	at CignaTest.TestPlanAndServicesFromEmployers.clickPPOPlansButton(TestPlanAndServicesFromEmployers.java:31)
	at CignaTest.TestPlanAndServicesFromEmployers.clickPPOPlansButton(TestPlanAndServicesFromEmployers.java:31)
	at CignaTest.TestPlanAndServicesFromEmployers.clickPPOPlansButton(TestPlanAndServicesFromEmployers.java:31)
	at CignaTest.TestPlanAndServicesFromEmployers.clickPPOPlansButton(TestPlanAndServicesFromEmployers.java:31)
	at CignaTest.TestPlanAndServicesFromEmployers.clickPPOPlansButton(TestPlanAndServicesFromEmployers.java:31)
	at CignaTest.TestPlanAndServicesFromEmployers.clickPPOPlansButton(TestPlanAndServicesFromEmployers.java:31)
	at CignaTest.TestPlanAndServicesFromEmployers.clickPPOPlansButton(TestPlanAndServicesFromEmployers.java:31)
	at CignaTest.TestPlanAndServicesFromEmployers.clickPPOPlansButton(TestPlanAndServicesFromEmployers.java:31)
	at CignaTest.TestPlanAndServicesFromEmployers.clickPPOPlansButton(TestPlanAndServicesFromEmployers.java:31)
	at CignaTest.TestPlanAndServicesFromEmployers.clickPPOPlansButton(TestPlanAndServicesFromEmployers.java:31)
	at CignaTest.TestPlanAndServicesFromEmployers.clickPPOPlansButton(TestPlanAndServicesFromEmployers.java:31)
	at CignaTest.TestPlanAndServicesFromEmployers.clickPPOPlansButton(TestPlanAndServicesFromEmployers.java:31)
	at CignaTest.TestPlanAndServicesFromEmployers.clickPPOPlansButton(TestPlanAndServicesFromEmployers.java:31)
	at CignaTest.TestPlanAndServicesFromEmployers.clickPPOPlansButton(TestPlanAndServicesFromEmployers.java:31)
	at CignaTest.TestPlanAndServicesFromEmployers.clickPPOPlansButton(TestPlanAndServicesFromEmployers.java:31)
	at CignaTest.TestPlanAndServicesFromEmployers.clickPPOPlansButton(TestPlanAndServicesFromEmployers.java:31)
	at CignaTest.TestPlanAndServicesFromEmployers.clickPPOPlansButton(TestPlanAndServicesFromEmployers.java:31)
	at CignaTest.TestPlanAndServicesFromEmployers.clickPPOPlansButton(TestPlanAndServicesFromEmployers.java:31)
	at CignaTest.TestPlanAndServicesFromEmployers.clickPPOPlansButton(TestPlanAndServicesFromEmployers.java:31)
	at CignaTest.TestPlanAndServicesFromEmployers.clickPPOPlansButton(TestPlanAndServicesFromEmployers.java:31)
	at CignaTest.TestPlanAndServicesFromEmployers.clickPPOPlansButton(TestPlanAndServicesFromEmployers.java:31)
	at CignaTest.TestPlanAndServicesFromEmployers.clickPPOPlansButton(TestPlanAndServicesFromEmployers.java:31)
	at CignaTest.TestPlanAndServicesFromEmployers.clickPPOPlansButton(TestPlanAndServicesFromEmployers.java:31)
	at CignaTest.TestPlanAndServicesFromEmployers.clickPPOPlansButton(TestPlanAndServicesFromEmployers.java:31)
	at CignaTest.TestPlanAndServicesFromEmployers.clickPPOPlansButton(TestPlanAndServicesFromEmployers.java:31)
	at CignaTest.TestPlanAndServicesFromEmployers.clickPPOPlansButton(TestPlanAndServicesFromEmployers.java:31)
	at CignaTest.TestPlanAndServicesFromEmployers.clickPPOPlansButton(TestPlanAndServicesFromEmployers.java:31)
	at CignaTest.TestPlanAndServicesFromEmployers.clickPPOPlansButton(TestPlanAndServicesFromEmployers.java:31)
	at CignaTest.TestPlanAndServicesFromEmployers.clickPPOPlansButton(TestPlanAndServicesFromEmployers.java:31)
	at CignaTest.TestPlanAndServicesFromEmployers.clickPPOPlansButton(TestPlanAndServicesFromEmployers.java:31)
	at CignaTest.TestPlanAndServicesFromEmployers.clickPPOPlansButton(TestPlanAndServicesFromEmployers.java:31)
	at CignaTest.TestPlanAndServicesFromEmployers.clickPPOPlansButton(TestPlanAndServicesFromEmployers.java:31)
	at CignaTest.TestPlanAndServicesFromEmployers.clickPPOPlansButton(TestPlanAndServicesFromEmployers.java:31)
	at CignaTest.TestPlanAndServicesFromEmployers.clickPPOPlansButton(TestPlanAndServicesFromEmployers.java:31)
	at CignaTest.TestPlanAndServicesFromEmployers.clickPPOPlansButton(TestPlanAndServicesFromEmployers.java:31)
	at CignaTest.TestPlanAndServicesFromEmployers.clickPPOPlansButton(TestPlanAndServicesFromEmployers.java:31)
	at CignaTest.TestPlanAndServicesFromEmployers.clickPPOPlansButton(TestPlanAndServicesFromEmployers.java:31)
	at CignaTest.TestPlanAndServicesFromEmployers.clickPPOPlansButton(TestPlanAndServicesFromEmployers.java:31)
	at CignaTest.TestPlanAndServicesFromEmployers.clickPPOPlansButton(TestPlanAndServicesFromEmployers.java:31)
	at CignaTest.TestPlanAndServicesFromEmployers.clickPPOPlansButton(TestPlanAndServicesFromEmployers.java:31)
	at CignaTest.TestPlanAndServicesFromEmployers.clickPPOPlansButton(TestPlanAndServicesFromEmployers.java:31)
	at CignaTest.TestPlanAndServicesFromEmployers.clickPPOPlansButton(TestPlanAndServicesFromEmployers.java:31)
	at CignaTest.TestPlanAndServicesFromEmployers.clickPPOPlansButton(TestPlanAndServicesFromEmployers.java:31)
	at CignaTest.TestPlanAndServicesFromEmployers.clickPPOPlansButton(TestPlanAndServicesFromEmployers.java:31)
	at CignaTest.TestPlanAndServicesFromEmployers.clickPPOPlansButton(TestPlanAndServicesFromEmployers.java:31)
	at CignaTest.TestPlanAndServicesFromEmployers.clickPPOPlansButton(TestPlanAndServicesFromEmployers.java:31)
	at CignaTest.TestPlanAndServicesFromEmployers.clickPPOPlansButton(TestPlanAndServicesFromEmployers.java:31)
	at CignaTest.TestPlanAndServicesFromEmployers.clickPPOPlansButton(TestPlanAndServicesFromEmployers.java:31)
	at CignaTest.TestPlanAndServicesFromEmployers.clickPPOPlansButton(TestPlanAndServicesFromEmployers.java:31)
	at CignaTest.TestPlanAndServicesFromEmployers.clickPPOPlansButton(TestPlanAndServicesFromEmployers.java:31)
	at CignaTest.TestPlanAndServicesFromEmployers.clickPPOPlansButton(TestPlanAndServicesFromEmployers.java:31)
	at CignaTest.TestPlanAndServicesFromEmployers.clickPPOPlansButton(TestPlanAndServicesFromEmployers.java:31)
	at CignaTest.TestPlanAndServicesFromEmployers.clickPPOPlansButton(TestPlanAndServicesFromEmployers.java:31)
	at CignaTest.TestPlanAndServicesFromEmployers.clickPPOPlansButton(TestPlanAndServicesFromEmployers.java:31)
	at CignaTest.TestPlanAndServicesFromEmployers.clickPPOPlansButton(TestPlanAndServicesFromEmployers.java:31)
	at CignaTest.TestPlanAndServicesFromEmployers.clickPPOPlansButton(TestPlanAndServicesFromEmployers.java:31)
	at CignaTest.TestPlanAndServicesFromEmployers.clickPPOPlansButton(TestPlanAndServicesFromEmployers.java:31)
	at CignaTest.TestPlanAndServicesFromEmployers.clickPPOPlansButton(TestPlanAndServicesFromEmployers.java:31)
	at CignaTest.TestPlanAndServicesFromEmployers.clickPPOPlansButton(TestPlanAndServicesFromEmployers.java:31)
	at CignaTest.TestPlanAndServicesFromEmployers.clickPPOPlansButton(TestPlanAndServicesFromEmployers.java:31)
	at CignaTest.TestPlanAndServicesFromEmployers.clickPPOPlansButton(TestPlanAndServicesFromEmployers.java:31)
	at CignaTest.TestPlanAndServicesFromEmployers.clickPPOPlansButton(TestPlanAndServicesFromEmployers.java:31)
	at CignaTest.TestPlanAndServicesFromEmployers.clickPPOPlansButton(TestPlanAndServicesFromEmployers.java:31)
	at CignaTest.TestPlanAndServicesFromEmployers.clickPPOPlansButton(TestPlanAndServicesFromEmployers.java:31)
	at CignaTest.TestPlanAndServicesFromEmployers.clickPPOPlansButton(TestPlanAndServicesFromEmployers.java:31)
	at CignaTest.TestPlanAndServicesFromEmployers.clickPPOPlansButton(TestPlanAndServicesFromEmployers.java:31)
	at CignaTest.TestPlanAndServicesFromEmployers.clickPPOPlansButton(TestPlanAndServicesFromEmployers.java:31)
	at CignaTest.TestPlanAndServicesFromEmployers.clickPPOPlansButton(TestPlanAndServicesFromEmployers.java:31)
	at CignaTest.TestPlanAndServicesFromEmployers.clickPPOPlansButton(TestPlanAndServicesFromEmployers.java:31)
	at CignaTest.TestPlanAndServicesFromEmployers.clickPPOPlansButton(TestPlanAndServicesFromEmployers.java:31)
	at CignaTest.TestPlanAndServicesFromEmployers.clickPPOPlansButton(TestPlanAndServicesFromEmployers.java:31)
	at CignaTest.TestPlanAndServicesFromEmployers.clickPPOPlansButton(TestPlanAndServicesFromEmployers.java:31)
	at CignaTest.TestPlanAndServicesFromEmployers.clickPPOPlansButton(TestPlanAndServicesFromEmployers.java:31)
	at CignaTest.TestPlanAndServicesFromEmployers.clickPPOPlansButton(TestPlanAndServicesFromEmployers.java:31)
	at CignaTest.TestPlanAndServicesFromEmployers.clickPPOPlansButton(TestPlanAndServicesFromEmployers.java:31)
	at CignaTest.TestPlanAndServicesFromEmployers.clickPPOPlansButton(TestPlanAndServicesFromEmployers.java:31)
	at CignaTest.TestPlanAndServicesFromEmployers.clickPPOPlansButton(TestPlanAndServicesFromEmployers.java:31)
	at CignaTest.TestPlanAndServicesFromEmployers.clickPPOPlansButton(TestPlanAndServicesFromEmployers.java:31)
	at CignaTest.TestPlanAndServicesFromEmployers.clickPPOPlansButton(TestPlanAndServicesFromEmployers.java:31)
	at CignaTest.TestPlanAndServicesFromEmployers.clickPPOPlansButton(TestPlanAndServicesFromEmployers.java:31)
	at CignaTest.TestPlanAndServicesFromEmployers.clickPPOPlansButton(TestPlanAndServicesFromEmployers.java:31)
	at CignaTest.TestPlanAndServicesFromEmployers.clickPPOPlansButton(TestPlanAndServicesFromEmployers.java:31)
	at CignaTest.TestPlanAndServicesFromEmployers.clickPPOPlansButton(TestPlanAndServicesFromEmployers.java:31)
	at CignaTest.TestPlanAndServicesFromEmployers.clickPPOPlansButton(TestPlanAndServicesFromEmployers.java:31)
	at CignaTest.TestPlanAndServicesFromEmployers.clickPPOPlansButton(TestPlanAndServicesFromEmployers.java:31)
	at CignaTest.TestPlanAndServicesFromEmployers.clickPPOPlansButton(TestPlanAndServicesFromEmployers.java:31)
	at CignaTest.TestPlanAndServicesFromEmployers.clickPPOPlansButton(TestPlanAndServicesFromEmployers.java:31)
	at CignaTest.TestPlanAndServicesFromEmployers.clickPPOPlansButton(TestPlanAndServicesFromEmployers.java:31)
	at CignaTest.TestPlanAndServicesFromEmployers.clickPPOPlansButton(TestPlanAndServicesFromEmployers.java:31)
	at CignaTest.TestPlanAndServicesFromEmployers.clickPPOPlansButton(TestPlanAndServicesFromEmployers.java:31)
	at CignaTest.TestPlanAndServicesFromEmployers.clickPPOPlansButton(TestPlanAndServicesFromEmployers.java:31)
	at CignaTest.TestPlanAndServicesFromEmployers.clickPPOPlansButton(TestPlanAndServicesFromEmployers.java:31)
	at CignaTest.TestPlanAndServicesFromEmployers.clickPPOPlansButton(TestPlanAndServicesFromEmployers.java:31)
	at CignaTest.TestPlanAndServicesFromEmployers.clickPPOPlansButton(TestPlanAndServicesFromEmployers.java:31)
	at CignaTest.TestPlanAndServicesFromEmployers.clickPPOPlansButton(TestPlanAndServicesFromEmployers.java:31)
	at CignaTest.TestPlanAndServicesFromEmployers.clickPPOPlansButton(TestPlanAndServicesFromEmployers.java:31)
	at CignaTest.TestPlanAndServicesFromEmployers.clickPPOPlansButton(TestPlanAndServicesFromEmployers.java:31)
	at CignaTest.TestPlanAndServicesFromEmployers.clickPPOPlansButton(TestPlanAndServicesFromEmployers.java:31)
	at CignaTest.TestPlanAndServicesFromEmployers.clickPPOPlansButton(TestPlanAndServicesFromEmployers.java:31)
	at CignaTest.TestPlanAndServicesFromEmployers.clickPPOPlansButton(TestPlanAndServicesFromEmployers.java:31)
	at CignaTest.TestPlanAndServicesFromEmployers.clickPPOPlansButton(TestPlanAndServicesFromEmployers.java:31)
	at CignaTest.TestPlanAndServicesFromEmployers.clickPPOPlansButton(TestPlanAndServicesFromEmployers.java:31)
[...]
TestPlanAndServicesFromEmployers: click PPO Plans Button
TestPlanAndServicesFromEmployers: click PPO Plans Button
TestPlanAndServicesFromEmployers: click PPO Plans Button
TestPlanAndServicesFromEmployers: click PPO Plans Button
TestPlanAndServicesFromEmployers: click PPO Plans Button
TestPlanAndServicesFromEmployers: click PPO Plans Button
TestPlanAndServicesFromEmployers: click PPO Plans Button
TestPlanAndServicesFromEmployers: click PPO Plans Button
TestPlanAndServicesFromEmployers: click PPO Plans Button
TestPlanAndServicesFromEmployers: click PPO Plans Button
TestPlanAndServicesFromEmployers: click PPO Plans Button
TestPlanAndServicesFromEmployers: click PPO Plans Button
TestPlanAndServicesFromEmployers: click PPO Plans Button
TestPlanAndServicesFromEmployers: click PPO Plans Button
TestPlanAndServicesFromEmployers: click PPO Plans Button
TestPlanAndServicesFromEmployers: click PPO Plans Button
TestPlanAndServicesFromEmployers: click PPO Plans Button
TestPlanAndServicesFromEmployers: click PPO Plans Button
TestPlanAndServicesFromEmployers: click PPO Plans Button
TestPlanAndServicesFromEmployers: click PPO Plans Button
TestPlanAndServicesFromEmployers: click PPO Plans Button
TestPlanAndServicesFromEmployers: click PPO Plans Button
TestPlanAndServicesFromEmployers: click PPO Plans Button
TestPlanAndServicesFromEmployers: click PPO Plans Button
TestPlanAndServicesFromEmployers: click PPO Plans Button
TestPlanAndServicesFromEmployers: click PPO Plans Button
TestPlanAndServicesFromEmployers: click PPO Plans Button
TestPlanAndServicesFromEmployers: click PPO Plans Button
TestPlanAndServicesFromEmployers: click PPO Plans Button
TestPlanAndServicesFromEmployers: click PPO Plans Button
TestPlanAndServicesFromEmployers: click PPO Plans Button
TestPlanAndServicesFromEmployers: click PPO Plans Button
TestPlanAndServicesFromEmployers: click PPO Plans Button
TestPlanAndServicesFromEmployers: click PPO Plans Button
TestPlanAndServicesFromEmployers: click PPO Plans Button
TestPlanAndServicesFromEmployers: click PPO Plans Button
TestPlanAndServicesFromEmployers: click PPO Plans Button
TestPlanAndServicesFromEmployers: click PPO Plans Button
TestPlanAndServicesFromEmployers: click PPO Plans Button
TestPlanAndServicesFromEmployers: click PPO Plans Button
TestPlanAndServicesFromEmployers: click PPO Plans Button
TestPlanAndServicesFromEmployers: click PPO Plans Button
TestPlanAndServicesFromEmployers: click PPO Plans Button
TestPlanAndServicesFromEmployers: click PPO Plans Button
TestPlanAndServicesFromEmployers: click PPO Plans Button
TestPlanAndServicesFromEmployers: click PPO Plans Button
TestPlanAndServicesFromEmployers: click PPO Plans Button
TestPlanAndServicesFromEmployers: click PPO Plans Button
TestPlanAndServicesFromEmployers: click PPO Plans Button
TestPlanAndServicesFromEmployers: click PPO Plans Button
TestPlanAndServicesFromEmployers: click PPO Plans Button
TestPlanAndServicesFromEmployers: click PPO Plans Button
TestPlanAndServicesFromEmployers: click PPO Plans Button
TestPlanAndServicesFromEmployers: click PPO Plans Button
TestPlanAndServicesFromEmployers: click PPO Plans Button
TestPlanAndServicesFromEmployers: click PPO Plans Button
TestPlanAndServicesFromEmployers: click PPO Plans Button
TestPlanAndServicesFromEmployers: click PPO Plans Button
TestPlanAndServicesFromEmployers: click PPO Plans Button
TestPlanAndServicesFromEmployers: click PPO Plans Button
TestPlanAndServicesFromEmployers: click PPO Plans Button
TestPlanAndServicesFromEmployers: click PPO Plans Button
TestPlanAndServicesFromEmployers: click PPO Plans Button
TestPlanAndServicesFromEmployers: click PPO Plans Button
TestPlanAndServicesFromEmployers: click PPO Plans Button
TestPlanAndServicesFromEmployers: click PPO Plans Button
TestPlanAndServicesFromEmployers: click PPO Plans Button
TestPlanAndServicesFromEmployers: click PPO Plans Button
TestPlanAndServicesFromEmployers: click PPO Plans Button
TestPlanAndServicesFromEmployers: click PPO Plans Button
TestPlanAndServicesFromEmployers: click PPO Plans Button
TestPlanAndServicesFromEmployers: click PPO Plans Button
TestPlanAndServicesFromEmployers: click PPO Plans Button
TestPlanAndServicesFromEmployers: click PPO Plans Button
TestPlanAndServicesFromEmployers: click PPO Plans Button
TestPlanAndServicesFromEmployers: click PPO Plans Button
TestPlanAndServicesFromEmployers: click PPO Plans Button
TestPlanAndServicesFromEmployers: click PPO Plans Button
TestPlanAndServicesFromEmployers: click PPO Plans Button
TestPlanAndServicesFromEmployers: click PPO Plans Button
TestPlanAndServicesFromEmployers: click PPO Plans Button
TestPlanAndServicesFromEmployers: click PPO Plans Button
TestPlanAndServicesFromEmployers: click PPO Plans Button
TestPlanAndServicesFromEmployers: click PPO Plans Button
TestPlanAndServicesFromEmployers: click PPO Plans Button
TestPlanAndServicesFromEmployers: click PPO Plans Button
TestPlanAndServicesFromEmployers: click PPO Plans Button
TestPlanAndServicesFromEmployers: click PPO Plans Button
TestPlanAndServicesFromEmployers: click PPO Plans Button
TestPlanAndServicesFromEmployers: click PPO Plans Button
TestPlanAndServicesFromEmployers: click PPO Plans Button
TestPlanAndServicesFromEmployers: click PPO Plans Button
TestPlanAndServicesFromEmployers: click PPO Plans Button
TestPlanAndServicesFromEmployers: click PPO Plans Button
TestPlanAndServicesFromEmployers: click PPO Plans Button
TestPlanAndServicesFromEmployers: click PPO Plans Button
TestPlanAndServicesFromEmployers: click PPO Plans Button
TestPlanAndServicesFromEmployers: click PPO Plans Button
TestPlanAndServicesFromEmployers: click PPO Plans Button
TestPlanAndServicesFromEmployers: click PPO Plans Button
TestPlanAndServicesFromEmployers: click PPO Plans Button
TestPlanAndServicesFromEmployers: click PPO Plans Button
TestPlanAndServicesFromEmployers: click PPO Plans Button
TestPlanAndServicesFromEmployers: click PPO Plans Button
TestPlanAndServicesFromEmployers: click PPO Plans Button
TestPlanAndServicesFromEmployers: click PPO Plans Button
TestPlanAndServicesFromEmployers: click PPO Plans Button
TestPlanAndServicesFromEmployers: click PPO Plans Button
TestPlanAndServicesFromEmployers: click PPO Plans Button
TestPlanAndServicesFromEmployers: click PPO Plans Button
TestPlanAndServicesFromEmployers: click PPO Plans Button
TestPlanAndServicesFromEmployers: click PPO Plans Button
TestPlanAndServicesFromEmployers: click PPO Plans Button
TestPlanAndServicesFromEmployers: click PPO Plans Button
TestPlanAndServicesFromEmployers: click PPO Plans Button
TestPlanAndServicesFromEmployers: click PPO Plans Button
TestPlanAndServicesFromEmployers: click PPO Plans Button
TestPlanAndServicesFromEmployers: click PPO Plans Button
TestPlanAndServicesFromEmployers: click PPO Plans Button
TestPlanAndServicesFromEmployers: click PPO Plans Button
TestPlanAndServicesFromEmployers: click PPO Plans Button
TestPlanAndServicesFromEmployers: click PPO Plans Button
TestPlanAndServicesFromEmployers: click PPO Plans Button
TestPlanAndServicesFromEmployers: click PPO Plans Button
TestPlanAndServicesFromEmployers: click PPO Plans Button
TestPlanAndServicesFromEmployers: click PPO Plans Button
TestPlanAndServicesFromEmployers: click PPO Plans Button
TestPlanAndServicesFromEmployers: click PPO Plans Button
TestPlanAndServicesFromEmployers: click PPO Plans Button
TestPlanAndServicesFromEmployers: click PPO Plans Button
TestPlanAndServicesFromEmployers: click PPO Plans Button
TestPlanAndServicesFromEmployers: click PPO Plans Button
TestPlanAndServicesFromEmployers: click PPO Plans Button
TestPlanAndServicesFromEmployers: click PPO Plans Button
TestPlanAndServicesFromEmployers: click PPO Plans Button
TestPlanAndServicesFromEmployers: click PPO Plans Button
TestPlanAndServicesFromEmployers: click PPO Plans Button
TestPlanAndServicesFromEmployers: click PPO Plans Button
TestPlanAndServicesFromEmployers: click PPO Plans Button
TestPlanAndServicesFromEmployers: click PPO Plans Button
TestPlanAndServicesFromEmployers: click PPO Plans Button
TestPlanAndServicesFromEmployers: click PPO Plans Button
TestPlanAndServicesFromEmployers: click PPO Plans Button
TestPlanAndServicesFromEmployers: click PPO Plans Button
TestPlanAndServicesFromEmployers: click PPO Plans Button
TestPlanAndServicesFromEmployers: click PPO Plans Button
TestPlanAndServicesFromEmployers: click PPO Plans Button
TestPlanAndServicesFromEmployers: click PPO Plans Button
TestPlanAndServicesFromEmployers: click PPO Plans Button
TestPlanAndServicesFromEmployers: click PPO Plans Button
TestPlanAndServicesFromEmployers: click PPO Plans Button
TestPlanAndServicesFromEmployers: click PPO Plans Button
TestPlanAndServicesFromEmployers: click PPO Plans Button
TestPlanAndServicesFromEmployers: click PPO Plans Button
TestPlanAndServicesFromEmployers: click PPO Plans Button
TestPlanAndServicesFromEmployers: click PPO Plans Button
TestPlanAndServicesFromEmployers: click PPO Plans Button
TestPlanAndServicesFromEmployers: click PPO Plans Button
TestPlanAndServicesFromEmployers: click PPO Plans Button
TestPlanAndServicesFromEmployers: click PPO Plans Button
TestPlanAndServicesFromEmployers: click PPO Plans Button
TestPlanAndServicesFromEmployers: click PPO Plans Button
TestPlanAndServicesFromEmployers: click PPO Plans Button
TestPlanAndServicesFromEmployers: click PPO Plans Button
TestPlanAndServicesFromEmployers: click PPO Plans Button
TestPlanAndServicesFromEmployers: click PPO Plans Button
TestPlanAndServicesFromEmployers: click PPO Plans Button
TestPlanAndServicesFromEmployers: click PPO Plans Button
TestPlanAndServicesFromEmployers: click PPO Plans Button
TestPlanAndServicesFromEmployers: click PPO Plans Button
TestPlanAndServicesFromEmployers: click PPO Plans Button
TestPlanAndServicesFromEmployers: click PPO Plans Button
TestPlanAndServicesFromEmployers: click PPO Plans Button
TestPlanAndServicesFromEmployers: click PPO Plans Button
TestPlanAndServicesFromEmployers: click PPO Plans Button
TestPlanAndServicesFromEmployers: click PPO Plans Button
TestPlanAndServicesFromEmployers: click PPO Plans Button
TestPlanAndServicesFromEmployers: click PPO Plans Button
TestPlanAndServicesFromEmployers: click PPO Plans Button
TestPlanAndServicesFromEmployers: click PPO Plans Button
TestPlanAndServicesFromEmployers: click PPO Plans Button
TestPlanAndServicesFromEmployers: click PPO Plans Button
TestPlanAndServicesFromEmployers: click PPO Plans Button
TestPlanAndServicesFromEmployers: click PPO Plans Button
TestPlanAndServicesFromEmployers: click PPO Plans Button
TestPlanAndServicesFromEmployers: click PPO Plans Button
TestPlanAndServicesFromEmployers: click PPO Plans Button
TestPlanAndServicesFromEmployers: click PPO Plans Button
TestPlanAndServicesFromEmployers: click PPO Plans Button
TestPlanAndServicesFromEmployers: click PPO Plans Button
TestPlanAndServicesFromEmployers: click PPO Plans Button
TestPlanAndServicesFromEmployers: click PPO Plans Button
TestPlanAndServicesFromEmployers: click PPO Plans Button
TestPlanAndServicesFromEmployers: click PPO Plans Button
TestPlanAndServicesFromEmployers: click PPO Plans Button
TestPlanAndServicesFromEmployers: click PPO Plans Button
TestPlanAndServicesFromEmployers: click PPO Plans Button
TestPlanAndServicesFromEmployers: click PPO Plans Button
TestPlanAndServicesFromEmployers: click PPO Plans Button
TestPlanAndServicesFromEmployers: click PPO Plans Button
TestPlanAndServicesFromEmployers: click PPO Plans Button
TestPlanAndServicesFromEmployers: click PPO Plans Button
TestPlanAndServicesFromEmployers: click PPO Plans Button
TestPlanAndServicesFromEmployers: click PPO Plans Button
TestPlanAndServicesFromEmployers: click PPO Plans Button
TestPlanAndServicesFromEmployers: click PPO Plans Button
TestPlanAndServicesFromEmployers: click PPO Plans Button
TestPlanAndServicesFromEmployers: click PPO Plans Button
TestPlanAndServicesFromEmployers: click PPO Plans Button
TestPlanAndServicesFromEmployers: click PPO Plans Button
TestPlanAndServicesFromEmployers: click PPO Plans Button
TestPlanAndServicesFromEmployers: click PPO Plans Button
TestPlanAndServicesFromEmployers: click PPO Plans Button
TestPlanAndServicesFromEmployers: click PPO Plans Button
TestPlanAndServicesFromEmployers: click PPO Plans Button
TestPlanAndServicesFromEmployers: click PPO Plans Button
TestPlanAndServicesFromEmployers: click PPO Plans Button
TestPlanAndServicesFromEmployers: click PPO Plans Button
TestPlanAndServicesFromEmployers: click PPO Plans Button
TestPlanAndServicesFromEmployers: click PPO Plans Button
TestPlanAndServicesFromEmployers: click PPO Plans Button
TestPlanAndServicesFromEmployers: click PPO Plans Button
TestPlanAndServicesFromEmployers: click PPO Plans Button
TestPlanAndServicesFromEmployers: click PPO Plans Button
TestPlanAndServicesFromEmployers: click PPO Plans Button
TestPlanAndServicesFromEmployers: click PPO Plans Button
TestPlanAndServicesFromEmployers: click PPO Plans Button
TestPlanAndServicesFromEmployers: click PPO Plans Button
TestPlanAndServicesFromEmployers: click PPO Plans Button
TestPlanAndServicesFromEmployers: click PPO Plans Button
TestPlanAndServicesFromEmployers: click PPO Plans Button
TestPlanAndServicesFromEmployers: click PPO Plans Button
TestPlanAndServicesFromEmployers: click PPO Plans Button
TestPlanAndServicesFromEmployers: click PPO Plans Button
TestPlanAndServicesFromEmployers: click PPO Plans Button
TestPlanAndServicesFromEmployers: click PPO Plans Button
TestPlanAndServicesFromEmployers: click PPO Plans Button
TestPlanAndServicesFromEmployers: click PPO Plans Button
TestPlanAndServicesFromEmployers: click PPO Plans Button
TestPlanAndServicesFromEmployers: click PPO Plans Button
TestPlanAndServicesFromEmployers: click PPO Plans Button
TestPlanAndServicesFromEmployers: click PPO Plans Button
TestPlanAndServicesFromEmployers: click PPO Plans Button
TestPlanAndServicesFromEmployers: click PPO Plans Button
TestPlanAndServicesFromEmployers: click PPO Plans Button
TestPlanAndServicesFromEmployers: click PPO Plans Button
TestPlanAndServicesFromEmployers: click PPO Plans Button
TestPlanAndServicesFromEmployers: click PPO Plans Button
TestPlanAndServicesFromEmployers: click PPO Plans Button
TestPlanAndServicesFromEmployers: click PPO Plans Button
TestPlanAndServicesFromEmployers: click PPO Plans Button
TestPlanAndServicesFromEmployers: click PPO Plans Button
TestPlanAndServicesFromEmployers: click PPO Plans Button
TestPlanAndServicesFromEmployers: click PPO Plans Button
TestPlanAndServicesFromEmployers: click PPO Plans Button
TestPlanAndServicesFromEmployers: click PPO Plans Button
TestPlanAndServicesFromEmployers: click PPO Plans Button
TestPlanAndServicesFromEmployers: click PPO Plans Button
TestPlanAndServicesFromEmployers: click PPO Plans Button
TestPlanAndServicesFromEmployers: click PPO Plans Button
TestPlanAndServicesFromEmployers: click PPO Plans Button
TestPlanAndServicesFromEmployers: click PPO Plans Button
TestPlanAndServicesFromEmployers: click PPO Plans Button
TestPlanAndServicesFromEmployers: click PPO Plans Button
TestPlanAndServicesFromEmployers: click PPO Plans Button
TestPlanAndServicesFromEmployers: click PPO Plans Button
TestPlanAndServicesFromEmployers: click PPO Plans Button
TestPlanAndServicesFromEmployers: click PPO Plans Button
TestPlanAndServicesFromEmployers: click PPO Plans Button
TestPlanAndServicesFromEmployers: click PPO Plans Button
TestPlanAndServicesFromEmployers: click PPO Plans Button
TestPlanAndServicesFromEmployers: click PPO Plans Button
TestPlanAndServicesFromEmployers: click PPO Plans Button
TestPlanAndServicesFromEmployers: click PPO Plans Button
TestPlanAndServicesFromEmployers: click PPO Plans Button
TestPlanAndServicesFromEmployers: click PPO Plans Button
TestPlanAndServicesFromEmployers: click PPO Plans Button
TestPlanAndServicesFromEmployers: click PPO Plans Button
TestPlanAndServicesFromEmployers: click PPO Plans Button
TestPlanAndServicesFromEmployers: click PPO Plans Button
TestPlanAndServicesFromEmployers: click PPO Plans Button
TestPlanAndServicesFromEmployers: click PPO Plans Button
TestPlanAndServicesFromEmployers: click PPO Plans Button
TestPlanAndServicesFromEmployers: click PPO Plans Button
TestPlanAndServicesFromEmployers: click PPO Plans Button
TestPlanAndServicesFromEmployers: click PPO Plans Button
TestPlanAndServicesFromEmployers: click PPO Plans Button
TestPlanAndServicesFromEmployers: click PPO Plans Button
TestPlanAndServicesFromEmployers: click PPO Plans Button
TestPlanAndServicesFromEmployers: click PPO Plans Button
TestPlanAndServicesFromEmployers: click PPO Plans Button
TestPlanAndServicesFromEmployers: click PPO Plans Button
TestPlanAndServicesFromEmployers: click PPO Plans Button
TestPlanAndServicesFromEmployers: click PPO Plans Button
TestPlanAndServicesFromEmployers: click PPO Plans Button
TestPlanAndServicesFromEmployers: click PPO Plans Button
TestPlanAndServicesFromEmployers: click PPO Plans Button
TestPlanAndServicesFromEmployers: click PPO Plans Button
]]></system-out>
    <system-err><![CDATA[Starting ChromeDriver 76.0.3809.126 (d80a294506b4c9d18015e755cee48f953ddc3f2f-refs/branch-heads/3809@{#1024}) on port 43689
Only local connections are allowed.
Please protect ports used by ChromeDriver and related test frameworks to prevent access by malicious code.
[1570330632.961][WARNING]: This version of ChromeDriver has not been tested with Chrome version 77.
Oct 05, 2019 10:57:13 PM org.openqa.selenium.remote.ProtocolHandshake createSession
INFO: Detected dialect: W3C
]]></system-err>
  </testcase>
  <testcase name="clickBehavioralButtonTest" classname="CignaTest.TestPlanAndServicesFromEmployersExtension" time="3.738"/>
  <testcase name="clickCignaOnsiteButtonT" classname="CignaTest.TestPlanAndServicesFromEmployersExtension" time="3.284"/>
  <testcase name="clickGroupLifeInsurance" classname="CignaTest.TestPlanAndServicesFromEmployersExtension" time="3.851"/>
  <testcase name="clickPharmacyButtonTest" classname="CignaTest.TestPlanAndServicesFromEmployersExtension" time="3.939"/>
  <testcase name="clickPharmacyManagementTest" classname="CignaTest.TestPlanAndServicesFromEmployersExtension" time="3.426"/>
  <testcase name="clickPopulationButton" classname="CignaTest.TestPlanAndServicesFromEmployersExtension" time="3.671"/>
  <testcase name="clickVisionInsuranceButtonTest" classname="CignaTest.TestPlanAndServicesFromEmployersExtension" time="3.531"/>
  <testcase name="clickADDInsuranceButtonT" classname="CignaTest.TestPlansAndServicesUsingSupplemental" time="3.757"/>
  <testcase name="clickAccidentInjuryButtonT" classname="CignaTest.TestPlansAndServicesUsingSupplemental" time="3.422"/>
  <testcase name="clickCignaLeaveSolutionsT" classname="CignaTest.TestPlansAndServicesUsingSupplemental" time="3.857"/>
  <testcase name="clickCriticalIllnessButtonT" classname="CignaTest.TestPlansAndServicesUsingSupplemental" time="4.217"/>
  <testcase name="clickFundingSolutionsT" classname="CignaTest.TestPlansAndServicesUsingSupplemental" time="3.527"/>
  <testcase name="clickGroupDisabilityButtonT" classname="CignaTest.TestPlansAndServicesUsingSupplemental" time="3.919"/>
  <testcase name="clickHospitalInsuranceButton" classname="CignaTest.TestPlansAndServicesUsingSupplemental" time="4.07"/>
  <testcase name="searchForItemsExcel" classname="DataDriven.DataDrivenTests" time="7.164"/>
  <testcase name="searchForItemsMongoDB" classname="DataDriven.DataDrivenTests" time="6.245"/>
  <testcase name="clickDefinedContributionsT" classname="CignaTest.TestEmployersAndBrokersExtent" time="4.29"/>
  <testcase name="clickSmallEmplyersTest" classname="CignaTest.TestEmployersAndBrokersExtent" time="3.948"/>
  <testcase name="clickSpendingButton" classname="CignaTest.TestEmployersAndBrokersExtent" time="5.619"/>
  <testcase name="clickStopLossSolutionsButtonT" classname="CignaTest.TestEmployersAndBrokersExtent" time="3.23"/>
  <testcase name="clickWhoWeServet" classname="CignaTest.TestEmployersAndBrokersExtent" time="2.991"/>
</testsuite>