<?xml version="1.0" encoding="UTF-8"?>
<!-- Generated by org.testng.reporters.JUnitXMLReporter -->
<testsuite ignored="22" hostname="Macs-MBP-5.attlocal.net" failures="3" tests="77" name="Cigna" time="697.45" errors="0" timestamp="2019-10-05T23:00:42 EDT">
  <testcase classname="CignaTest.CignaTestsRightTopButtons" name="testClickCignaInternational" time="3.725"/>
  <testcase classname="CignaTest.CignaTestsRightTopButtons" name="testClickContactUs" time="1.353"/>
  <testcase classname="CignaTest.CignaTestsRightTopButtons" name="testClickEspanol" time="1.449"/>
  <testcase classname="CignaTest.CignaTestsRightTopButtons" name="testClickPrivacy" time="3.363"/>
  <testcase classname="CignaTest.CignaTestsRightTopButtons" name="testFindDoctor" time="2.176"/>
  <testcase classname="CignaTest.CignaTestsRightTopButtons" name="testSearchBar" time="11.424">
    <failure type="org.openqa.selenium.NoSuchElementException" message="no such element: Unable to locate element: {&amp;quot;method&amp;quot;:&amp;quot;xpath&amp;quot;,&amp;quot;selector&amp;quot;:&amp;quot;//div[@class =&amp;apos;csng-search-key&amp;apos;]&amp;quot;}
  (Session info: chrome=77.0.3865.90)
For documentation on this error, please visit: https://www.seleniumhq.org/exceptions/no_such_element.html
Build info: version: &amp;apos;3.141.59&amp;apos;, revision: &amp;apos;e82be7d358&amp;apos;, time: &amp;apos;2018-11-14T08:17:03&amp;apos;
System info: host: &amp;apos;Macs-MBP-5.attlocal.net&amp;apos;, ip: &amp;apos;2600:1700:3890:ac10:0:0:0:48%en0&amp;apos;, os.name: &amp;apos;Mac OS X&amp;apos;, os.arch: &amp;apos;x86_64&amp;apos;, os.version: &amp;apos;10.14.6&amp;apos;, java.version: &amp;apos;11.0.2&amp;apos;
Driver info: org.openqa.selenium.chrome.ChromeDriver
Capabilities {acceptInsecureCerts: false, browserName: chrome, browserVersion: 77.0.3865.90, chrome: {chromedriverVersion: 76.0.3809.126 (d80a294506b4..., userDataDir: /var/folders/n2/vl72p8515wd...}, goog:chromeOptions: {debuggerAddress: localhost:57647}, javascriptEnabled: true, networkConnectionEnabled: false, pageLoadStrategy: normal, platform: MAC, platformName: MAC, proxy: Proxy(), setWindowRect: true, strictFileInteractability: false, timeouts: {implicit: 0, pageLoad: 300000, script: 30000}, unhandledPromptBehavior: dismiss and notify}
Session ID: 82b79ad4f08e55e9627a47719cf54271
*** Element info: {Using=xpath, value=//div[@class =&amp;apos;csng-search-key&amp;apos;]}">
      <![CDATA[org.openqa.selenium.NoSuchElementException: no such element: Unable to locate element: {"method":"xpath","selector":"//div[@class ='csng-search-key']"}
  (Session info: chrome=77.0.3865.90)
For documentation on this error, please visit: https://www.seleniumhq.org/exceptions/no_such_element.html
Build info: version: '3.141.59', revision: 'e82be7d358', time: '2018-11-14T08:17:03'
System info: host: 'Macs-MBP-5.attlocal.net', ip: '2600:1700:3890:ac10:0:0:0:48%en0', os.name: 'Mac OS X', os.arch: 'x86_64', os.version: '10.14.6', java.version: '11.0.2'
Driver info: org.openqa.selenium.chrome.ChromeDriver
Capabilities {acceptInsecureCerts: false, browserName: chrome, browserVersion: 77.0.3865.90, chrome: {chromedriverVersion: 76.0.3809.126 (d80a294506b4..., userDataDir: /var/folders/n2/vl72p8515wd...}, goog:chromeOptions: {debuggerAddress: localhost:57647}, javascriptEnabled: true, networkConnectionEnabled: false, pageLoadStrategy: normal, platform: MAC, platformName: MAC, proxy: Proxy(), setWindowRect: true, strictFileInteractability: false, timeouts: {implicit: 0, pageLoad: 300000, script: 30000}, unhandledPromptBehavior: dismiss and notify}
Session ID: 82b79ad4f08e55e9627a47719cf54271
*** Element info: {Using=xpath, value=//div[@class ='csng-search-key']}
at org.openqa.selenium.remote.http.W3CHttpResponseCodec.createException(W3CHttpResponseCodec.java:187)
at org.openqa.selenium.remote.http.W3CHttpResponseCodec.decode(W3CHttpResponseCodec.java:122)
at org.openqa.selenium.remote.http.W3CHttpResponseCodec.decode(W3CHttpResponseCodec.java:49)
at org.openqa.selenium.remote.HttpCommandExecutor.execute(HttpCommandExecutor.java:158)
at org.openqa.selenium.remote.service.DriverCommandExecutor.execute(DriverCommandExecutor.java:83)
at org.openqa.selenium.remote.RemoteWebDriver.execute(RemoteWebDriver.java:552)
at org.openqa.selenium.remote.RemoteWebDriver.findElement(RemoteWebDriver.java:323)
at org.openqa.selenium.remote.RemoteWebDriver.findElementByXPath(RemoteWebDriver.java:428)
at org.openqa.selenium.By$ByXPath.findElement(By.java:353)
at org.openqa.selenium.remote.RemoteWebDriver.findElement(RemoteWebDriver.java:315)
at org.openqa.selenium.support.pagefactory.DefaultElementLocator.findElement(DefaultElementLocator.java:69)
at org.openqa.selenium.support.pagefactory.internal.LocatingElementHandler.invoke(LocatingElementHandler.java:38)
at com.sun.proxy.$Proxy14.getText(Unknown Source)
at CignaMain.CignaMainTestCases.searchBarSearch(CignaMainTestCases.java:166)
at CignaTest.CignaTestsRightTopButtons.testSearchBar(CignaTestsRightTopButtons.java:41)
at java.base/java.util.ArrayList.forEach(ArrayList.java:1540)
... Removed 35 stack frames]]>
    </failure>
  </testcase> <!-- testSearchBar -->
  <testcase classname="CignaTest.CignaTestsRightTopButtons" name="testSignIn" time="0.216"/>
  <testcase classname="CignaTest.TestIndividualsAndFamilyBar" name="testClickInternationalInsurance" time="5.916"/>
  <testcase classname="CignaTest.TestIndividualsAndFamilyBar" name="testDentalPlanButton" time="3.191">
    <failure type="java.lang.AssertionError" message="did not expect to find [true] but found [false]">
      <![CDATA[java.lang.AssertionError: did not expect to find [true] but found [false]
at CignaMain.CignaMainTestCases.clickDentalPLan(CignaMainTestCases.java:203)
at CignaTest.TestIndividualsAndFamilyBar.testDentalPlanButton(TestIndividualsAndFamilyBar.java:32)
at java.base/java.util.ArrayList.forEach(ArrayList.java:1540)
... Removed 35 stack frames]]>
    </failure>
  </testcase> <!-- testDentalPlanButton -->
  <testcase classname="CignaTest.TestIndividualsAndFamilyBar" name="testFindingButton" time="4.1"/>
  <testcase classname="CignaTest.TestIndividualsAndFamilyBar" name="testIndividualsAndFamilyButton" time="1.89"/>
  <testcase classname="CignaTest.TestIndividualsAndFamilyBar" name="testMemberSources" time="2.112"/>
  <testcase classname="CignaTest.TestIndividualsAndFamilyBar" name="testOtherSuplementalInsurance" time="2.99"/>
  <testcase classname="CignaTest.TestIndividualsAndFamilyBar" name="testPlansAndServices" time="2.061"/>
  <testcase classname="CignaTest.TestsUnderstandingInsuranceList" name="testBuyingInsuranceButton" time="3.372"/>
  <testcase classname="CignaTest.TestsUnderstandingInsuranceList" name="testClickHealthcareReform" time="3.334"/>
  <testcase classname="CignaTest.TestsUnderstandingInsuranceList" name="testCommonInsurance" time="3.089"/>
  <testcase classname="CignaTest.TestsUnderstandingInsuranceList" name="testCopayButton" time="3.324"/>
  <testcase classname="CignaTest.TestsUnderstandingInsuranceList" name="testHowToShopButton" time="3.929"/>
  <testcase classname="CignaTest.TestsUnderstandingInsuranceList" name="testProviderButton" time="2.851"/>
  <testcase classname="CignaTest.TestsUnderstandingInsuranceList" name="testUnderstandingInsurance" time="1.876"/>
  <testcase classname="CignaTest.TestUnderstandingInsuranceList2" name="testCignaMobileAppButton" time="3.371"/>
  <testcase classname="CignaTest.TestUnderstandingInsuranceList2" name="testClaimsButton" time="3.622"/>
  <testcase classname="CignaTest.TestUnderstandingInsuranceList2" name="testClickHsaButton" time="4.081"/>
  <testcase classname="CignaTest.TestUnderstandingInsuranceList2" name="testCustomerServicesButton" time="3.018"/>
  <testcase classname="CignaTest.TestUnderstandingInsuranceList2" name="testPrescriptionButton" time="4.046"/>
  <testcase classname="CignaTest.TestUnderstandingInsuranceList2" name="testProgramsButton" time="3.14"/>
  <testcase classname="CignaTest.TestUnderstandingInsuranceList2" name="testRequestIdCard" time="3.333"/>
  <testcase classname="CignaTest.TestHealthAndWellnessListButtons" name="testAutismButton" time="4.137"/>
  <testcase classname="CignaTest.TestHealthAndWellnessListButtons" name="testDentalPlanButton" time="4.191"/>
  <testcase classname="CignaTest.TestHealthAndWellnessListButtons" name="testDisasterResourcesButton" time="2.863"/>
  <testcase classname="CignaTest.TestHealthAndWellnessListButtons" name="testEatingDisordersButon" time="4.633"/>
  <testcase classname="CignaTest.TestHealthAndWellnessListButtons" name="testEatingWellButton" time="3.154"/>
  <testcase classname="CignaTest.TestHealthAndWellnessListButtons" name="testExercisesButton" time="6.375"/>
  <testcase classname="CignaTest.TestHealthAndWellnessListButtons" name="testHealthAndWellnessButton" time="2.466"/>
  <testcase classname="CignaTest.TestHealthAndWellnessListButtonList" name="testClickFamilyButton" time="3.421"/>
  <testcase classname="CignaTest.TestHealthAndWellnessListButtonList" name="testClickHealthyAging" time="3.706"/>
  <testcase classname="CignaTest.TestHealthAndWellnessListButtonList" name="testClickLgbtButton" time="3.193"/>
  <testcase classname="CignaTest.TestHealthAndWellnessListButtonList" name="testClickMentalHealth" time="3.748"/>
  <testcase classname="CignaTest.TestHealthAndWellnessListButtonList" name="testClickMilitaryButton" time="2.965"/>
  <testcase classname="CignaTest.TestHealthAndWellnessListButtonList" name="testClickSubstanceButton" time="3.743"/>
  <testcase classname="CignaTest.TestHealthAndWellnessListButtonList" name="testClickSuicideButton" time="3.555"/>
  <testcase classname="CignaTest.TestEmployersAndBrokers" name="testClickCignaFitBitButton" time="3.989"/>
  <testcase classname="CignaTest.TestEmployersAndBrokers" name="testClickDiseaseButton" time="4.324"/>
  <testcase classname="CignaTest.TestEmployersAndBrokers" name="testClickHsaAndHraButton" time="3.788"/>
  <testcase classname="CignaTest.TestEmployersAndBrokers" name="testEmployersAndBrokers" time="1.982"/>
  <testcase classname="CignaTest.TestEmployersAndBrokers" name="testMedicalPlanButton" time="3.833"/>
  <testcase classname="CignaTest.TestEmployersAndBrokers" name="testMedicationButton" time="3.028"/>
  <testcase classname="CignaTest.TestEmployersAndBrokers" name="testPlansAndServicesForEmployers" time="2.461"/>
  <testcase classname="CignaTest.TestPlanAndServicesFromEmployers" name="clickDentalInsurancePlanButtonTest" time="4.218"/>
  <testcase classname="CignaTest.TestPlanAndServicesFromEmployers" name="clickHmoPlansButtonTest" time="3.953"/>
  <testcase classname="CignaTest.TestPlanAndServicesFromEmployers" name="clickIndemnityPlanButtonTest" time="3.796"/>
  <testcase classname="CignaTest.TestPlanAndServicesFromEmployers" name="clickLocalPlusButton" time="3.546"/>
  <testcase classname="CignaTest.TestPlanAndServicesFromEmployers" name="clickNetworkPLansButtonTest" time="4.212"/>
  <testcase classname="CignaTest.TestPlanAndServicesFromEmployers" name="clickOpenAccessButtonTest" time="3.489"/>
  <testcase classname="CignaTest.TestPlanAndServicesFromEmployers" name="clickPPOPlansButton" time="0.225">
    <failure type="java.lang.StackOverflowError">
      <![CDATA[java.lang.StackOverflowError
at java.base/java.lang.Class.getEnclosingMethod(Class.java:1258)
at CignaTest.TestPlanAndServicesFromEmployers.clickPPOPlansButton(TestPlanAndServicesFromEmployers.java:30)
at CignaTest.TestPlanAndServicesFromEmployers.clickPPOPlansButton(TestPlanAndServicesFromEmployers.java:31)
at CignaTest.TestPlanAndServicesFromEmployers.clickPPOPlansButton(TestPlanAndServicesFromEmployers.java:31)
at CignaTest.TestPlanAndServicesFromEmployers.clickPPOPlansButton(TestPlanAndServicesFromEmployers.java:31)
at CignaTest.TestPlanAndServicesFromEmployers.clickPPOPlansButton(TestPlanAndServicesFromEmployers.java:31)
at CignaTest.TestPlanAndServicesFromEmployers.clickPPOPlansButton(TestPlanAndServicesFromEmployers.java:31)
at CignaTest.TestPlanAndServicesFromEmployers.clickPPOPlansButton(TestPlanAndServicesFromEmployers.java:31)
at CignaTest.TestPlanAndServicesFromEmployers.clickPPOPlansButton(TestPlanAndServicesFromEmployers.java:31)
at CignaTest.TestPlanAndServicesFromEmployers.clickPPOPlansButton(TestPlanAndServicesFromEmployers.java:31)
at CignaTest.TestPlanAndServicesFromEmployers.clickPPOPlansButton(TestPlanAndServicesFromEmployers.java:31)
at CignaTest.TestPlanAndServicesFromEmployers.clickPPOPlansButton(TestPlanAndServicesFromEmployers.java:31)
at CignaTest.TestPlanAndServicesFromEmployers.clickPPOPlansButton(TestPlanAndServicesFromEmployers.java:31)
at CignaTest.TestPlanAndServicesFromEmployers.clickPPOPlansButton(TestPlanAndServicesFromEmployers.java:31)
at CignaTest.TestPlanAndServicesFromEmployers.clickPPOPlansButton(TestPlanAndServicesFromEmployers.java:31)
at CignaTest.TestPlanAndServicesFromEmployers.clickPPOPlansButton(TestPlanAndServicesFromEmployers.java:31)
at CignaTest.TestPlanAndServicesFromEmployers.clickPPOPlansButton(TestPlanAndServicesFromEmployers.java:31)
at CignaTest.TestPlanAndServicesFromEmployers.clickPPOPlansButton(TestPlanAndServicesFromEmployers.java:31)
at CignaTest.TestPlanAndServicesFromEmployers.clickPPOPlansButton(TestPlanAndServicesFromEmployers.java:31)
at CignaTest.TestPlanAndServicesFromEmployers.clickPPOPlansButton(TestPlanAndServicesFromEmployers.java:31)
at CignaTest.TestPlanAndServicesFromEmployers.clickPPOPlansButton(TestPlanAndServicesFromEmployers.java:31)
at CignaTest.TestPlanAndServicesFromEmployers.clickPPOPlansButton(TestPlanAndServicesFromEmployers.java:31)
at CignaTest.TestPlanAndServicesFromEmployers.clickPPOPlansButton(TestPlanAndServicesFromEmployers.java:31)
at CignaTest.TestPlanAndServicesFromEmployers.clickPPOPlansButton(TestPlanAndServicesFromEmployers.java:31)
at CignaTest.TestPlanAndServicesFromEmployers.clickPPOPlansButton(TestPlanAndServicesFromEmployers.java:31)
at CignaTest.TestPlanAndServicesFromEmployers.clickPPOPlansButton(TestPlanAndServicesFromEmployers.java:31)
at CignaTest.TestPlanAndServicesFromEmployers.clickPPOPlansButton(TestPlanAndServicesFromEmployers.java:31)
at CignaTest.TestPlanAndServicesFromEmployers.clickPPOPlansButton(TestPlanAndServicesFromEmployers.java:31)
at CignaTest.TestPlanAndServicesFromEmployers.clickPPOPlansButton(TestPlanAndServicesFromEmployers.java:31)
at CignaTest.TestPlanAndServicesFromEmployers.clickPPOPlansButton(TestPlanAndServicesFromEmployers.java:31)
at CignaTest.TestPlanAndServicesFromEmployers.clickPPOPlansButton(TestPlanAndServicesFromEmployers.java:31)
at CignaTest.TestPlanAndServicesFromEmployers.clickPPOPlansButton(TestPlanAndServicesFromEmployers.java:31)
at CignaTest.TestPlanAndServicesFromEmployers.clickPPOPlansButton(TestPlanAndServicesFromEmployers.java:31)
at CignaTest.TestPlanAndServicesFromEmployers.clickPPOPlansButton(TestPlanAndServicesFromEmployers.java:31)
at CignaTest.TestPlanAndServicesFromEmployers.clickPPOPlansButton(TestPlanAndServicesFromEmployers.java:31)
at CignaTest.TestPlanAndServicesFromEmployers.clickPPOPlansButton(TestPlanAndServicesFromEmployers.java:31)
at CignaTest.TestPlanAndServicesFromEmployers.clickPPOPlansButton(TestPlanAndServicesFromEmployers.java:31)
at CignaTest.TestPlanAndServicesFromEmployers.clickPPOPlansButton(TestPlanAndServicesFromEmployers.java:31)
at CignaTest.TestPlanAndServicesFromEmployers.clickPPOPlansButton(TestPlanAndServicesFromEmployers.java:31)
at CignaTest.TestPlanAndServicesFromEmployers.clickPPOPlansButton(TestPlanAndServicesFromEmployers.java:31)
at CignaTest.TestPlanAndServicesFromEmployers.clickPPOPlansButton(TestPlanAndServicesFromEmployers.java:31)
at CignaTest.TestPlanAndServicesFromEmployers.clickPPOPlansButton(TestPlanAndServicesFromEmployers.java:31)
at CignaTest.TestPlanAndServicesFromEmployers.clickPPOPlansButton(TestPlanAndServicesFromEmployers.java:31)
at CignaTest.TestPlanAndServicesFromEmployers.clickPPOPlansButton(TestPlanAndServicesFromEmployers.java:31)
at CignaTest.TestPlanAndServicesFromEmployers.clickPPOPlansButton(TestPlanAndServicesFromEmployers.java:31)
at CignaTest.TestPlanAndServicesFromEmployers.clickPPOPlansButton(TestPlanAndServicesFromEmployers.java:31)
at CignaTest.TestPlanAndServicesFromEmployers.clickPPOPlansButton(TestPlanAndServicesFromEmployers.java:31)
at CignaTest.TestPlanAndServicesFromEmployers.clickPPOPlansButton(TestPlanAndServicesFromEmployers.java:31)
at CignaTest.TestPlanAndServicesFromEmployers.clickPPOPlansButton(TestPlanAndServicesFromEmployers.java:31)
at CignaTest.TestPlanAndServicesFromEmployers.clickPPOPlansButton(TestPlanAndServicesFromEmployers.java:31)
at CignaTest.TestPlanAndServicesFromEmployers.clickPPOPlansButton(TestPlanAndServicesFromEmployers.java:31)
at CignaTest.TestPlanAndServicesFromEmployers.clickPPOPlansButton(TestPlanAndServicesFromEmployers.java:31)
at CignaTest.TestPlanAndServicesFromEmployers.clickPPOPlansButton(TestPlanAndServicesFromEmployers.java:31)
at CignaTest.TestPlanAndServicesFromEmployers.clickPPOPlansButton(TestPlanAndServicesFromEmployers.java:31)
at CignaTest.TestPlanAndServicesFromEmployers.clickPPOPlansButton(TestPlanAndServicesFromEmployers.java:31)
at CignaTest.TestPlanAndServicesFromEmployers.clickPPOPlansButton(TestPlanAndServicesFromEmployers.java:31)
at CignaTest.TestPlanAndServicesFromEmployers.clickPPOPlansButton(TestPlanAndServicesFromEmployers.java:31)
at CignaTest.TestPlanAndServicesFromEmployers.clickPPOPlansButton(TestPlanAndServicesFromEmployers.java:31)
at CignaTest.TestPlanAndServicesFromEmployers.clickPPOPlansButton(TestPlanAndServicesFromEmployers.java:31)
at CignaTest.TestPlanAndServicesFromEmployers.clickPPOPlansButton(TestPlanAndServicesFromEmployers.java:31)
at CignaTest.TestPlanAndServicesFromEmployers.clickPPOPlansButton(TestPlanAndServicesFromEmployers.java:31)
at CignaTest.TestPlanAndServicesFromEmployers.clickPPOPlansButton(TestPlanAndServicesFromEmployers.java:31)
at CignaTest.TestPlanAndServicesFromEmployers.clickPPOPlansButton(TestPlanAndServicesFromEmployers.java:31)
at CignaTest.TestPlanAndServicesFromEmployers.clickPPOPlansButton(TestPlanAndServicesFromEmployers.java:31)
at CignaTest.TestPlanAndServicesFromEmployers.clickPPOPlansButton(TestPlanAndServicesFromEmployers.java:31)
at CignaTest.TestPlanAndServicesFromEmployers.clickPPOPlansButton(TestPlanAndServicesFromEmployers.java:31)
at CignaTest.TestPlanAndServicesFromEmployers.clickPPOPlansButton(TestPlanAndServicesFromEmployers.java:31)
at CignaTest.TestPlanAndServicesFromEmployers.clickPPOPlansButton(TestPlanAndServicesFromEmployers.java:31)
at CignaTest.TestPlanAndServicesFromEmployers.clickPPOPlansButton(TestPlanAndServicesFromEmployers.java:31)
at CignaTest.TestPlanAndServicesFromEmployers.clickPPOPlansButton(TestPlanAndServicesFromEmployers.java:31)
at CignaTest.TestPlanAndServicesFromEmployers.clickPPOPlansButton(TestPlanAndServicesFromEmployers.java:31)
at CignaTest.TestPlanAndServicesFromEmployers.clickPPOPlansButton(TestPlanAndServicesFromEmployers.java:31)
at CignaTest.TestPlanAndServicesFromEmployers.clickPPOPlansButton(TestPlanAndServicesFromEmployers.java:31)
at CignaTest.TestPlanAndServicesFromEmployers.clickPPOPlansButton(TestPlanAndServicesFromEmployers.java:31)
at CignaTest.TestPlanAndServicesFromEmployers.clickPPOPlansButton(TestPlanAndServicesFromEmployers.java:31)
at CignaTest.TestPlanAndServicesFromEmployers.clickPPOPlansButton(TestPlanAndServicesFromEmployers.java:31)
at CignaTest.TestPlanAndServicesFromEmployers.clickPPOPlansButton(TestPlanAndServicesFromEmployers.java:31)
at CignaTest.TestPlanAndServicesFromEmployers.clickPPOPlansButton(TestPlanAndServicesFromEmployers.java:31)
at CignaTest.TestPlanAndServicesFromEmployers.clickPPOPlansButton(TestPlanAndServicesFromEmployers.java:31)
at CignaTest.TestPlanAndServicesFromEmployers.clickPPOPlansButton(TestPlanAndServicesFromEmployers.java:31)
at CignaTest.TestPlanAndServicesFromEmployers.clickPPOPlansButton(TestPlanAndServicesFromEmployers.java:31)
at CignaTest.TestPlanAndServicesFromEmployers.clickPPOPlansButton(TestPlanAndServicesFromEmployers.java:31)
at CignaTest.TestPlanAndServicesFromEmployers.clickPPOPlansButton(TestPlanAndServicesFromEmployers.java:31)
at CignaTest.TestPlanAndServicesFromEmployers.clickPPOPlansButton(TestPlanAndServicesFromEmployers.java:31)
at CignaTest.TestPlanAndServicesFromEmployers.clickPPOPlansButton(TestPlanAndServicesFromEmployers.java:31)
at CignaTest.TestPlanAndServicesFromEmployers.clickPPOPlansButton(TestPlanAndServicesFromEmployers.java:31)
at CignaTest.TestPlanAndServicesFromEmployers.clickPPOPlansButton(TestPlanAndServicesFromEmployers.java:31)
at CignaTest.TestPlanAndServicesFromEmployers.clickPPOPlansButton(TestPlanAndServicesFromEmployers.java:31)
at CignaTest.TestPlanAndServicesFromEmployers.clickPPOPlansButton(TestPlanAndServicesFromEmployers.java:31)
at CignaTest.TestPlanAndServicesFromEmployers.clickPPOPlansButton(TestPlanAndServicesFromEmployers.java:31)
at CignaTest.TestPlanAndServicesFromEmployers.clickPPOPlansButton(TestPlanAndServicesFromEmployers.java:31)
at CignaTest.TestPlanAndServicesFromEmployers.clickPPOPlansButton(TestPlanAndServicesFromEmployers.java:31)
at CignaTest.TestPlanAndServicesFromEmployers.clickPPOPlansButton(TestPlanAndServicesFromEmployers.java:31)
at CignaTest.TestPlanAndServicesFromEmployers.clickPPOPlansButton(TestPlanAndServicesFromEmployers.java:31)
at CignaTest.TestPlanAndServicesFromEmployers.clickPPOPlansButton(TestPlanAndServicesFromEmployers.java:31)
at CignaTest.TestPlanAndServicesFromEmployers.clickPPOPlansButton(TestPlanAndServicesFromEmployers.java:31)
at CignaTest.TestPlanAndServicesFromEmployers.clickPPOPlansButton(TestPlanAndServicesFromEmployers.java:31)
at CignaTest.TestPlanAndServicesFromEmployers.clickPPOPlansButton(TestPlanAndServicesFromEmployers.java:31)
at CignaTest.TestPlanAndServicesFromEmployers.clickPPOPlansButton(TestPlanAndServicesFromEmployers.java:31)
at CignaTest.TestPlanAndServicesFromEmployers.clickPPOPlansButton(TestPlanAndServicesFromEmployers.java:31)
at CignaTest.TestPlanAndServicesFromEmployers.clickPPOPlansButton(TestPlanAndServicesFromEmployers.java:31)
at CignaTest.TestPlanAndServicesFromEmployers.clickPPOPlansButton(TestPlanAndServicesFromEmployers.java:31)
at CignaTest.TestPlanAndServicesFromEmployers.clickPPOPlansButton(TestPlanAndServicesFromEmployers.java:31)
at CignaTest.TestPlanAndServicesFromEmployers.clickPPOPlansButton(TestPlanAndServicesFromEmployers.java:31)
at CignaTest.TestPlanAndServicesFromEmployers.clickPPOPlansButton(TestPlanAndServicesFromEmployers.java:31)
at CignaTest.TestPlanAndServicesFromEmployers.clickPPOPlansButton(TestPlanAndServicesFromEmployers.java:31)
at CignaTest.TestPlanAndServicesFromEmployers.clickPPOPlansButton(TestPlanAndServicesFromEmployers.java:31)
at CignaTest.TestPlanAndServicesFromEmployers.clickPPOPlansButton(TestPlanAndServicesFromEmployers.java:31)
at CignaTest.TestPlanAndServicesFromEmployers.clickPPOPlansButton(TestPlanAndServicesFromEmployers.java:31)
at CignaTest.TestPlanAndServicesFromEmployers.clickPPOPlansButton(TestPlanAndServicesFromEmployers.java:31)
at CignaTest.TestPlanAndServicesFromEmployers.clickPPOPlansButton(TestPlanAndServicesFromEmployers.java:31)
at CignaTest.TestPlanAndServicesFromEmployers.clickPPOPlansButton(TestPlanAndServicesFromEmployers.java:31)
at CignaTest.TestPlanAndServicesFromEmployers.clickPPOPlansButton(TestPlanAndServicesFromEmployers.java:31)
at CignaTest.TestPlanAndServicesFromEmployers.clickPPOPlansButton(TestPlanAndServicesFromEmployers.java:31)
at CignaTest.TestPlanAndServicesFromEmployers.clickPPOPlansButton(TestPlanAndServicesFromEmployers.java:31)
at CignaTest.TestPlanAndServicesFromEmployers.clickPPOPlansButton(TestPlanAndServicesFromEmployers.java:31)
at CignaTest.TestPlanAndServicesFromEmployers.clickPPOPlansButton(TestPlanAndServicesFromEmployers.java:31)
at CignaTest.TestPlanAndServicesFromEmployers.clickPPOPlansButton(TestPlanAndServicesFromEmployers.java:31)
at CignaTest.TestPlanAndServicesFromEmployers.clickPPOPlansButton(TestPlanAndServicesFromEmployers.java:31)
at CignaTest.TestPlanAndServicesFromEmployers.clickPPOPlansButton(TestPlanAndServicesFromEmployers.java:31)
at CignaTest.TestPlanAndServicesFromEmployers.clickPPOPlansButton(TestPlanAndServicesFromEmployers.java:31)
at CignaTest.TestPlanAndServicesFromEmployers.clickPPOPlansButton(TestPlanAndServicesFromEmployers.java:31)
at CignaTest.TestPlanAndServicesFromEmployers.clickPPOPlansButton(TestPlanAndServicesFromEmployers.java:31)
at CignaTest.TestPlanAndServicesFromEmployers.clickPPOPlansButton(TestPlanAndServicesFromEmployers.java:31)
at CignaTest.TestPlanAndServicesFromEmployers.clickPPOPlansButton(TestPlanAndServicesFromEmployers.java:31)
at CignaTest.TestPlanAndServicesFromEmployers.clickPPOPlansButton(TestPlanAndServicesFromEmployers.java:31)
at CignaTest.TestPlanAndServicesFromEmployers.clickPPOPlansButton(TestPlanAndServicesFromEmployers.java:31)
at CignaTest.TestPlanAndServicesFromEmployers.clickPPOPlansButton(TestPlanAndServicesFromEmployers.java:31)
at CignaTest.TestPlanAndServicesFromEmployers.clickPPOPlansButton(TestPlanAndServicesFromEmployers.java:31)
at CignaTest.TestPlanAndServicesFromEmployers.clickPPOPlansButton(TestPlanAndServicesFromEmployers.java:31)
at CignaTest.TestPlanAndServicesFromEmployers.clickPPOPlansButton(TestPlanAndServicesFromEmployers.java:31)
at CignaTest.TestPlanAndServicesFromEmployers.clickPPOPlansButton(TestPlanAndServicesFromEmployers.java:31)
at CignaTest.TestPlanAndServicesFromEmployers.clickPPOPlansButton(TestPlanAndServicesFromEmployers.java:31)
at CignaTest.TestPlanAndServicesFromEmployers.clickPPOPlansButton(TestPlanAndServicesFromEmployers.java:31)
at CignaTest.TestPlanAndServicesFromEmployers.clickPPOPlansButton(TestPlanAndServicesFromEmployers.java:31)
at CignaTest.TestPlanAndServicesFromEmployers.clickPPOPlansButton(TestPlanAndServicesFromEmployers.java:31)
at CignaTest.TestPlanAndServicesFromEmployers.clickPPOPlansButton(TestPlanAndServicesFromEmployers.java:31)
at CignaTest.TestPlanAndServicesFromEmployers.clickPPOPlansButton(TestPlanAndServicesFromEmployers.java:31)
at CignaTest.TestPlanAndServicesFromEmployers.clickPPOPlansButton(TestPlanAndServicesFromEmployers.java:31)
at CignaTest.TestPlanAndServicesFromEmployers.clickPPOPlansButton(TestPlanAndServicesFromEmployers.java:31)
at CignaTest.TestPlanAndServicesFromEmployers.clickPPOPlansButton(TestPlanAndServicesFromEmployers.java:31)
at CignaTest.TestPlanAndServicesFromEmployers.clickPPOPlansButton(TestPlanAndServicesFromEmployers.java:31)
at CignaTest.TestPlanAndServicesFromEmployers.clickPPOPlansButton(TestPlanAndServicesFromEmployers.java:31)
at CignaTest.TestPlanAndServicesFromEmployers.clickPPOPlansButton(TestPlanAndServicesFromEmployers.java:31)
at CignaTest.TestPlanAndServicesFromEmployers.clickPPOPlansButton(TestPlanAndServicesFromEmployers.java:31)
at CignaTest.TestPlanAndServicesFromEmployers.clickPPOPlansButton(TestPlanAndServicesFromEmployers.java:31)
at CignaTest.TestPlanAndServicesFromEmployers.clickPPOPlansButton(TestPlanAndServicesFromEmployers.java:31)
at CignaTest.TestPlanAndServicesFromEmployers.clickPPOPlansButton(TestPlanAndServicesFromEmployers.java:31)
at CignaTest.TestPlanAndServicesFromEmployers.clickPPOPlansButton(TestPlanAndServicesFromEmployers.java:31)
at CignaTest.TestPlanAndServicesFromEmployers.clickPPOPlansButton(TestPlanAndServicesFromEmployers.java:31)
at CignaTest.TestPlanAndServicesFromEmployers.clickPPOPlansButton(TestPlanAndServicesFromEmployers.java:31)
at CignaTest.TestPlanAndServicesFromEmployers.clickPPOPlansButton(TestPlanAndServicesFromEmployers.java:31)
at CignaTest.TestPlanAndServicesFromEmployers.clickPPOPlansButton(TestPlanAndServicesFromEmployers.java:31)
at CignaTest.TestPlanAndServicesFromEmployers.clickPPOPlansButton(TestPlanAndServicesFromEmployers.java:31)
at CignaTest.TestPlanAndServicesFromEmployers.clickPPOPlansButton(TestPlanAndServicesFromEmployers.java:31)
at CignaTest.TestPlanAndServicesFromEmployers.clickPPOPlansButton(TestPlanAndServicesFromEmployers.java:31)
at CignaTest.TestPlanAndServicesFromEmployers.clickPPOPlansButton(TestPlanAndServicesFromEmployers.java:31)
at CignaTest.TestPlanAndServicesFromEmployers.clickPPOPlansButton(TestPlanAndServicesFromEmployers.java:31)
at CignaTest.TestPlanAndServicesFromEmployers.clickPPOPlansButton(TestPlanAndServicesFromEmployers.java:31)
at CignaTest.TestPlanAndServicesFromEmployers.clickPPOPlansButton(TestPlanAndServicesFromEmployers.java:31)
at CignaTest.TestPlanAndServicesFromEmployers.clickPPOPlansButton(TestPlanAndServicesFromEmployers.java:31)
at CignaTest.TestPlanAndServicesFromEmployers.clickPPOPlansButton(TestPlanAndServicesFromEmployers.java:31)
at CignaTest.TestPlanAndServicesFromEmployers.clickPPOPlansButton(TestPlanAndServicesFromEmployers.java:31)
at CignaTest.TestPlanAndServicesFromEmployers.clickPPOPlansButton(TestPlanAndServicesFromEmployers.java:31)
at CignaTest.TestPlanAndServicesFromEmployers.clickPPOPlansButton(TestPlanAndServicesFromEmployers.java:31)
at CignaTest.TestPlanAndServicesFromEmployers.clickPPOPlansButton(TestPlanAndServicesFromEmployers.java:31)
at CignaTest.TestPlanAndServicesFromEmployers.clickPPOPlansButton(TestPlanAndServicesFromEmployers.java:31)
at CignaTest.TestPlanAndServicesFromEmployers.clickPPOPlansButton(TestPlanAndServicesFromEmployers.java:31)
at CignaTest.TestPlanAndServicesFromEmployers.clickPPOPlansButton(TestPlanAndServicesFromEmployers.java:31)
at CignaTest.TestPlanAndServicesFromEmployers.clickPPOPlansButton(TestPlanAndServicesFromEmployers.java:31)
at CignaTest.TestPlanAndServicesFromEmployers.clickPPOPlansButton(TestPlanAndServicesFromEmployers.java:31)
at CignaTest.TestPlanAndServicesFromEmployers.clickPPOPlansButton(TestPlanAndServicesFromEmployers.java:31)
at CignaTest.TestPlanAndServicesFromEmployers.clickPPOPlansButton(TestPlanAndServicesFromEmployers.java:31)
at CignaTest.TestPlanAndServicesFromEmployers.clickPPOPlansButton(TestPlanAndServicesFromEmployers.java:31)
at CignaTest.TestPlanAndServicesFromEmployers.clickPPOPlansButton(TestPlanAndServicesFromEmployers.java:31)
at CignaTest.TestPlanAndServicesFromEmployers.clickPPOPlansButton(TestPlanAndServicesFromEmployers.java:31)
at CignaTest.TestPlanAndServicesFromEmployers.clickPPOPlansButton(TestPlanAndServicesFromEmployers.java:31)
at CignaTest.TestPlanAndServicesFromEmployers.clickPPOPlansButton(TestPlanAndServicesFromEmployers.java:31)
at CignaTest.TestPlanAndServicesFromEmployers.clickPPOPlansButton(TestPlanAndServicesFromEmployers.java:31)
at CignaTest.TestPlanAndServicesFromEmployers.clickPPOPlansButton(TestPlanAndServicesFromEmployers.java:31)
at CignaTest.TestPlanAndServicesFromEmployers.clickPPOPlansButton(TestPlanAndServicesFromEmployers.java:31)
at CignaTest.TestPlanAndServicesFromEmployers.clickPPOPlansButton(TestPlanAndServicesFromEmployers.java:31)
at CignaTest.TestPlanAndServicesFromEmployers.clickPPOPlansButton(TestPlanAndServicesFromEmployers.java:31)
at CignaTest.TestPlanAndServicesFromEmployers.clickPPOPlansButton(TestPlanAndServicesFromEmployers.java:31)
at CignaTest.TestPlanAndServicesFromEmployers.clickPPOPlansButton(TestPlanAndServicesFromEmployers.java:31)
at CignaTest.TestPlanAndServicesFromEmployers.clickPPOPlansButton(TestPlanAndServicesFromEmployers.java:31)
at CignaTest.TestPlanAndServicesFromEmployers.clickPPOPlansButton(TestPlanAndServicesFromEmployers.java:31)
at CignaTest.TestPlanAndServicesFromEmployers.clickPPOPlansButton(TestPlanAndServicesFromEmployers.java:31)
at CignaTest.TestPlanAndServicesFromEmployers.clickPPOPlansButton(TestPlanAndServicesFromEmployers.java:31)
at CignaTest.TestPlanAndServicesFromEmployers.clickPPOPlansButton(TestPlanAndServicesFromEmployers.java:31)
at CignaTest.TestPlanAndServicesFromEmployers.clickPPOPlansButton(TestPlanAndServicesFromEmployers.java:31)
at CignaTest.TestPlanAndServicesFromEmployers.clickPPOPlansButton(TestPlanAndServicesFromEmployers.java:31)
at CignaTest.TestPlanAndServicesFromEmployers.clickPPOPlansButton(TestPlanAndServicesFromEmployers.java:31)
at CignaTest.TestPlanAndServicesFromEmployers.clickPPOPlansButton(TestPlanAndServicesFromEmployers.java:31)
at CignaTest.TestPlanAndServicesFromEmployers.clickPPOPlansButton(TestPlanAndServicesFromEmployers.java:31)
at CignaTest.TestPlanAndServicesFromEmployers.clickPPOPlansButton(TestPlanAndServicesFromEmployers.java:31)
at CignaTest.TestPlanAndServicesFromEmployers.clickPPOPlansButton(TestPlanAndServicesFromEmployers.java:31)
at CignaTest.TestPlanAndServicesFromEmployers.clickPPOPlansButton(TestPlanAndServicesFromEmployers.java:31)
at CignaTest.TestPlanAndServicesFromEmployers.clickPPOPlansButton(TestPlanAndServicesFromEmployers.java:31)
at CignaTest.TestPlanAndServicesFromEmployers.clickPPOPlansButton(TestPlanAndServicesFromEmployers.java:31)
at CignaTest.TestPlanAndServicesFromEmployers.clickPPOPlansButton(TestPlanAndServicesFromEmployers.java:31)
at CignaTest.TestPlanAndServicesFromEmployers.clickPPOPlansButton(TestPlanAndServicesFromEmployers.java:31)
at CignaTest.TestPlanAndServicesFromEmployers.clickPPOPlansButton(TestPlanAndServicesFromEmployers.java:31)
at CignaTest.TestPlanAndServicesFromEmployers.clickPPOPlansButton(TestPlanAndServicesFromEmployers.java:31)
at CignaTest.TestPlanAndServicesFromEmployers.clickPPOPlansButton(TestPlanAndServicesFromEmployers.java:31)
at CignaTest.TestPlanAndServicesFromEmployers.clickPPOPlansButton(TestPlanAndServicesFromEmployers.java:31)
at CignaTest.TestPlanAndServicesFromEmployers.clickPPOPlansButton(TestPlanAndServicesFromEmployers.java:31)
at CignaTest.TestPlanAndServicesFromEmployers.clickPPOPlansButton(TestPlanAndServicesFromEmployers.java:31)
at CignaTest.TestPlanAndServicesFromEmployers.clickPPOPlansButton(TestPlanAndServicesFromEmployers.java:31)
at CignaTest.TestPlanAndServicesFromEmployers.clickPPOPlansButton(TestPlanAndServicesFromEmployers.java:31)
at CignaTest.TestPlanAndServicesFromEmployers.clickPPOPlansButton(TestPlanAndServicesFromEmployers.java:31)
at CignaTest.TestPlanAndServicesFromEmployers.clickPPOPlansButton(TestPlanAndServicesFromEmployers.java:31)
at CignaTest.TestPlanAndServicesFromEmployers.clickPPOPlansButton(TestPlanAndServicesFromEmployers.java:31)
at CignaTest.TestPlanAndServicesFromEmployers.clickPPOPlansButton(TestPlanAndServicesFromEmployers.java:31)
at CignaTest.TestPlanAndServicesFromEmployers.clickPPOPlansButton(TestPlanAndServicesFromEmployers.java:31)
at CignaTest.TestPlanAndServicesFromEmployers.clickPPOPlansButton(TestPlanAndServicesFromEmployers.java:31)
at CignaTest.TestPlanAndServicesFromEmployers.clickPPOPlansButton(TestPlanAndServicesFromEmployers.java:31)
at CignaTest.TestPlanAndServicesFromEmployers.clickPPOPlansButton(TestPlanAndServicesFromEmployers.java:31)
at CignaTest.TestPlanAndServicesFromEmployers.clickPPOPlansButton(TestPlanAndServicesFromEmployers.java:31)
at CignaTest.TestPlanAndServicesFromEmployers.clickPPOPlansButton(TestPlanAndServicesFromEmployers.java:31)
at CignaTest.TestPlanAndServicesFromEmployers.clickPPOPlansButton(TestPlanAndServicesFromEmployers.java:31)
at CignaTest.TestPlanAndServicesFromEmployers.clickPPOPlansButton(TestPlanAndServicesFromEmployers.java:31)
at CignaTest.TestPlanAndServicesFromEmployers.clickPPOPlansButton(TestPlanAndServicesFromEmployers.java:31)
at CignaTest.TestPlanAndServicesFromEmployers.clickPPOPlansButton(TestPlanAndServicesFromEmployers.java:31)
at CignaTest.TestPlanAndServicesFromEmployers.clickPPOPlansButton(TestPlanAndServicesFromEmployers.java:31)
at CignaTest.TestPlanAndServicesFromEmployers.clickPPOPlansButton(TestPlanAndServicesFromEmployers.java:31)
at CignaTest.TestPlanAndServicesFromEmployers.clickPPOPlansButton(TestPlanAndServicesFromEmployers.java:31)
at CignaTest.TestPlanAndServicesFromEmployers.clickPPOPlansButton(TestPlanAndServicesFromEmployers.java:31)
at CignaTest.TestPlanAndServicesFromEmployers.clickPPOPlansButton(TestPlanAndServicesFromEmployers.java:31)
at CignaTest.TestPlanAndServicesFromEmployers.clickPPOPlansButton(TestPlanAndServicesFromEmployers.java:31)
at CignaTest.TestPlanAndServicesFromEmployers.clickPPOPlansButton(TestPlanAndServicesFromEmployers.java:31)
at CignaTest.TestPlanAndServicesFromEmployers.clickPPOPlansButton(TestPlanAndServicesFromEmployers.java:31)
at CignaTest.TestPlanAndServicesFromEmployers.clickPPOPlansButton(TestPlanAndServicesFromEmployers.java:31)
at CignaTest.TestPlanAndServicesFromEmployers.clickPPOPlansButton(TestPlanAndServicesFromEmployers.java:31)
at CignaTest.TestPlanAndServicesFromEmployers.clickPPOPlansButton(TestPlanAndServicesFromEmployers.java:31)
at CignaTest.TestPlanAndServicesFromEmployers.clickPPOPlansButton(TestPlanAndServicesFromEmployers.java:31)
at CignaTest.TestPlanAndServicesFromEmployers.clickPPOPlansButton(TestPlanAndServicesFromEmployers.java:31)
at CignaTest.TestPlanAndServicesFromEmployers.clickPPOPlansButton(TestPlanAndServicesFromEmployers.java:31)
at CignaTest.TestPlanAndServicesFromEmployers.clickPPOPlansButton(TestPlanAndServicesFromEmployers.java:31)
at CignaTest.TestPlanAndServicesFromEmployers.clickPPOPlansButton(TestPlanAndServicesFromEmployers.java:31)
at CignaTest.TestPlanAndServicesFromEmployers.clickPPOPlansButton(TestPlanAndServicesFromEmployers.java:31)
at CignaTest.TestPlanAndServicesFromEmployers.clickPPOPlansButton(TestPlanAndServicesFromEmployers.java:31)
at CignaTest.TestPlanAndServicesFromEmployers.clickPPOPlansButton(TestPlanAndServicesFromEmployers.java:31)
at CignaTest.TestPlanAndServicesFromEmployers.clickPPOPlansButton(TestPlanAndServicesFromEmployers.java:31)
at CignaTest.TestPlanAndServicesFromEmployers.clickPPOPlansButton(TestPlanAndServicesFromEmployers.java:31)
at CignaTest.TestPlanAndServicesFromEmployers.clickPPOPlansButton(TestPlanAndServicesFromEmployers.java:31)
at CignaTest.TestPlanAndServicesFromEmployers.clickPPOPlansButton(TestPlanAndServicesFromEmployers.java:31)
at CignaTest.TestPlanAndServicesFromEmployers.clickPPOPlansButton(TestPlanAndServicesFromEmployers.java:31)
at CignaTest.TestPlanAndServicesFromEmployers.clickPPOPlansButton(TestPlanAndServicesFromEmployers.java:31)
at CignaTest.TestPlanAndServicesFromEmployers.clickPPOPlansButton(TestPlanAndServicesFromEmployers.java:31)
at CignaTest.TestPlanAndServicesFromEmployers.clickPPOPlansButton(TestPlanAndServicesFromEmployers.java:31)
at CignaTest.TestPlanAndServicesFromEmployers.clickPPOPlansButton(TestPlanAndServicesFromEmployers.java:31)
at CignaTest.TestPlanAndServicesFromEmployers.clickPPOPlansButton(TestPlanAndServicesFromEmployers.java:31)
at CignaTest.TestPlanAndServicesFromEmployers.clickPPOPlansButton(TestPlanAndServicesFromEmployers.java:31)
at CignaTest.TestPlanAndServicesFromEmployers.clickPPOPlansButton(TestPlanAndServicesFromEmployers.java:31)
at CignaTest.TestPlanAndServicesFromEmployers.clickPPOPlansButton(TestPlanAndServicesFromEmployers.java:31)
at CignaTest.TestPlanAndServicesFromEmployers.clickPPOPlansButton(TestPlanAndServicesFromEmployers.java:31)
at CignaTest.TestPlanAndServicesFromEmployers.clickPPOPlansButton(TestPlanAndServicesFromEmployers.java:31)
at CignaTest.TestPlanAndServicesFromEmployers.clickPPOPlansButton(TestPlanAndServicesFromEmployers.java:31)
at CignaTest.TestPlanAndServicesFromEmployers.clickPPOPlansButton(TestPlanAndServicesFromEmployers.java:31)
at CignaTest.TestPlanAndServicesFromEmployers.clickPPOPlansButton(TestPlanAndServicesFromEmployers.java:31)
at CignaTest.TestPlanAndServicesFromEmployers.clickPPOPlansButton(TestPlanAndServicesFromEmployers.java:31)
at CignaTest.TestPlanAndServicesFromEmployers.clickPPOPlansButton(TestPlanAndServicesFromEmployers.java:31)
at CignaTest.TestPlanAndServicesFromEmployers.clickPPOPlansButton(TestPlanAndServicesFromEmployers.java:31)
at CignaTest.TestPlanAndServicesFromEmployers.clickPPOPlansButton(TestPlanAndServicesFromEmployers.java:31)
at CignaTest.TestPlanAndServicesFromEmployers.clickPPOPlansButton(TestPlanAndServicesFromEmployers.java:31)
at CignaTest.TestPlanAndServicesFromEmployers.clickPPOPlansButton(TestPlanAndServicesFromEmployers.java:31)
at CignaTest.TestPlanAndServicesFromEmployers.clickPPOPlansButton(TestPlanAndServicesFromEmployers.java:31)
at CignaTest.TestPlanAndServicesFromEmployers.clickPPOPlansButton(TestPlanAndServicesFromEmployers.java:31)
at CignaTest.TestPlanAndServicesFromEmployers.clickPPOPlansButton(TestPlanAndServicesFromEmployers.java:31)
at CignaTest.TestPlanAndServicesFromEmployers.clickPPOPlansButton(TestPlanAndServicesFromEmployers.java:31)
at CignaTest.TestPlanAndServicesFromEmployers.clickPPOPlansButton(TestPlanAndServicesFromEmployers.java:31)
at CignaTest.TestPlanAndServicesFromEmployers.clickPPOPlansButton(TestPlanAndServicesFromEmployers.java:31)
at CignaTest.TestPlanAndServicesFromEmployers.clickPPOPlansButton(TestPlanAndServicesFromEmployers.java:31)
at CignaTest.TestPlanAndServicesFromEmployers.clickPPOPlansButton(TestPlanAndServicesFromEmployers.java:31)
at CignaTest.TestPlanAndServicesFromEmployers.clickPPOPlansButton(TestPlanAndServicesFromEmployers.java:31)
at CignaTest.TestPlanAndServicesFromEmployers.clickPPOPlansButton(TestPlanAndServicesFromEmployers.java:31)
at CignaTest.TestPlanAndServicesFromEmployers.clickPPOPlansButton(TestPlanAndServicesFromEmployers.java:31)
at CignaTest.TestPlanAndServicesFromEmployers.clickPPOPlansButton(TestPlanAndServicesFromEmployers.java:31)
at CignaTest.TestPlanAndServicesFromEmployers.clickPPOPlansButton(TestPlanAndServicesFromEmployers.java:31)
at CignaTest.TestPlanAndServicesFromEmployers.clickPPOPlansButton(TestPlanAndServicesFromEmployers.java:31)
at CignaTest.TestPlanAndServicesFromEmployers.clickPPOPlansButton(TestPlanAndServicesFromEmployers.java:31)
at CignaTest.TestPlanAndServicesFromEmployers.clickPPOPlansButton(TestPlanAndServicesFromEmployers.java:31)
at CignaTest.TestPlanAndServicesFromEmployers.clickPPOPlansButton(TestPlanAndServicesFromEmployers.java:31)
at CignaTest.TestPlanAndServicesFromEmployers.clickPPOPlansButton(TestPlanAndServicesFromEmployers.java:31)
at CignaTest.TestPlanAndServicesFromEmployers.clickPPOPlansButton(TestPlanAndServicesFromEmployers.java:31)
at CignaTest.TestPlanAndServicesFromEmployers.clickPPOPlansButton(TestPlanAndServicesFromEmployers.java:31)
at CignaTest.TestPlanAndServicesFromEmployers.clickPPOPlansButton(TestPlanAndServicesFromEmployers.java:31)
at CignaTest.TestPlanAndServicesFromEmployers.clickPPOPlansButton(TestPlanAndServicesFromEmployers.java:31)
at CignaTest.TestPlanAndServicesFromEmployers.clickPPOPlansButton(TestPlanAndServicesFromEmployers.java:31)
at CignaTest.TestPlanAndServicesFromEmployers.clickPPOPlansButton(TestPlanAndServicesFromEmployers.java:31)
at CignaTest.TestPlanAndServicesFromEmployers.clickPPOPlansButton(TestPlanAndServicesFromEmployers.java:31)
at CignaTest.TestPlanAndServicesFromEmployers.clickPPOPlansButton(TestPlanAndServicesFromEmployers.java:31)
at CignaTest.TestPlanAndServicesFromEmployers.clickPPOPlansButton(TestPlanAndServicesFromEmployers.java:31)
at CignaTest.TestPlanAndServicesFromEmployers.clickPPOPlansButton(TestPlanAndServicesFromEmployers.java:31)
at CignaTest.TestPlanAndServicesFromEmployers.clickPPOPlansButton(TestPlanAndServicesFromEmployers.java:31)
at CignaTest.TestPlanAndServicesFromEmployers.clickPPOPlansButton(TestPlanAndServicesFromEmployers.java:31)
at CignaTest.TestPlanAndServicesFromEmployers.clickPPOPlansButton(TestPlanAndServicesFromEmployers.java:31)
at CignaTest.TestPlanAndServicesFromEmployers.clickPPOPlansButton(TestPlanAndServicesFromEmployers.java:31)
at CignaTest.TestPlanAndServicesFromEmployers.clickPPOPlansButton(TestPlanAndServicesFromEmployers.java:31)
at CignaTest.TestPlanAndServicesFromEmployers.clickPPOPlansButton(TestPlanAndServicesFromEmployers.java:31)
at CignaTest.TestPlanAndServicesFromEmployers.clickPPOPlansButton(TestPlanAndServicesFromEmployers.java:31)
at CignaTest.TestPlanAndServicesFromEmployers.clickPPOPlansButton(TestPlanAndServicesFromEmployers.java:31)
at CignaTest.TestPlanAndServicesFromEmployers.clickPPOPlansButton(TestPlanAndServicesFromEmployers.java:31)
at CignaTest.TestPlanAndServicesFromEmployers.clickPPOPlansButton(TestPlanAndServicesFromEmployers.java:31)
at CignaTest.TestPlanAndServicesFromEmployers.clickPPOPlansButton(TestPlanAndServicesFromEmployers.java:31)
at CignaTest.TestPlanAndServicesFromEmployers.clickPPOPlansButton(TestPlanAndServicesFromEmployers.java:31)
at CignaTest.TestPlanAndServicesFromEmployers.clickPPOPlansButton(TestPlanAndServicesFromEmployers.java:31)
at CignaTest.TestPlanAndServicesFromEmployers.clickPPOPlansButton(TestPlanAndServicesFromEmployers.java:31)
at CignaTest.TestPlanAndServicesFromEmployers.clickPPOPlansButton(TestPlanAndServicesFromEmployers.java:31)
at CignaTest.TestPlanAndServicesFromEmployers.clickPPOPlansButton(TestPlanAndServicesFromEmployers.java:31)
at CignaTest.TestPlanAndServicesFromEmployers.clickPPOPlansButton(TestPlanAndServicesFromEmployers.java:31)
at CignaTest.TestPlanAndServicesFromEmployers.clickPPOPlansButton(TestPlanAndServicesFromEmployers.java:31)
at CignaTest.TestPlanAndServicesFromEmployers.clickPPOPlansButton(TestPlanAndServicesFromEmployers.java:31)
at CignaTest.TestPlanAndServicesFromEmployers.clickPPOPlansButton(TestPlanAndServicesFromEmployers.java:31)
at CignaTest.TestPlanAndServicesFromEmployers.clickPPOPlansButton(TestPlanAndServicesFromEmployers.java:31)
at CignaTest.TestPlanAndServicesFromEmployers.clickPPOPlansButton(TestPlanAndServicesFromEmployers.java:31)
at CignaTest.TestPlanAndServicesFromEmployers.clickPPOPlansButton(TestPlanAndServicesFromEmployers.java:31)
at CignaTest.TestPlanAndServicesFromEmployers.clickPPOPlansButton(TestPlanAndServicesFromEmployers.java:31)
at CignaTest.TestPlanAndServicesFromEmployers.clickPPOPlansButton(TestPlanAndServicesFromEmployers.java:31)
at CignaTest.TestPlanAndServicesFromEmployers.clickPPOPlansButton(TestPlanAndServicesFromEmployers.java:31)
at CignaTest.TestPlanAndServicesFromEmployers.clickPPOPlansButton(TestPlanAndServicesFromEmployers.java:31)
at CignaTest.TestPlanAndServicesFromEmployers.clickPPOPlansButton(TestPlanAndServicesFromEmployers.java:31)
at CignaTest.TestPlanAndServicesFromEmployers.clickPPOPlansButton(TestPlanAndServicesFromEmployers.java:31)
at CignaTest.TestPlanAndServicesFromEmployers.clickPPOPlansButton(TestPlanAndServicesFromEmployers.java:31)
at CignaTest.TestPlanAndServicesFromEmployers.clickPPOPlansButton(TestPlanAndServicesFromEmployers.java:31)
at CignaTest.TestPlanAndServicesFromEmployers.clickPPOPlansButton(TestPlanAndServicesFromEmployers.java:31)
at CignaTest.TestPlanAndServicesFromEmployers.clickPPOPlansButton(TestPlanAndServicesFromEmployers.java:31)
at CignaTest.TestPlanAndServicesFromEmployers.clickPPOPlansButton(TestPlanAndServicesFromEmployers.java:31)
at CignaTest.TestPlanAndServicesFromEmployers.clickPPOPlansButton(TestPlanAndServicesFromEmployers.java:31)
at CignaTest.TestPlanAndServicesFromEmployers.clickPPOPlansButton(TestPlanAndServicesFromEmployers.java:31)
at CignaTest.TestPlanAndServicesFromEmployers.clickPPOPlansButton(TestPlanAndServicesFromEmployers.java:31)
at CignaTest.TestPlanAndServicesFromEmployers.clickPPOPlansButton(TestPlanAndServicesFromEmployers.java:31)
at CignaTest.TestPlanAndServicesFromEmployers.clickPPOPlansButton(TestPlanAndServicesFromEmployers.java:31)
at CignaTest.TestPlanAndServicesFromEmployers.clickPPOPlansButton(TestPlanAndServicesFromEmployers.java:31)
at CignaTest.TestPlanAndServicesFromEmployers.clickPPOPlansButton(TestPlanAndServicesFromEmployers.java:31)
at CignaTest.TestPlanAndServicesFromEmployers.clickPPOPlansButton(TestPlanAndServicesFromEmployers.java:31)
at CignaTest.TestPlanAndServicesFromEmployers.clickPPOPlansButton(TestPlanAndServicesFromEmployers.java:31)
at CignaTest.TestPlanAndServicesFromEmployers.clickPPOPlansButton(TestPlanAndServicesFromEmployers.java:31)
at CignaTest.TestPlanAndServicesFromEmployers.clickPPOPlansButton(TestPlanAndServicesFromEmployers.java:31)
at CignaTest.TestPlanAndServicesFromEmployers.clickPPOPlansButton(TestPlanAndServicesFromEmployers.java:31)
at CignaTest.TestPlanAndServicesFromEmployers.clickPPOPlansButton(TestPlanAndServicesFromEmployers.java:31)
at CignaTest.TestPlanAndServicesFromEmployers.clickPPOPlansButton(TestPlanAndServicesFromEmployers.java:31)
at CignaTest.TestPlanAndServicesFromEmployers.clickPPOPlansButton(TestPlanAndServicesFromEmployers.java:31)
at CignaTest.TestPlanAndServicesFromEmployers.clickPPOPlansButton(TestPlanAndServicesFromEmployers.java:31)
at CignaTest.TestPlanAndServicesFromEmployers.clickPPOPlansButton(TestPlanAndServicesFromEmployers.java:31)
at CignaTest.TestPlanAndServicesFromEmployers.clickPPOPlansButton(TestPlanAndServicesFromEmployers.java:31)
at CignaTest.TestPlanAndServicesFromEmployers.clickPPOPlansButton(TestPlanAndServicesFromEmployers.java:31)
at CignaTest.TestPlanAndServicesFromEmployers.clickPPOPlansButton(TestPlanAndServicesFromEmployers.java:31)
at CignaTest.TestPlanAndServicesFromEmployers.clickPPOPlansButton(TestPlanAndServicesFromEmployers.java:31)
at CignaTest.TestPlanAndServicesFromEmployers.clickPPOPlansButton(TestPlanAndServicesFromEmployers.java:31)
at CignaTest.TestPlanAndServicesFromEmployers.clickPPOPlansButton(TestPlanAndServicesFromEmployers.java:31)
at CignaTest.TestPlanAndServicesFromEmployers.clickPPOPlansButton(TestPlanAndServicesFromEmployers.java:31)
at CignaTest.TestPlanAndServicesFromEmployers.clickPPOPlansButton(TestPlanAndServicesFromEmployers.java:31)
at CignaTest.TestPlanAndServicesFromEmployers.clickPPOPlansButton(TestPlanAndServicesFromEmployers.java:31)
at CignaTest.TestPlanAndServicesFromEmployers.clickPPOPlansButton(TestPlanAndServicesFromEmployers.java:31)
at CignaTest.TestPlanAndServicesFromEmployers.clickPPOPlansButton(TestPlanAndServicesFromEmployers.java:31)
at CignaTest.TestPlanAndServicesFromEmployers.clickPPOPlansButton(TestPlanAndServicesFromEmployers.java:31)
at CignaTest.TestPlanAndServicesFromEmployers.clickPPOPlansButton(TestPlanAndServicesFromEmployers.java:31)
at CignaTest.TestPlanAndServicesFromEmployers.clickPPOPlansButton(TestPlanAndServicesFromEmployers.java:31)
at CignaTest.TestPlanAndServicesFromEmployers.clickPPOPlansButton(TestPlanAndServicesFromEmployers.java:31)
at CignaTest.TestPlanAndServicesFromEmployers.clickPPOPlansButton(TestPlanAndServicesFromEmployers.java:31)
at CignaTest.TestPlanAndServicesFromEmployers.clickPPOPlansButton(TestPlanAndServicesFromEmployers.java:31)
at CignaTest.TestPlanAndServicesFromEmployers.clickPPOPlansButton(TestPlanAndServicesFromEmployers.java:31)
at CignaTest.TestPlanAndServicesFromEmployers.clickPPOPlansButton(TestPlanAndServicesFromEmployers.java:31)
at CignaTest.TestPlanAndServicesFromEmployers.clickPPOPlansButton(TestPlanAndServicesFromEmployers.java:31)
at CignaTest.TestPlanAndServicesFromEmployers.clickPPOPlansButton(TestPlanAndServicesFromEmployers.java:31)
at CignaTest.TestPlanAndServicesFromEmployers.clickPPOPlansButton(TestPlanAndServicesFromEmployers.java:31)
at CignaTest.TestPlanAndServicesFromEmployers.clickPPOPlansButton(TestPlanAndServicesFromEmployers.java:31)
at CignaTest.TestPlanAndServicesFromEmployers.clickPPOPlansButton(TestPlanAndServicesFromEmployers.java:31)
at CignaTest.TestPlanAndServicesFromEmployers.clickPPOPlansButton(TestPlanAndServicesFromEmployers.java:31)
at CignaTest.TestPlanAndServicesFromEmployers.clickPPOPlansButton(TestPlanAndServicesFromEmployers.java:31)
at CignaTest.TestPlanAndServicesFromEmployers.clickPPOPlansButton(TestPlanAndServicesFromEmployers.java:31)
at CignaTest.TestPlanAndServicesFromEmployers.clickPPOPlansButton(TestPlanAndServicesFromEmployers.java:31)
at CignaTest.TestPlanAndServicesFromEmployers.clickPPOPlansButton(TestPlanAndServicesFromEmployers.java:31)
at CignaTest.TestPlanAndServicesFromEmployers.clickPPOPlansButton(TestPlanAndServicesFromEmployers.java:31)
at CignaTest.TestPlanAndServicesFromEmployers.clickPPOPlansButton(TestPlanAndServicesFromEmployers.java:31)
at CignaTest.TestPlanAndServicesFromEmployers.clickPPOPlansButton(TestPlanAndServicesFromEmployers.java:31)
at CignaTest.TestPlanAndServicesFromEmployers.clickPPOPlansButton(TestPlanAndServicesFromEmployers.java:31)
at CignaTest.TestPlanAndServicesFromEmployers.clickPPOPlansButton(TestPlanAndServicesFromEmployers.java:31)
at CignaTest.TestPlanAndServicesFromEmployers.clickPPOPlansButton(TestPlanAndServicesFromEmployers.java:31)
at CignaTest.TestPlanAndServicesFromEmployers.clickPPOPlansButton(TestPlanAndServicesFromEmployers.java:31)
at CignaTest.TestPlanAndServicesFromEmployers.clickPPOPlansButton(TestPlanAndServicesFromEmployers.java:31)
at CignaTest.TestPlanAndServicesFromEmployers.clickPPOPlansButton(TestPlanAndServicesFromEmployers.java:31)
at CignaTest.TestPlanAndServicesFromEmployers.clickPPOPlansButton(TestPlanAndServicesFromEmployers.java:31)
at CignaTest.TestPlanAndServicesFromEmployers.clickPPOPlansButton(TestPlanAndServicesFromEmployers.java:31)
at CignaTest.TestPlanAndServicesFromEmployers.clickPPOPlansButton(TestPlanAndServicesFromEmployers.java:31)
at CignaTest.TestPlanAndServicesFromEmployers.clickPPOPlansButton(TestPlanAndServicesFromEmployers.java:31)
at CignaTest.TestPlanAndServicesFromEmployers.clickPPOPlansButton(TestPlanAndServicesFromEmployers.java:31)
at CignaTest.TestPlanAndServicesFromEmployers.clickPPOPlansButton(TestPlanAndServicesFromEmployers.java:31)
at CignaTest.TestPlanAndServicesFromEmployers.clickPPOPlansButton(TestPlanAndServicesFromEmployers.java:31)
at CignaTest.TestPlanAndServicesFromEmployers.clickPPOPlansButton(TestPlanAndServicesFromEmployers.java:31)
at CignaTest.TestPlanAndServicesFromEmployers.clickPPOPlansButton(TestPlanAndServicesFromEmployers.java:31)
at CignaTest.TestPlanAndServicesFromEmployers.clickPPOPlansButton(TestPlanAndServicesFromEmployers.java:31)
at CignaTest.TestPlanAndServicesFromEmployers.clickPPOPlansButton(TestPlanAndServicesFromEmployers.java:31)
at CignaTest.TestPlanAndServicesFromEmployers.clickPPOPlansButton(TestPlanAndServicesFromEmployers.java:31)
at CignaTest.TestPlanAndServicesFromEmployers.clickPPOPlansButton(TestPlanAndServicesFromEmployers.java:31)
at CignaTest.TestPlanAndServicesFromEmployers.clickPPOPlansButton(TestPlanAndServicesFromEmployers.java:31)
at CignaTest.TestPlanAndServicesFromEmployers.clickPPOPlansButton(TestPlanAndServicesFromEmployers.java:31)
at CignaTest.TestPlanAndServicesFromEmployers.clickPPOPlansButton(TestPlanAndServicesFromEmployers.java:31)
at CignaTest.TestPlanAndServicesFromEmployers.clickPPOPlansButton(TestPlanAndServicesFromEmployers.java:31)
at CignaTest.TestPlanAndServicesFromEmployers.clickPPOPlansButton(TestPlanAndServicesFromEmployers.java:31)
at CignaTest.TestPlanAndServicesFromEmployers.clickPPOPlansButton(TestPlanAndServicesFromEmployers.java:31)
at CignaTest.TestPlanAndServicesFromEmployers.clickPPOPlansButton(TestPlanAndServicesFromEmployers.java:31)
at CignaTest.TestPlanAndServicesFromEmployers.clickPPOPlansButton(TestPlanAndServicesFromEmployers.java:31)
at CignaTest.TestPlanAndServicesFromEmployers.clickPPOPlansButton(TestPlanAndServicesFromEmployers.java:31)
at CignaTest.TestPlanAndServicesFromEmployers.clickPPOPlansButton(TestPlanAndServicesFromEmployers.java:31)
at CignaTest.TestPlanAndServicesFromEmployers.clickPPOPlansButton(TestPlanAndServicesFromEmployers.java:31)
at CignaTest.TestPlanAndServicesFromEmployers.clickPPOPlansButton(TestPlanAndServicesFromEmployers.java:31)
at CignaTest.TestPlanAndServicesFromEmployers.clickPPOPlansButton(TestPlanAndServicesFromEmployers.java:31)
at CignaTest.TestPlanAndServicesFromEmployers.clickPPOPlansButton(TestPlanAndServicesFromEmployers.java:31)
at CignaTest.TestPlanAndServicesFromEmployers.clickPPOPlansButton(TestPlanAndServicesFromEmployers.java:31)
at CignaTest.TestPlanAndServicesFromEmployers.clickPPOPlansButton(TestPlanAndServicesFromEmployers.java:31)
at CignaTest.TestPlanAndServicesFromEmployers.clickPPOPlansButton(TestPlanAndServicesFromEmployers.java:31)
at CignaTest.TestPlanAndServicesFromEmployers.clickPPOPlansButton(TestPlanAndServicesFromEmployers.java:31)
at CignaTest.TestPlanAndServicesFromEmployers.clickPPOPlansButton(TestPlanAndServicesFromEmployers.java:31)
at CignaTest.TestPlanAndServicesFromEmployers.clickPPOPlansButton(TestPlanAndServicesFromEmployers.java:31)
at CignaTest.TestPlanAndServicesFromEmployers.clickPPOPlansButton(TestPlanAndServicesFromEmployers.java:31)
at CignaTest.TestPlanAndServicesFromEmployers.clickPPOPlansButton(TestPlanAndServicesFromEmployers.java:31)
at CignaTest.TestPlanAndServicesFromEmployers.clickPPOPlansButton(TestPlanAndServicesFromEmployers.java:31)
at CignaTest.TestPlanAndServicesFromEmployers.clickPPOPlansButton(TestPlanAndServicesFromEmployers.java:31)
at CignaTest.TestPlanAndServicesFromEmployers.clickPPOPlansButton(TestPlanAndServicesFromEmployers.java:31)
at CignaTest.TestPlanAndServicesFromEmployers.clickPPOPlansButton(TestPlanAndServicesFromEmployers.java:31)
at CignaTest.TestPlanAndServicesFromEmployers.clickPPOPlansButton(TestPlanAndServicesFromEmployers.java:31)
at CignaTest.TestPlanAndServicesFromEmployers.clickPPOPlansButton(TestPlanAndServicesFromEmployers.java:31)
at CignaTest.TestPlanAndServicesFromEmployers.clickPPOPlansButton(TestPlanAndServicesFromEmployers.java:31)
at CignaTest.TestPlanAndServicesFromEmployers.clickPPOPlansButton(TestPlanAndServicesFromEmployers.java:31)
at CignaTest.TestPlanAndServicesFromEmployers.clickPPOPlansButton(TestPlanAndServicesFromEmployers.java:31)
at CignaTest.TestPlanAndServicesFromEmployers.clickPPOPlansButton(TestPlanAndServicesFromEmployers.java:31)
at CignaTest.TestPlanAndServicesFromEmployers.clickPPOPlansButton(TestPlanAndServicesFromEmployers.java:31)
at CignaTest.TestPlanAndServicesFromEmployers.clickPPOPlansButton(TestPlanAndServicesFromEmployers.java:31)
at CignaTest.TestPlanAndServicesFromEmployers.clickPPOPlansButton(TestPlanAndServicesFromEmployers.java:31)
at CignaTest.TestPlanAndServicesFromEmployers.clickPPOPlansButton(TestPlanAndServicesFromEmployers.java:31)
at CignaTest.TestPlanAndServicesFromEmployers.clickPPOPlansButton(TestPlanAndServicesFromEmployers.java:31)
at CignaTest.TestPlanAndServicesFromEmployers.clickPPOPlansButton(TestPlanAndServicesFromEmployers.java:31)
at CignaTest.TestPlanAndServicesFromEmployers.clickPPOPlansButton(TestPlanAndServicesFromEmployers.java:31)
at CignaTest.TestPlanAndServicesFromEmployers.clickPPOPlansButton(TestPlanAndServicesFromEmployers.java:31)
at CignaTest.TestPlanAndServicesFromEmployers.clickPPOPlansButton(TestPlanAndServicesFromEmployers.java:31)
at CignaTest.TestPlanAndServicesFromEmployers.clickPPOPlansButton(TestPlanAndServicesFromEmployers.java:31)
at CignaTest.TestPlanAndServicesFromEmployers.clickPPOPlansButton(TestPlanAndServicesFromEmployers.java:31)
at CignaTest.TestPlanAndServicesFromEmployers.clickPPOPlansButton(TestPlanAndServicesFromEmployers.java:31)
at CignaTest.TestPlanAndServicesFromEmployers.clickPPOPlansButton(TestPlanAndServicesFromEmployers.java:31)
at CignaTest.TestPlanAndServicesFromEmployers.clickPPOPlansButton(TestPlanAndServicesFromEmployers.java:31)
at CignaTest.TestPlanAndServicesFromEmployers.clickPPOPlansButton(TestPlanAndServicesFromEmployers.java:31)
at CignaTest.TestPlanAndServicesFromEmployers.clickPPOPlansButton(TestPlanAndServicesFromEmployers.java:31)
at CignaTest.TestPlanAndServicesFromEmployers.clickPPOPlansButton(TestPlanAndServicesFromEmployers.java:31)
at CignaTest.TestPlanAndServicesFromEmployers.clickPPOPlansButton(TestPlanAndServicesFromEmployers.java:31)
at CignaTest.TestPlanAndServicesFromEmployers.clickPPOPlansButton(TestPlanAndServicesFromEmployers.java:31)
at CignaTest.TestPlanAndServicesFromEmployers.clickPPOPlansButton(TestPlanAndServicesFromEmployers.java:31)
at CignaTest.TestPlanAndServicesFromEmployers.clickPPOPlansButton(TestPlanAndServicesFromEmployers.java:31)
at CignaTest.TestPlanAndServicesFromEmployers.clickPPOPlansButton(TestPlanAndServicesFromEmployers.java:31)
at CignaTest.TestPlanAndServicesFromEmployers.clickPPOPlansButton(TestPlanAndServicesFromEmployers.java:31)
at CignaTest.TestPlanAndServicesFromEmployers.clickPPOPlansButton(TestPlanAndServicesFromEmployers.java:31)
at CignaTest.TestPlanAndServicesFromEmployers.clickPPOPlansButton(TestPlanAndServicesFromEmployers.java:31)
at CignaTest.TestPlanAndServicesFromEmployers.clickPPOPlansButton(TestPlanAndServicesFromEmployers.java:31)
at CignaTest.TestPlanAndServicesFromEmployers.clickPPOPlansButton(TestPlanAndServicesFromEmployers.java:31)
at CignaTest.TestPlanAndServicesFromEmployers.clickPPOPlansButton(TestPlanAndServicesFromEmployers.java:31)
at CignaTest.TestPlanAndServicesFromEmployers.clickPPOPlansButton(TestPlanAndServicesFromEmployers.java:31)
at CignaTest.TestPlanAndServicesFromEmployers.clickPPOPlansButton(TestPlanAndServicesFromEmployers.java:31)
at CignaTest.TestPlanAndServicesFromEmployers.clickPPOPlansButton(TestPlanAndServicesFromEmployers.java:31)
at CignaTest.TestPlanAndServicesFromEmployers.clickPPOPlansButton(TestPlanAndServicesFromEmployers.java:31)
at CignaTest.TestPlanAndServicesFromEmployers.clickPPOPlansButton(TestPlanAndServicesFromEmployers.java:31)
at CignaTest.TestPlanAndServicesFromEmployers.clickPPOPlansButton(TestPlanAndServicesFromEmployers.java:31)
at CignaTest.TestPlanAndServicesFromEmployers.clickPPOPlansButton(TestPlanAndServicesFromEmployers.java:31)
at CignaTest.TestPlanAndServicesFromEmployers.clickPPOPlansButton(TestPlanAndServicesFromEmployers.java:31)
at CignaTest.TestPlanAndServicesFromEmployers.clickPPOPlansButton(TestPlanAndServicesFromEmployers.java:31)
at CignaTest.TestPlanAndServicesFromEmployers.clickPPOPlansButton(TestPlanAndServicesFromEmployers.java:31)
at CignaTest.TestPlanAndServicesFromEmployers.clickPPOPlansButton(TestPlanAndServicesFromEmployers.java:31)
at CignaTest.TestPlanAndServicesFromEmployers.clickPPOPlansButton(TestPlanAndServicesFromEmployers.java:31)
at CignaTest.TestPlanAndServicesFromEmployers.clickPPOPlansButton(TestPlanAndServicesFromEmployers.java:31)
at CignaTest.TestPlanAndServicesFromEmployers.clickPPOPlansButton(TestPlanAndServicesFromEmployers.java:31)
at CignaTest.TestPlanAndServicesFromEmployers.clickPPOPlansButton(TestPlanAndServicesFromEmployers.java:31)
at CignaTest.TestPlanAndServicesFromEmployers.clickPPOPlansButton(TestPlanAndServicesFromEmployers.java:31)
at CignaTest.TestPlanAndServicesFromEmployers.clickPPOPlansButton(TestPlanAndServicesFromEmployers.java:31)
at CignaTest.TestPlanAndServicesFromEmployers.clickPPOPlansButton(TestPlanAndServicesFromEmployers.java:31)
at CignaTest.TestPlanAndServicesFromEmployers.clickPPOPlansButton(TestPlanAndServicesFromEmployers.java:31)
at CignaTest.TestPlanAndServicesFromEmployers.clickPPOPlansButton(TestPlanAndServicesFromEmployers.java:31)
at CignaTest.TestPlanAndServicesFromEmployers.clickPPOPlansButton(TestPlanAndServicesFromEmployers.java:31)
at CignaTest.TestPlanAndServicesFromEmployers.clickPPOPlansButton(TestPlanAndServicesFromEmployers.java:31)
at CignaTest.TestPlanAndServicesFromEmployers.clickPPOPlansButton(TestPlanAndServicesFromEmployers.java:31)
at CignaTest.TestPlanAndServicesFromEmployers.clickPPOPlansButton(TestPlanAndServicesFromEmployers.java:31)
at CignaTest.TestPlanAndServicesFromEmployers.clickPPOPlansButton(TestPlanAndServicesFromEmployers.java:31)
at CignaTest.TestPlanAndServicesFromEmployers.clickPPOPlansButton(TestPlanAndServicesFromEmployers.java:31)
at CignaTest.TestPlanAndServicesFromEmployers.clickPPOPlansButton(TestPlanAndServicesFromEmployers.java:31)
at CignaTest.TestPlanAndServicesFromEmployers.clickPPOPlansButton(TestPlanAndServicesFromEmployers.java:31)
at CignaTest.TestPlanAndServicesFromEmployers.clickPPOPlansButton(TestPlanAndServicesFromEmployers.java:31)
at CignaTest.TestPlanAndServicesFromEmployers.clickPPOPlansButton(TestPlanAndServicesFromEmployers.java:31)
at CignaTest.TestPlanAndServicesFromEmployers.clickPPOPlansButton(TestPlanAndServicesFromEmployers.java:31)
at CignaTest.TestPlanAndServicesFromEmployers.clickPPOPlansButton(TestPlanAndServicesFromEmployers.java:31)
at CignaTest.TestPlanAndServicesFromEmployers.clickPPOPlansButton(TestPlanAndServicesFromEmployers.java:31)
at CignaTest.TestPlanAndServicesFromEmployers.clickPPOPlansButton(TestPlanAndServicesFromEmployers.java:31)
at CignaTest.TestPlanAndServicesFromEmployers.clickPPOPlansButton(TestPlanAndServicesFromEmployers.java:31)
at CignaTest.TestPlanAndServicesFromEmployers.clickPPOPlansButton(TestPlanAndServicesFromEmployers.java:31)
at CignaTest.TestPlanAndServicesFromEmployers.clickPPOPlansButton(TestPlanAndServicesFromEmployers.java:31)
at CignaTest.TestPlanAndServicesFromEmployers.clickPPOPlansButton(TestPlanAndServicesFromEmployers.java:31)
at CignaTest.TestPlanAndServicesFromEmployers.clickPPOPlansButton(TestPlanAndServicesFromEmployers.java:31)
at CignaTest.TestPlanAndServicesFromEmployers.clickPPOPlansButton(TestPlanAndServicesFromEmployers.java:31)
at CignaTest.TestPlanAndServicesFromEmployers.clickPPOPlansButton(TestPlanAndServicesFromEmployers.java:31)
at CignaTest.TestPlanAndServicesFromEmployers.clickPPOPlansButton(TestPlanAndServicesFromEmployers.java:31)
at CignaTest.TestPlanAndServicesFromEmployers.clickPPOPlansButton(TestPlanAndServicesFromEmployers.java:31)
at CignaTest.TestPlanAndServicesFromEmployers.clickPPOPlansButton(TestPlanAndServicesFromEmployers.java:31)
at CignaTest.TestPlanAndServicesFromEmployers.clickPPOPlansButton(TestPlanAndServicesFromEmployers.java:31)
at CignaTest.TestPlanAndServicesFromEmployers.clickPPOPlansButton(TestPlanAndServicesFromEmployers.java:31)
at CignaTest.TestPlanAndServicesFromEmployers.clickPPOPlansButton(TestPlanAndServicesFromEmployers.java:31)
at CignaTest.TestPlanAndServicesFromEmployers.clickPPOPlansButton(TestPlanAndServicesFromEmployers.java:31)
at CignaTest.TestPlanAndServicesFromEmployers.clickPPOPlansButton(TestPlanAndServicesFromEmployers.java:31)
at CignaTest.TestPlanAndServicesFromEmployers.clickPPOPlansButton(TestPlanAndServicesFromEmployers.java:31)
at CignaTest.TestPlanAndServicesFromEmployers.clickPPOPlansButton(TestPlanAndServicesFromEmployers.java:31)
at CignaTest.TestPlanAndServicesFromEmployers.clickPPOPlansButton(TestPlanAndServicesFromEmployers.java:31)
at CignaTest.TestPlanAndServicesFromEmployers.clickPPOPlansButton(TestPlanAndServicesFromEmployers.java:31)
at CignaTest.TestPlanAndServicesFromEmployers.clickPPOPlansButton(TestPlanAndServicesFromEmployers.java:31)
at CignaTest.TestPlanAndServicesFromEmployers.clickPPOPlansButton(TestPlanAndServicesFromEmployers.java:31)
at CignaTest.TestPlanAndServicesFromEmployers.clickPPOPlansButton(TestPlanAndServicesFromEmployers.java:31)
at CignaTest.TestPlanAndServicesFromEmployers.clickPPOPlansButton(TestPlanAndServicesFromEmployers.java:31)
at CignaTest.TestPlanAndServicesFromEmployers.clickPPOPlansButton(TestPlanAndServicesFromEmployers.java:31)
at CignaTest.TestPlanAndServicesFromEmployers.clickPPOPlansButton(TestPlanAndServicesFromEmployers.java:31)
at CignaTest.TestPlanAndServicesFromEmployers.clickPPOPlansButton(TestPlanAndServicesFromEmployers.java:31)
at CignaTest.TestPlanAndServicesFromEmployers.clickPPOPlansButton(TestPlanAndServicesFromEmployers.java:31)
at CignaTest.TestPlanAndServicesFromEmployers.clickPPOPlansButton(TestPlanAndServicesFromEmployers.java:31)
at CignaTest.TestPlanAndServicesFromEmployers.clickPPOPlansButton(TestPlanAndServicesFromEmployers.java:31)
at CignaTest.TestPlanAndServicesFromEmployers.clickPPOPlansButton(TestPlanAndServicesFromEmployers.java:31)
at CignaTest.TestPlanAndServicesFromEmployers.clickPPOPlansButton(TestPlanAndServicesFromEmployers.java:31)
at CignaTest.TestPlanAndServicesFromEmployers.clickPPOPlansButton(TestPlanAndServicesFromEmployers.java:31)
at CignaTest.TestPlanAndServicesFromEmployers.clickPPOPlansButton(TestPlanAndServicesFromEmployers.java:31)
at CignaTest.TestPlanAndServicesFromEmployers.clickPPOPlansButton(TestPlanAndServicesFromEmployers.java:31)
at CignaTest.TestPlanAndServicesFromEmployers.clickPPOPlansButton(TestPlanAndServicesFromEmployers.java:31)
at CignaTest.TestPlanAndServicesFromEmployers.clickPPOPlansButton(TestPlanAndServicesFromEmployers.java:31)
at CignaTest.TestPlanAndServicesFromEmployers.clickPPOPlansButton(TestPlanAndServicesFromEmployers.java:31)
at CignaTest.TestPlanAndServicesFromEmployers.clickPPOPlansButton(TestPlanAndServicesFromEmployers.java:31)
at CignaTest.TestPlanAndServicesFromEmployers.clickPPOPlansButton(TestPlanAndServicesFromEmployers.java:31)
at CignaTest.TestPlanAndServicesFromEmployers.clickPPOPlansButton(TestPlanAndServicesFromEmployers.java:31)
at CignaTest.TestPlanAndServicesFromEmployers.clickPPOPlansButton(TestPlanAndServicesFromEmployers.java:31)
at CignaTest.TestPlanAndServicesFromEmployers.clickPPOPlansButton(TestPlanAndServicesFromEmployers.java:31)
at CignaTest.TestPlanAndServicesFromEmployers.clickPPOPlansButton(TestPlanAndServicesFromEmployers.java:31)
at CignaTest.TestPlanAndServicesFromEmployers.clickPPOPlansButton(TestPlanAndServicesFromEmployers.java:31)
at CignaTest.TestPlanAndServicesFromEmployers.clickPPOPlansButton(TestPlanAndServicesFromEmployers.java:31)
at CignaTest.TestPlanAndServicesFromEmployers.clickPPOPlansButton(TestPlanAndServicesFromEmployers.java:31)
at CignaTest.TestPlanAndServicesFromEmployers.clickPPOPlansButton(TestPlanAndServicesFromEmployers.java:31)
at CignaTest.TestPlanAndServicesFromEmployers.clickPPOPlansButton(TestPlanAndServicesFromEmployers.java:31)
at CignaTest.TestPlanAndServicesFromEmployers.clickPPOPlansButton(TestPlanAndServicesFromEmployers.java:31)
at CignaTest.TestPlanAndServicesFromEmployers.clickPPOPlansButton(TestPlanAndServicesFromEmployers.java:31)
at CignaTest.TestPlanAndServicesFromEmployers.clickPPOPlansButton(TestPlanAndServicesFromEmployers.java:31)
at CignaTest.TestPlanAndServicesFromEmployers.clickPPOPlansButton(TestPlanAndServicesFromEmployers.java:31)
at CignaTest.TestPlanAndServicesFromEmployers.clickPPOPlansButton(TestPlanAndServicesFromEmployers.java:31)
at CignaTest.TestPlanAndServicesFromEmployers.clickPPOPlansButton(TestPlanAndServicesFromEmployers.java:31)
at CignaTest.TestPlanAndServicesFromEmployers.clickPPOPlansButton(TestPlanAndServicesFromEmployers.java:31)
at CignaTest.TestPlanAndServicesFromEmployers.clickPPOPlansButton(TestPlanAndServicesFromEmployers.java:31)
at CignaTest.TestPlanAndServicesFromEmployers.clickPPOPlansButton(TestPlanAndServicesFromEmployers.java:31)
at CignaTest.TestPlanAndServicesFromEmployers.clickPPOPlansButton(TestPlanAndServicesFromEmployers.java:31)
at CignaTest.TestPlanAndServicesFromEmployers.clickPPOPlansButton(TestPlanAndServicesFromEmployers.java:31)
at CignaTest.TestPlanAndServicesFromEmployers.clickPPOPlansButton(TestPlanAndServicesFromEmployers.java:31)
at CignaTest.TestPlanAndServicesFromEmployers.clickPPOPlansButton(TestPlanAndServicesFromEmployers.java:31)
at CignaTest.TestPlanAndServicesFromEmployers.clickPPOPlansButton(TestPlanAndServicesFromEmployers.java:31)
at CignaTest.TestPlanAndServicesFromEmployers.clickPPOPlansButton(TestPlanAndServicesFromEmployers.java:31)
at CignaTest.TestPlanAndServicesFromEmployers.clickPPOPlansButton(TestPlanAndServicesFromEmployers.java:31)
at CignaTest.TestPlanAndServicesFromEmployers.clickPPOPlansButton(TestPlanAndServicesFromEmployers.java:31)
at CignaTest.TestPlanAndServicesFromEmployers.clickPPOPlansButton(TestPlanAndServicesFromEmployers.java:31)
at CignaTest.TestPlanAndServicesFromEmployers.clickPPOPlansButton(TestPlanAndServicesFromEmployers.java:31)
at CignaTest.TestPlanAndServicesFromEmployers.clickPPOPlansButton(TestPlanAndServicesFromEmployers.java:31)
at CignaTest.TestPlanAndServicesFromEmployers.clickPPOPlansButton(TestPlanAndServicesFromEmployers.java:31)
at CignaTest.TestPlanAndServicesFromEmployers.clickPPOPlansButton(TestPlanAndServicesFromEmployers.java:31)
at CignaTest.TestPlanAndServicesFromEmployers.clickPPOPlansButton(TestPlanAndServicesFromEmployers.java:31)
at CignaTest.TestPlanAndServicesFromEmployers.clickPPOPlansButton(TestPlanAndServicesFromEmployers.java:31)
at CignaTest.TestPlanAndServicesFromEmployers.clickPPOPlansButton(TestPlanAndServicesFromEmployers.java:31)
at CignaTest.TestPlanAndServicesFromEmployers.clickPPOPlansButton(TestPlanAndServicesFromEmployers.java:31)
at CignaTest.TestPlanAndServicesFromEmployers.clickPPOPlansButton(TestPlanAndServicesFromEmployers.java:31)
at CignaTest.TestPlanAndServicesFromEmployers.clickPPOPlansButton(TestPlanAndServicesFromEmployers.java:31)
at CignaTest.TestPlanAndServicesFromEmployers.clickPPOPlansButton(TestPlanAndServicesFromEmployers.java:31)
at CignaTest.TestPlanAndServicesFromEmployers.clickPPOPlansButton(TestPlanAndServicesFromEmployers.java:31)
at CignaTest.TestPlanAndServicesFromEmployers.clickPPOPlansButton(TestPlanAndServicesFromEmployers.java:31)
at CignaTest.TestPlanAndServicesFromEmployers.clickPPOPlansButton(TestPlanAndServicesFromEmployers.java:31)
at CignaTest.TestPlanAndServicesFromEmployers.clickPPOPlansButton(TestPlanAndServicesFromEmployers.java:31)
at CignaTest.TestPlanAndServicesFromEmployers.clickPPOPlansButton(TestPlanAndServicesFromEmployers.java:31)
at CignaTest.TestPlanAndServicesFromEmployers.clickPPOPlansButton(TestPlanAndServicesFromEmployers.java:31)
at CignaTest.TestPlanAndServicesFromEmployers.clickPPOPlansButton(TestPlanAndServicesFromEmployers.java:31)
at CignaTest.TestPlanAndServicesFromEmployers.clickPPOPlansButton(TestPlanAndServicesFromEmployers.java:31)
at CignaTest.TestPlanAndServicesFromEmployers.clickPPOPlansButton(TestPlanAndServicesFromEmployers.java:31)
at CignaTest.TestPlanAndServicesFromEmployers.clickPPOPlansButton(TestPlanAndServicesFromEmployers.java:31)
at CignaTest.TestPlanAndServicesFromEmployers.clickPPOPlansButton(TestPlanAndServicesFromEmployers.java:31)
at CignaTest.TestPlanAndServicesFromEmployers.clickPPOPlansButton(TestPlanAndServicesFromEmployers.java:31)
at CignaTest.TestPlanAndServicesFromEmployers.clickPPOPlansButton(TestPlanAndServicesFromEmployers.java:31)
at CignaTest.TestPlanAndServicesFromEmployers.clickPPOPlansButton(TestPlanAndServicesFromEmployers.java:31)
at CignaTest.TestPlanAndServicesFromEmployers.clickPPOPlansButton(TestPlanAndServicesFromEmployers.java:31)
at CignaTest.TestPlanAndServicesFromEmployers.clickPPOPlansButton(TestPlanAndServicesFromEmployers.java:31)
at CignaTest.TestPlanAndServicesFromEmployers.clickPPOPlansButton(TestPlanAndServicesFromEmployers.java:31)
at CignaTest.TestPlanAndServicesFromEmployers.clickPPOPlansButton(TestPlanAndServicesFromEmployers.java:31)
at CignaTest.TestPlanAndServicesFromEmployers.clickPPOPlansButton(TestPlanAndServicesFromEmployers.java:31)
at CignaTest.TestPlanAndServicesFromEmployers.clickPPOPlansButton(TestPlanAndServicesFromEmployers.java:31)
at CignaTest.TestPlanAndServicesFromEmployers.clickPPOPlansButton(TestPlanAndServicesFromEmployers.java:31)
at CignaTest.TestPlanAndServicesFromEmployers.clickPPOPlansButton(TestPlanAndServicesFromEmployers.java:31)
at CignaTest.TestPlanAndServicesFromEmployers.clickPPOPlansButton(TestPlanAndServicesFromEmployers.java:31)
at CignaTest.TestPlanAndServicesFromEmployers.clickPPOPlansButton(TestPlanAndServicesFromEmployers.java:31)
at CignaTest.TestPlanAndServicesFromEmployers.clickPPOPlansButton(TestPlanAndServicesFromEmployers.java:31)
at CignaTest.TestPlanAndServicesFromEmployers.clickPPOPlansButton(TestPlanAndServicesFromEmployers.java:31)
at CignaTest.TestPlanAndServicesFromEmployers.clickPPOPlansButton(TestPlanAndServicesFromEmployers.java:31)
at CignaTest.TestPlanAndServicesFromEmployers.clickPPOPlansButton(TestPlanAndServicesFromEmployers.java:31)
at CignaTest.TestPlanAndServicesFromEmployers.clickPPOPlansButton(TestPlanAndServicesFromEmployers.java:31)
at CignaTest.TestPlanAndServicesFromEmployers.clickPPOPlansButton(TestPlanAndServicesFromEmployers.java:31)
at CignaTest.TestPlanAndServicesFromEmployers.clickPPOPlansButton(TestPlanAndServicesFromEmployers.java:31)
at CignaTest.TestPlanAndServicesFromEmployers.clickPPOPlansButton(TestPlanAndServicesFromEmployers.java:31)
at CignaTest.TestPlanAndServicesFromEmployers.clickPPOPlansButton(TestPlanAndServicesFromEmployers.java:31)
at CignaTest.TestPlanAndServicesFromEmployers.clickPPOPlansButton(TestPlanAndServicesFromEmployers.java:31)
at CignaTest.TestPlanAndServicesFromEmployers.clickPPOPlansButton(TestPlanAndServicesFromEmployers.java:31)
at CignaTest.TestPlanAndServicesFromEmployers.clickPPOPlansButton(TestPlanAndServicesFromEmployers.java:31)
at CignaTest.TestPlanAndServicesFromEmployers.clickPPOPlansButton(TestPlanAndServicesFromEmployers.java:31)
at CignaTest.TestPlanAndServicesFromEmployers.clickPPOPlansButton(TestPlanAndServicesFromEmployers.java:31)
at CignaTest.TestPlanAndServicesFromEmployers.clickPPOPlansButton(TestPlanAndServicesFromEmployers.java:31)
at CignaTest.TestPlanAndServicesFromEmployers.clickPPOPlansButton(TestPlanAndServicesFromEmployers.java:31)
at CignaTest.TestPlanAndServicesFromEmployers.clickPPOPlansButton(TestPlanAndServicesFromEmployers.java:31)
at CignaTest.TestPlanAndServicesFromEmployers.clickPPOPlansButton(TestPlanAndServicesFromEmployers.java:31)
at CignaTest.TestPlanAndServicesFromEmployers.clickPPOPlansButton(TestPlanAndServicesFromEmployers.java:31)
at CignaTest.TestPlanAndServicesFromEmployers.clickPPOPlansButton(TestPlanAndServicesFromEmployers.java:31)
at CignaTest.TestPlanAndServicesFromEmployers.clickPPOPlansButton(TestPlanAndServicesFromEmployers.java:31)
at CignaTest.TestPlanAndServicesFromEmployers.clickPPOPlansButton(TestPlanAndServicesFromEmployers.java:31)
at CignaTest.TestPlanAndServicesFromEmployers.clickPPOPlansButton(TestPlanAndServicesFromEmployers.java:31)
at CignaTest.TestPlanAndServicesFromEmployers.clickPPOPlansButton(TestPlanAndServicesFromEmployers.java:31)
at CignaTest.TestPlanAndServicesFromEmployers.clickPPOPlansButton(TestPlanAndServicesFromEmployers.java:31)
at CignaTest.TestPlanAndServicesFromEmployers.clickPPOPlansButton(TestPlanAndServicesFromEmployers.java:31)
at CignaTest.TestPlanAndServicesFromEmployers.clickPPOPlansButton(TestPlanAndServicesFromEmployers.java:31)
at CignaTest.TestPlanAndServicesFromEmployers.clickPPOPlansButton(TestPlanAndServicesFromEmployers.java:31)
at CignaTest.TestPlanAndServicesFromEmployers.clickPPOPlansButton(TestPlanAndServicesFromEmployers.java:31)
at CignaTest.TestPlanAndServicesFromEmployers.clickPPOPlansButton(TestPlanAndServicesFromEmployers.java:31)
at CignaTest.TestPlanAndServicesFromEmployers.clickPPOPlansButton(TestPlanAndServicesFromEmployers.java:31)
at CignaTest.TestPlanAndServicesFromEmployers.clickPPOPlansButton(TestPlanAndServicesFromEmployers.java:31)
at CignaTest.TestPlanAndServicesFromEmployers.clickPPOPlansButton(TestPlanAndServicesFromEmployers.java:31)
at CignaTest.TestPlanAndServicesFromEmployers.clickPPOPlansButton(TestPlanAndServicesFromEmployers.java:31)
at CignaTest.TestPlanAndServicesFromEmployers.clickPPOPlansButton(TestPlanAndServicesFromEmployers.java:31)
at CignaTest.TestPlanAndServicesFromEmployers.clickPPOPlansButton(TestPlanAndServicesFromEmployers.java:31)
at CignaTest.TestPlanAndServicesFromEmployers.clickPPOPlansButton(TestPlanAndServicesFromEmployers.java:31)
at CignaTest.TestPlanAndServicesFromEmployers.clickPPOPlansButton(TestPlanAndServicesFromEmployers.java:31)
at CignaTest.TestPlanAndServicesFromEmployers.clickPPOPlansButton(TestPlanAndServicesFromEmployers.java:31)
at CignaTest.TestPlanAndServicesFromEmployers.clickPPOPlansButton(TestPlanAndServicesFromEmployers.java:31)
at CignaTest.TestPlanAndServicesFromEmployers.clickPPOPlansButton(TestPlanAndServicesFromEmployers.java:31)
at CignaTest.TestPlanAndServicesFromEmployers.clickPPOPlansButton(TestPlanAndServicesFromEmployers.java:31)
at CignaTest.TestPlanAndServicesFromEmployers.clickPPOPlansButton(TestPlanAndServicesFromEmployers.java:31)
at CignaTest.TestPlanAndServicesFromEmployers.clickPPOPlansButton(TestPlanAndServicesFromEmployers.java:31)
[...]
at CignaTest.TestPlanAndServicesFromEmployers.clickPPOPlansButton(TestPlanAndServicesFromEmployers.java:31)
at CignaTest.TestPlanAndServicesFromEmployers.clickPPOPlansButton(TestPlanAndServicesFromEmployers.java:31)
at CignaTest.TestPlanAndServicesFromEmployers.clickPPOPlansButton(TestPlanAndServicesFromEmployers.java:31)
at CignaTest.TestPlanAndServicesFromEmployers.clickPPOPlansButton(TestPlanAndServicesFromEmployers.java:31)
at CignaTest.TestPlanAndServicesFromEmployers.clickPPOPlansButton(TestPlanAndServicesFromEmployers.java:31)
at CignaTest.TestPlanAndServicesFromEmployers.clickPPOPlansButton(TestPlanAndServicesFromEmployers.java:31)
at CignaTest.TestPlanAndServicesFromEmployers.clickPPOPlansButton(TestPlanAndServicesFromEmployers.java:31)
at CignaTest.TestPlanAndServicesFromEmployers.clickPPOPlansButton(TestPlanAndServicesFromEmployers.java:31)
at CignaTest.TestPlanAndServicesFromEmployers.clickPPOPlansButton(TestPlanAndServicesFromEmployers.java:31)
at CignaTest.TestPlanAndServicesFromEmployers.clickPPOPlansButton(TestPlanAndServicesFromEmployers.java:31)
at CignaTest.TestPlanAndServicesFromEmployers.clickPPOPlansButton(TestPlanAndServicesFromEmployers.java:31)
at CignaTest.TestPlanAndServicesFromEmployers.clickPPOPlansButton(TestPlanAndServicesFromEmployers.java:31)
at CignaTest.TestPlanAndServicesFromEmployers.clickPPOPlansButton(TestPlanAndServicesFromEmployers.java:31)
at CignaTest.TestPlanAndServicesFromEmployers.clickPPOPlansButton(TestPlanAndServicesFromEmployers.java:31)
at CignaTest.TestPlanAndServicesFromEmployers.clickPPOPlansButton(TestPlanAndServicesFromEmployers.java:31)
at CignaTest.TestPlanAndServicesFromEmployers.clickPPOPlansButton(TestPlanAndServicesFromEmployers.java:31)
at CignaTest.TestPlanAndServicesFromEmployers.clickPPOPlansButton(TestPlanAndServicesFromEmployers.java:31)
at CignaTest.TestPlanAndServicesFromEmployers.clickPPOPlansButton(TestPlanAndServicesFromEmployers.java:31)
at CignaTest.TestPlanAndServicesFromEmployers.clickPPOPlansButton(TestPlanAndServicesFromEmployers.java:31)
at CignaTest.TestPlanAndServicesFromEmployers.clickPPOPlansButton(TestPlanAndServicesFromEmployers.java:31)
at CignaTest.TestPlanAndServicesFromEmployers.clickPPOPlansButton(TestPlanAndServicesFromEmployers.java:31)
at CignaTest.TestPlanAndServicesFromEmployers.clickPPOPlansButton(TestPlanAndServicesFromEmployers.java:31)
at CignaTest.TestPlanAndServicesFromEmployers.clickPPOPlansButton(TestPlanAndServicesFromEmployers.java:31)
at CignaTest.TestPlanAndServicesFromEmployers.clickPPOPlansButton(TestPlanAndServicesFromEmployers.java:31)
at CignaTest.TestPlanAndServicesFromEmployers.clickPPOPlansButton(TestPlanAndServicesFromEmployers.java:31)
at CignaTest.TestPlanAndServicesFromEmployers.clickPPOPlansButton(TestPlanAndServicesFromEmployers.java:31)
at CignaTest.TestPlanAndServicesFromEmployers.clickPPOPlansButton(TestPlanAndServicesFromEmployers.java:31)
at CignaTest.TestPlanAndServicesFromEmployers.clickPPOPlansButton(TestPlanAndServicesFromEmployers.java:31)
at CignaTest.TestPlanAndServicesFromEmployers.clickPPOPlansButton(TestPlanAndServicesFromEmployers.java:31)
at CignaTest.TestPlanAndServicesFromEmployers.clickPPOPlansButton(TestPlanAndServicesFromEmployers.java:31)
at CignaTest.TestPlanAndServicesFromEmployers.clickPPOPlansButton(TestPlanAndServicesFromEmployers.java:31)
at CignaTest.TestPlanAndServicesFromEmployers.clickPPOPlansButton(TestPlanAndServicesFromEmployers.java:31)
at CignaTest.TestPlanAndServicesFromEmployers.clickPPOPlansButton(TestPlanAndServicesFromEmployers.java:31)
at CignaTest.TestPlanAndServicesFromEmployers.clickPPOPlansButton(TestPlanAndServicesFromEmployers.java:31)
at CignaTest.TestPlanAndServicesFromEmployers.clickPPOPlansButton(TestPlanAndServicesFromEmployers.java:31)
at CignaTest.TestPlanAndServicesFromEmployers.clickPPOPlansButton(TestPlanAndServicesFromEmployers.java:31)
at CignaTest.TestPlanAndServicesFromEmployers.clickPPOPlansButton(TestPlanAndServicesFromEmployers.java:31)
at CignaTest.TestPlanAndServicesFromEmployers.clickPPOPlansButton(TestPlanAndServicesFromEmployers.java:31)
at CignaTest.TestPlanAndServicesFromEmployers.clickPPOPlansButton(TestPlanAndServicesFromEmployers.java:31)
at CignaTest.TestPlanAndServicesFromEmployers.clickPPOPlansButton(TestPlanAndServicesFromEmployers.java:31)
at CignaTest.TestPlanAndServicesFromEmployers.clickPPOPlansButton(TestPlanAndServicesFromEmployers.java:31)
at CignaTest.TestPlanAndServicesFromEmployers.clickPPOPlansButton(TestPlanAndServicesFromEmployers.java:31)
at CignaTest.TestPlanAndServicesFromEmployers.clickPPOPlansButton(TestPlanAndServicesFromEmployers.java:31)
at CignaTest.TestPlanAndServicesFromEmployers.clickPPOPlansButton(TestPlanAndServicesFromEmployers.java:31)
at CignaTest.TestPlanAndServicesFromEmployers.clickPPOPlansButton(TestPlanAndServicesFromEmployers.java:31)
at CignaTest.TestPlanAndServicesFromEmployers.clickPPOPlansButton(TestPlanAndServicesFromEmployers.java:31)
at CignaTest.TestPlanAndServicesFromEmployers.clickPPOPlansButton(TestPlanAndServicesFromEmployers.java:31)
at CignaTest.TestPlanAndServicesFromEmployers.clickPPOPlansButton(TestPlanAndServicesFromEmployers.java:31)
at CignaTest.TestPlanAndServicesFromEmployers.clickPPOPlansButton(TestPlanAndServicesFromEmployers.java:31)
at CignaTest.TestPlanAndServicesFromEmployers.clickPPOPlansButton(TestPlanAndServicesFromEmployers.java:31)
at CignaTest.TestPlanAndServicesFromEmployers.clickPPOPlansButton(TestPlanAndServicesFromEmployers.java:31)
at CignaTest.TestPlanAndServicesFromEmployers.clickPPOPlansButton(TestPlanAndServicesFromEmployers.java:31)
at CignaTest.TestPlanAndServicesFromEmployers.clickPPOPlansButton(TestPlanAndServicesFromEmployers.java:31)
at CignaTest.TestPlanAndServicesFromEmployers.clickPPOPlansButton(TestPlanAndServicesFromEmployers.java:31)
at CignaTest.TestPlanAndServicesFromEmployers.clickPPOPlansButton(TestPlanAndServicesFromEmployers.java:31)
at CignaTest.TestPlanAndServicesFromEmployers.clickPPOPlansButton(TestPlanAndServicesFromEmployers.java:31)
at CignaTest.TestPlanAndServicesFromEmployers.clickPPOPlansButton(TestPlanAndServicesFromEmployers.java:31)
at CignaTest.TestPlanAndServicesFromEmployers.clickPPOPlansButton(TestPlanAndServicesFromEmployers.java:31)
at CignaTest.TestPlanAndServicesFromEmployers.clickPPOPlansButton(TestPlanAndServicesFromEmployers.java:31)
at CignaTest.TestPlanAndServicesFromEmployers.clickPPOPlansButton(TestPlanAndServicesFromEmployers.java:31)
at CignaTest.TestPlanAndServicesFromEmployers.clickPPOPlansButton(TestPlanAndServicesFromEmployers.java:31)
at CignaTest.TestPlanAndServicesFromEmployers.clickPPOPlansButton(TestPlanAndServicesFromEmployers.java:31)
at CignaTest.TestPlanAndServicesFromEmployers.clickPPOPlansButton(TestPlanAndServicesFromEmployers.java:31)
at CignaTest.TestPlanAndServicesFromEmployers.clickPPOPlansButton(TestPlanAndServicesFromEmployers.java:31)
at CignaTest.TestPlanAndServicesFromEmployers.clickPPOPlansButton(TestPlanAndServicesFromEmployers.java:31)
at CignaTest.TestPlanAndServicesFromEmployers.clickPPOPlansButton(TestPlanAndServicesFromEmployers.java:31)
at CignaTest.TestPlanAndServicesFromEmployers.clickPPOPlansButton(TestPlanAndServicesFromEmployers.java:31)
at CignaTest.TestPlanAndServicesFromEmployers.clickPPOPlansButton(TestPlanAndServicesFromEmployers.java:31)
at CignaTest.TestPlanAndServicesFromEmployers.clickPPOPlansButton(TestPlanAndServicesFromEmployers.java:31)
at CignaTest.TestPlanAndServicesFromEmployers.clickPPOPlansButton(TestPlanAndServicesFromEmployers.java:31)
at CignaTest.TestPlanAndServicesFromEmployers.clickPPOPlansButton(TestPlanAndServicesFromEmployers.java:31)
at CignaTest.TestPlanAndServicesFromEmployers.clickPPOPlansButton(TestPlanAndServicesFromEmployers.java:31)
at CignaTest.TestPlanAndServicesFromEmployers.clickPPOPlansButton(TestPlanAndServicesFromEmployers.java:31)
at CignaTest.TestPlanAndServicesFromEmployers.clickPPOPlansButton(TestPlanAndServicesFromEmployers.java:31)
at CignaTest.TestPlanAndServicesFromEmployers.clickPPOPlansButton(TestPlanAndServicesFromEmployers.java:31)
at CignaTest.TestPlanAndServicesFromEmployers.clickPPOPlansButton(TestPlanAndServicesFromEmployers.java:31)
at CignaTest.TestPlanAndServicesFromEmployers.clickPPOPlansButton(TestPlanAndServicesFromEmployers.java:31)
at CignaTest.TestPlanAndServicesFromEmployers.clickPPOPlansButton(TestPlanAndServicesFromEmployers.java:31)
at CignaTest.TestPlanAndServicesFromEmployers.clickPPOPlansButton(TestPlanAndServicesFromEmployers.java:31)
at CignaTest.TestPlanAndServicesFromEmployers.clickPPOPlansButton(TestPlanAndServicesFromEmployers.java:31)
at CignaTest.TestPlanAndServicesFromEmployers.clickPPOPlansButton(TestPlanAndServicesFromEmployers.java:31)
at CignaTest.TestPlanAndServicesFromEmployers.clickPPOPlansButton(TestPlanAndServicesFromEmployers.java:31)
at CignaTest.TestPlanAndServicesFromEmployers.clickPPOPlansButton(TestPlanAndServicesFromEmployers.java:31)
at CignaTest.TestPlanAndServicesFromEmployers.clickPPOPlansButton(TestPlanAndServicesFromEmployers.java:31)
at CignaTest.TestPlanAndServicesFromEmployers.clickPPOPlansButton(TestPlanAndServicesFromEmployers.java:31)
at CignaTest.TestPlanAndServicesFromEmployers.clickPPOPlansButton(TestPlanAndServicesFromEmployers.java:31)
at CignaTest.TestPlanAndServicesFromEmployers.clickPPOPlansButton(TestPlanAndServicesFromEmployers.java:31)
at CignaTest.TestPlanAndServicesFromEmployers.clickPPOPlansButton(TestPlanAndServicesFromEmployers.java:31)
at CignaTest.TestPlanAndServicesFromEmployers.clickPPOPlansButton(TestPlanAndServicesFromEmployers.java:31)
at CignaTest.TestPlanAndServicesFromEmployers.clickPPOPlansButton(TestPlanAndServicesFromEmployers.java:31)
at CignaTest.TestPlanAndServicesFromEmployers.clickPPOPlansButton(TestPlanAndServicesFromEmployers.java:31)
at CignaTest.TestPlanAndServicesFromEmployers.clickPPOPlansButton(TestPlanAndServicesFromEmployers.java:31)
at CignaTest.TestPlanAndServicesFromEmployers.clickPPOPlansButton(TestPlanAndServicesFromEmployers.java:31)
at CignaTest.TestPlanAndServicesFromEmployers.clickPPOPlansButton(TestPlanAndServicesFromEmployers.java:31)
at CignaTest.TestPlanAndServicesFromEmployers.clickPPOPlansButton(TestPlanAndServicesFromEmployers.java:31)
at CignaTest.TestPlanAndServicesFromEmployers.clickPPOPlansButton(TestPlanAndServicesFromEmployers.java:31)
at CignaTest.TestPlanAndServicesFromEmployers.clickPPOPlansButton(TestPlanAndServicesFromEmployers.java:31)
at CignaTest.TestPlanAndServicesFromEmployers.clickPPOPlansButton(TestPlanAndServicesFromEmployers.java:31)
at CignaTest.TestPlanAndServicesFromEmployers.clickPPOPlansButton(TestPlanAndServicesFromEmployers.java:31)
at CignaTest.TestPlanAndServicesFromEmployers.clickPPOPlansButton(TestPlanAndServicesFromEmployers.java:31)
at CignaTest.TestPlanAndServicesFromEmployers.clickPPOPlansButton(TestPlanAndServicesFromEmployers.java:31)
at CignaTest.TestPlanAndServicesFromEmployers.clickPPOPlansButton(TestPlanAndServicesFromEmployers.java:31)
at CignaTest.TestPlanAndServicesFromEmployers.clickPPOPlansButton(TestPlanAndServicesFromEmployers.java:31)
at CignaTest.TestPlanAndServicesFromEmployers.clickPPOPlansButton(TestPlanAndServicesFromEmployers.java:31)
at CignaTest.TestPlanAndServicesFromEmployers.clickPPOPlansButton(TestPlanAndServicesFromEmployers.java:31)
at CignaTest.TestPlanAndServicesFromEmployers.clickPPOPlansButton(TestPlanAndServicesFromEmployers.java:31)
at CignaTest.TestPlanAndServicesFromEmployers.clickPPOPlansButton(TestPlanAndServicesFromEmployers.java:31)
at CignaTest.TestPlanAndServicesFromEmployers.clickPPOPlansButton(TestPlanAndServicesFromEmployers.java:31)
at CignaTest.TestPlanAndServicesFromEmployers.clickPPOPlansButton(TestPlanAndServicesFromEmployers.java:31)
at CignaTest.TestPlanAndServicesFromEmployers.clickPPOPlansButton(TestPlanAndServicesFromEmployers.java:31)
at CignaTest.TestPlanAndServicesFromEmployers.clickPPOPlansButton(TestPlanAndServicesFromEmployers.java:31)
at CignaTest.TestPlanAndServicesFromEmployers.clickPPOPlansButton(TestPlanAndServicesFromEmployers.java:31)
at CignaTest.TestPlanAndServicesFromEmployers.clickPPOPlansButton(TestPlanAndServicesFromEmployers.java:31)
at CignaTest.TestPlanAndServicesFromEmployers.clickPPOPlansButton(TestPlanAndServicesFromEmployers.java:31)
at CignaTest.TestPlanAndServicesFromEmployers.clickPPOPlansButton(TestPlanAndServicesFromEmployers.java:31)
at CignaTest.TestPlanAndServicesFromEmployers.clickPPOPlansButton(TestPlanAndServicesFromEmployers.java:31)
at CignaTest.TestPlanAndServicesFromEmployers.clickPPOPlansButton(TestPlanAndServicesFromEmployers.java:31)
at CignaTest.TestPlanAndServicesFromEmployers.clickPPOPlansButton(TestPlanAndServicesFromEmployers.java:31)
at CignaTest.TestPlanAndServicesFromEmployers.clickPPOPlansButton(TestPlanAndServicesFromEmployers.java:31)
at CignaTest.TestPlanAndServicesFromEmployers.clickPPOPlansButton(TestPlanAndServicesFromEmployers.java:31)
at CignaTest.TestPlanAndServicesFromEmployers.clickPPOPlansButton(TestPlanAndServicesFromEmployers.java:31)
at CignaTest.TestPlanAndServicesFromEmployers.clickPPOPlansButton(TestPlanAndServicesFromEmployers.java:31)
at CignaTest.TestPlanAndServicesFromEmployers.clickPPOPlansButton(TestPlanAndServicesFromEmployers.java:31)
at CignaTest.TestPlanAndServicesFromEmployers.clickPPOPlansButton(TestPlanAndServicesFromEmployers.java:31)
at CignaTest.TestPlanAndServicesFromEmployers.clickPPOPlansButton(TestPlanAndServicesFromEmployers.java:31)
at CignaTest.TestPlanAndServicesFromEmployers.clickPPOPlansButton(TestPlanAndServicesFromEmployers.java:31)
at CignaTest.TestPlanAndServicesFromEmployers.clickPPOPlansButton(TestPlanAndServicesFromEmployers.java:31)
at CignaTest.TestPlanAndServicesFromEmployers.clickPPOPlansButton(TestPlanAndServicesFromEmployers.java:31)
at CignaTest.TestPlanAndServicesFromEmployers.clickPPOPlansButton(TestPlanAndServicesFromEmployers.java:31)
at CignaTest.TestPlanAndServicesFromEmployers.clickPPOPlansButton(TestPlanAndServicesFromEmployers.java:31)
at CignaTest.TestPlanAndServicesFromEmployers.clickPPOPlansButton(TestPlanAndServicesFromEmployers.java:31)
... Removed 11 stack frames]]>
    </failure>
  </testcase> <!-- clickPPOPlansButton -->
  <testcase classname="CignaTest.TestPlanAndServicesFromEmployersExtension" name="clickBehavioralButtonTest" time="3.738"/>
  <testcase classname="CignaTest.TestPlanAndServicesFromEmployersExtension" name="clickCignaOnsiteButtonT" time="3.285"/>
  <testcase classname="CignaTest.TestPlanAndServicesFromEmployersExtension" name="clickGroupLifeInsurance" time="3.85"/>
  <testcase classname="CignaTest.TestPlanAndServicesFromEmployersExtension" name="clickPharmacyButtonTest" time="3.94"/>
  <testcase classname="CignaTest.TestPlanAndServicesFromEmployersExtension" name="clickPharmacyManagementTest" time="3.426"/>
  <testcase classname="CignaTest.TestPlanAndServicesFromEmployersExtension" name="clickPopulationButton" time="3.672"/>
  <testcase classname="CignaTest.TestPlanAndServicesFromEmployersExtension" name="clickVisionInsuranceButtonTest" time="3.532"/>
  <testcase classname="CignaTest.TestPlansAndServicesUsingSupplemental" name="clickADDInsuranceButtonT" time="3.757"/>
  <testcase classname="CignaTest.TestPlansAndServicesUsingSupplemental" name="clickAccidentInjuryButtonT" time="3.422"/>
  <testcase classname="CignaTest.TestPlansAndServicesUsingSupplemental" name="clickCignaLeaveSolutionsT" time="3.857"/>
  <testcase classname="CignaTest.TestPlansAndServicesUsingSupplemental" name="clickCriticalIllnessButtonT" time="4.217"/>
  <testcase classname="CignaTest.TestPlansAndServicesUsingSupplemental" name="clickFundingSolutionsT" time="3.527"/>
  <testcase classname="CignaTest.TestPlansAndServicesUsingSupplemental" name="clickGroupDisabilityButtonT" time="3.919"/>
  <testcase classname="CignaTest.TestPlansAndServicesUsingSupplemental" name="clickHospitalInsuranceButton" time="4.07"/>
  <testcase classname="DataDriven.DataDrivenTests" name="searchForItemsExcel" time="7.164"/>
  <testcase classname="DataDriven.DataDrivenTests" name="searchForItemsMongoDB" time="6.245"/>
  <testcase classname="CignaTest.TestEmployersAndBrokersExtent" name="clickDefinedContributionsT" time="4.29"/>
  <testcase classname="CignaTest.TestEmployersAndBrokersExtent" name="clickSmallEmplyersTest" time="3.948"/>
  <testcase classname="CignaTest.TestEmployersAndBrokersExtent" name="clickSpendingButton" time="5.619"/>
  <testcase classname="CignaTest.TestEmployersAndBrokersExtent" name="clickStopLossSolutionsButtonT" time="3.231"/>
  <testcase classname="CignaTest.TestEmployersAndBrokersExtent" name="clickWhoWeServet" time="2.992"/>
  <testcase classname="Base.CommonAPI" name="@AfterSuite generateReport" time="0.0">
    <ignored/>
  </testcase> <!-- @AfterSuite generateReport -->
  <testcase classname="Base.CommonAPI" name="@AfterSuite generateReport" time="0.0">
    <ignored/>
  </testcase> <!-- @AfterSuite generateReport -->
  <testcase classname="Base.CommonAPI" name="@AfterSuite generateReport" time="0.0">
    <ignored/>
  </testcase> <!-- @AfterSuite generateReport -->
  <testcase classname="Base.CommonAPI" name="@AfterSuite generateReport" time="0.0">
    <ignored/>
  </testcase> <!-- @AfterSuite generateReport -->
  <testcase classname="Base.CommonAPI" name="@AfterSuite generateReport" time="0.0">
    <ignored/>
  </testcase> <!-- @AfterSuite generateReport -->
  <testcase classname="Base.CommonAPI" name="@AfterSuite generateReport" time="0.0">
    <ignored/>
  </testcase> <!-- @AfterSuite generateReport -->
  <testcase classname="Base.CommonAPI" name="@AfterSuite generateReport" time="0.0">
    <ignored/>
  </testcase> <!-- @AfterSuite generateReport -->
  <testcase classname="Base.CommonAPI" name="@AfterSuite generateReport" time="0.0">
    <ignored/>
  </testcase> <!-- @AfterSuite generateReport -->
  <testcase classname="Base.CommonAPI" name="@AfterSuite generateReport" time="0.0">
    <ignored/>
  </testcase> <!-- @AfterSuite generateReport -->
  <testcase classname="Base.CommonAPI" name="@AfterSuite generateReport" time="0.0">
    <ignored/>
  </testcase> <!-- @AfterSuite generateReport -->
  <testcase classname="Base.CommonAPI" name="@AfterSuite generateReport" time="0.0">
    <ignored/>
  </testcase> <!-- @AfterSuite generateReport -->
  <testcase classname="Base.CommonAPI" name="@BeforeSuite extentSetup" time="0.0">
    <ignored/>
  </testcase> <!-- @BeforeSuite extentSetup -->
  <testcase classname="Base.CommonAPI" name="@BeforeSuite extentSetup" time="0.0">
    <ignored/>
  </testcase> <!-- @BeforeSuite extentSetup -->
  <testcase classname="Base.CommonAPI" name="@BeforeSuite extentSetup" time="0.0">
    <ignored/>
  </testcase> <!-- @BeforeSuite extentSetup -->
  <testcase classname="Base.CommonAPI" name="@BeforeSuite extentSetup" time="0.0">
    <ignored/>
  </testcase> <!-- @BeforeSuite extentSetup -->
  <testcase classname="Base.CommonAPI" name="@BeforeSuite extentSetup" time="0.0">
    <ignored/>
  </testcase> <!-- @BeforeSuite extentSetup -->
  <testcase classname="Base.CommonAPI" name="@BeforeSuite extentSetup" time="0.0">
    <ignored/>
  </testcase> <!-- @BeforeSuite extentSetup -->
  <testcase classname="Base.CommonAPI" name="@BeforeSuite extentSetup" time="0.0">
    <ignored/>
  </testcase> <!-- @BeforeSuite extentSetup -->
  <testcase classname="Base.CommonAPI" name="@BeforeSuite extentSetup" time="0.0">
    <ignored/>
  </testcase> <!-- @BeforeSuite extentSetup -->
  <testcase classname="Base.CommonAPI" name="@BeforeSuite extentSetup" time="0.0">
    <ignored/>
  </testcase> <!-- @BeforeSuite extentSetup -->
  <testcase classname="Base.CommonAPI" name="@BeforeSuite extentSetup" time="0.0">
    <ignored/>
  </testcase> <!-- @BeforeSuite extentSetup -->
  <testcase classname="Base.CommonAPI" name="@BeforeSuite extentSetup" time="0.0">
    <ignored/>
  </testcase> <!-- @BeforeSuite extentSetup -->
</testsuite> <!-- Cigna -->
